#
# There is insufficient memory for the Java Runtime Environment to continue.
# Native memory allocation (malloc) failed to allocate 477776 bytes for Chunk::new
# Possible reasons:
#   The system is out of physical RAM or swap space
#   The process is running with CompressedOops enabled, and the Java Heap may be blocking the growth of the native heap
# Possible solutions:
#   Reduce memory load on the system
#   Increase physical memory or swap space
#   Check if swap backing store is full
#   Decrease Java heap size (-Xmx/-Xms)
#   Decrease number of Java threads
#   Decrease Java thread stack sizes (-Xss)
#   Set larger code cache with -XX:ReservedCodeCacheSize=
#   JVM is running with Unscaled Compressed Oops mode in which the Java heap is
#     placed in the first 4GB address space. The Java Heap base address is the
#     maximum limit for the native heap growth. Please use -XX:HeapBaseMinAddress
#     to set the Java Heap base and to place the Java Heap above 4GB virtual address.
# This output file may be truncated or incomplete.
#
#  Out of Memory Error (allocation.cpp:389), pid=5588, tid=0x0000000000000d40
#
# JRE version: OpenJDK Runtime Environment (8.0_202-b03) (build 1.8.0_202-release-1483-b03)
# Java VM: OpenJDK 64-Bit Server VM (25.202-b03 mixed mode windows-amd64 compressed oops)
# Failed to write core dump. Minidumps are not enabled by default on client versions of Windows
#

---------------  T H R E A D  ---------------

Current thread (0x0000000055ca2000):  JavaThread "C2 CompilerThread0" daemon [_thread_in_native, id=3392, stack(0x0000000056e80000,0x0000000056f80000)]

Stack: [0x0000000056e80000,0x0000000056f80000]
[error occurred during error reporting (printing stack bounds), id 0xc0000005]

Native frames: (J=compiled Java code, j=interpreted, Vv=VM code, C=native code)


Current CompileTask:
C2: 527824 12814 %     4       com.android.tools.r8.dex.DexParser::a @ 59 (1971 bytes)


---------------  P R O C E S S  ---------------

Java Threads: ( => current thread )
  0x000000005c325800 JavaThread "ForkJoinPool-3-worker-0" daemon [_thread_blocked, id=2104, stack(0x0000000062d90000,0x0000000062e90000)]
  0x000000005c325000 JavaThread "ForkJoinPool-3-worker-1" daemon [_thread_blocked, id=2512, stack(0x0000000061b40000,0x0000000061c40000)]
  0x000000005c324000 JavaThread "Cache worker for Java compile cache (C:\Users\Woozibibi\AndroidStudioProjects\NewCycle\.gradle\5.4.1\javaCompile)" [_thread_blocked, id=6072, stack(0x00000000619c0000,0x0000000061ac0000)]
  0x000000005c322800 JavaThread "Cache worker for Java compile cache (C:\Users\Woozibibi\.gradle\caches\5.4.1\javaCompile)" [_thread_blocked, id=5580, stack(0x0000000061820000,0x0000000061920000)]
  0x000000005c323800 JavaThread "WorkerExecutor Queue Thread 3" [_thread_blocked, id=1892, stack(0x000000005daa0000,0x000000005dba0000)]
  0x000000005c321000 JavaThread "stdout" [_thread_in_native, id=4032, stack(0x0000000061680000,0x0000000061780000)]
  0x000000005c320800 JavaThread "stderr" [_thread_in_native, id=5524, stack(0x0000000061010000,0x0000000061110000)]
  0x000000005c31f800 JavaThread "pool-5-thread-1" [_thread_blocked, id=1564, stack(0x0000000060bc0000,0x0000000060cc0000)]
  0x0000000058a66000 JavaThread "WorkerExecutor Queue" [_thread_in_Java, id=4512, stack(0x0000000060aa0000,0x0000000060ba0000)]
  0x0000000058a60800 JavaThread "Cache worker for execution history cache (C:\Users\Woozibibi\AndroidStudioProjects\NewCycle\.gradle\5.4.1\executionHistory)" [_thread_blocked, id=6048, stack(0x000000005fff0000,0x00000000600f0000)]
  0x0000000058a65000 JavaThread "Execution worker for ':'" [_thread_blocked, id=5392, stack(0x0000000060990000,0x0000000060a90000)]
  0x000000005ae7d000 JavaThread "Cache worker for file content cache (C:\Users\Woozibibi\AndroidStudioProjects\NewCycle\.gradle\5.4.1\fileContent)" [_thread_blocked, id=196, stack(0x000000005c990000,0x000000005ca90000)]
  0x000000005ae7c000 JavaThread "Cache worker for Build Output Cleanup Cache (C:\Users\Woozibibi\AndroidStudioProjects\NewCycle\.gradle\buildOutputCleanup)" [_thread_blocked, id=2260, stack(0x000000005d790000,0x000000005d890000)]
  0x000000005ae79000 JavaThread "Build operations Thread 2" [_thread_blocked, id=5416, stack(0x0000000059d30000,0x0000000059e30000)]
  0x000000005ae77800 JavaThread "Build operations" [_thread_blocked, id=5496, stack(0x00000000603d0000,0x00000000604d0000)]
  0x000000005ae78800 JavaThread "Cache worker for cache directory md-rule (C:\Users\Woozibibi\.gradle\caches\5.4.1\md-rule)" [_thread_blocked, id=3616, stack(0x000000005deb0000,0x000000005dfb0000)]
  0x000000005ad97800 JavaThread "Cache worker for cache directory md-supplier (C:\Users\Woozibibi\.gradle\caches\5.4.1\md-supplier)" [_thread_blocked, id=5744, stack(0x000000005d9a0000,0x000000005daa0000)]
  0x000000005ad98800 JavaThread "Cache worker for file hash cache (C:\Users\Woozibibi\AndroidStudioProjects\NewCycle\.gradle\5.4.1\fileHashes)" [_thread_blocked, id=5808, stack(0x000000005d890000,0x000000005d990000)]
  0x000000005ad99000 JavaThread "Thread-34" [_thread_blocked, id=5632, stack(0x000000005a1f0000,0x000000005a2f0000)]
  0x000000005ad9a800 JavaThread "Asynchronous log dispatcher for DefaultDaemonConnection: socket connection from /127.0.0.1:4727 to /127.0.0.1:4767" [_thread_blocked, id=3452, stack(0x0000000059f70000,0x000000005a070000)]
  0x000000005ad94800 JavaThread "Daemon worker Thread 2" [_thread_blocked, id=4120, stack(0x0000000059e30000,0x0000000059f30000)]
  0x000000005ad97000 JavaThread "Cancel handler" [_thread_blocked, id=740, stack(0x00000000597a0000,0x00000000598a0000)]
  0x000000005ad95800 JavaThread "Handler for socket connection from /127.0.0.1:4727 to /127.0.0.1:4767" [_thread_in_native, id=2008, stack(0x0000000059640000,0x0000000059740000)]
  0x000000005ad96000 JavaThread "Daemon Thread 2" [_thread_blocked, id=4972, stack(0x0000000056d80000,0x0000000056e80000)]
  0x000000005ae7b800 JavaThread "Cache worker for file content cache (C:\Users\Woozibibi\.gradle\caches\5.4.1\fileContent)" [_thread_blocked, id=3568, stack(0x00000000602a0000,0x00000000603a0000)]
  0x000000005ae7a800 JavaThread "Memory manager" [_thread_blocked, id=3712, stack(0x0000000060110000,0x0000000060210000)]
  0x000000005ae76000 JavaThread "Cache worker for execution history cache (C:\Users\Woozibibi\.gradle\caches\5.4.1\executionHistory)" [_thread_blocked, id=4184, stack(0x000000005dba0000,0x000000005dca0000)]
  0x0000000058a5f800 JavaThread "Cache worker for journal cache (C:\Users\Woozibibi\.gradle\caches\journal-1)" [_thread_blocked, id=6104, stack(0x000000005a6c0000,0x000000005a7c0000)]
  0x0000000058a5f000 JavaThread "File lock request listener" [_thread_in_native, id=5320, stack(0x000000005a0f0000,0x000000005a1f0000)]
  0x0000000057945000 JavaThread "Cache worker for file hash cache (C:\Users\Woozibibi\.gradle\caches\5.4.1\fileHashes)" [_thread_blocked, id=3012, stack(0x000000005a300000,0x000000005a400000)]
  0x0000000057d31800 JavaThread "Daemon periodic checks" [_thread_blocked, id=3320, stack(0x00000000593f0000,0x00000000594f0000)]
  0x0000000057943000 JavaThread "Incoming local TCP Connector on port 4727" [_thread_in_native, id=5612, stack(0x0000000059530000,0x0000000059630000)]
  0x0000000058774800 JavaThread "Daemon health stats" [_thread_blocked, id=5452, stack(0x00000000590a0000,0x00000000591a0000)]
  0x0000000056f90800 JavaThread "Service Thread" daemon [_thread_blocked, id=2204, stack(0x00000000573c0000,0x00000000574c0000)]
  0x0000000055cef000 JavaThread "C1 CompilerThread1" daemon [_thread_blocked, id=5828, stack(0x0000000056790000,0x0000000056890000)]
=>0x0000000055ca2000 JavaThread "C2 CompilerThread0" daemon [_thread_in_native, id=3392, stack(0x0000000056e80000,0x0000000056f80000)]
  0x0000000055ca0800 JavaThread "Attach Listener" daemon [_thread_blocked, id=5656, stack(0x0000000056c80000,0x0000000056d80000)]
  0x0000000055c9f000 JavaThread "Signal Dispatcher" daemon [_thread_blocked, id=4496, stack(0x0000000056a20000,0x0000000056b20000)]
  0x0000000055c7d000 JavaThread "Finalizer" daemon [_thread_blocked, id=6132, stack(0x0000000056b50000,0x0000000056c50000)]
  0x0000000055c74000 JavaThread "Reference Handler" daemon [_thread_blocked, id=1116, stack(0x00000000568c0000,0x00000000569c0000)]
  0x0000000001e3e800 JavaThread "main" [_thread_blocked, id=3892, stack(0x00000000020d0000,0x00000000021d0000)]

Other Threads:
  0x0000000055c2c000 VMThread [stack: 0x0000000056670000,0x0000000056770000] [id=1708]
  0x0000000056f91000 WatcherThread [stack: 0x00000000574d0000,0x00000000575d0000] [id=4836]

VM state:not at safepoint (normal execution)

VM Mutex/Monitor currently owned by a thread: None

heap address: 0x00000000a0000000, size: 1536 MB, Compressed Oops mode: 32-bit
Narrow klass base: 0x0000000000000000, Narrow klass shift: 0
Compressed class space size: 1073741824 Address: 0x0000000015300000

Heap:
 PSYoungGen      total 176128K, used 35462K [0x00000000e0000000, 0x00000000ece00000, 0x0000000100000000)
  eden space 161792K, 21% used [0x00000000e0000000,0x00000000e22a19e0,0x00000000e9e00000)
  from space 14336K, 0% used [0x00000000ec000000,0x00000000ec000000,0x00000000ece00000)
  to   space 24576K, 0% used [0x00000000e9e00000,0x00000000e9e00000,0x00000000eb600000)
 ParOldGen       total 135680K, used 46649K [0x00000000a0000000, 0x00000000a8480000, 0x00000000e0000000)
  object space 135680K, 34% used [0x00000000a0000000,0x00000000a2d8e5e8,0x00000000a8480000)
 Metaspace       used 82897K, capacity 85973K, committed 86104K, reserved 1126400K
  class space    used 11010K, capacity 11618K, committed 11648K, reserved 1048576K

Card table byte_map: [0x0000000011860000,0x0000000011b70000] byte_map_base: 0x0000000011360000

Marking Bits: (ParMarkBitMap*) 0x000000006ed29f30
 Begin Bits: [0x0000000012000000, 0x0000000013800000)
 End Bits:   [0x0000000013800000, 0x0000000015000000)

Polling page: 0x0000000000210000

CodeCache: size=245760Kb used=33704Kb max_used=33716Kb free=212055Kb
 bounds [0x00000000024a0000, 0x00000000045c0000, 0x00000000114a0000]
 total_blobs=11828 nmethods=10975 adapters=765
 compilation: enabled

Compilation events (10 events):
Event: 527.499 Thread 0x0000000055cef000 nmethod 12933 0x00000000040d4290 code [0x00000000040d4400, 0x00000000040d4788]
Event: 527.499 Thread 0x0000000055cef000 12934   !   2       com.android.tools.r8.graph.DexProgramClass::d (20 bytes)
Event: 527.500 Thread 0x0000000055cef000 nmethod 12934 0x00000000040d3bd0 code [0x00000000040d3d40, 0x00000000040d40c8]
Event: 527.500 Thread 0x0000000055cef000 12935       2       com.android.tools.r8.graph.DexEncodedMethod::a (6 bytes)
Event: 527.500 Thread 0x0000000055cef000 nmethod 12935 0x00000000040d3850 code [0x00000000040d39c0, 0x00000000040d3b48]
Event: 527.500 Thread 0x0000000055cef000 12936       2       java.util.stream.SpinedBuffer::<init> (21 bytes)
Event: 527.500 Thread 0x0000000055cef000 nmethod 12936 0x00000000040d3490 code [0x00000000040d35e0, 0x00000000040d37d0]
Event: 527.500 Thread 0x0000000055cef000 12937       2       com.android.tools.r8.graph.DexProgramClass::b (139 bytes)
Event: 527.504 Thread 0x0000000055cef000 nmethod 12937 0x00000000040d0a10 code [0x00000000040d0ca0, 0x00000000040d2258]
Event: 527.504 Thread 0x0000000055cef000 12940       2       com.android.tools.r8.graph.DexValue$j::i (1 bytes)

GC Heap History (10 events):
Event: 519.906 GC heap before
{Heap before GC invocations=25 (full 5):
 PSYoungGen      total 183296K, used 10316K [0x00000000e0000000, 0x00000000ed800000, 0x0000000100000000)
  eden space 157696K, 0% used [0x00000000e0000000,0x00000000e0000000,0x00000000e9a00000)
  from space 25600K, 40% used [0x00000000ebf00000,0x00000000ec9130a8,0x00000000ed800000)
  to   space 23552K, 0% used [0x00000000e9a00000,0x00000000e9a00000,0x00000000eb100000)
 ParOldGen       total 135680K, used 62184K [0x00000000a0000000, 0x00000000a8480000, 0x00000000e0000000)
  object space 135680K, 45% used [0x00000000a0000000,0x00000000a3cba270,0x00000000a8480000)
 Metaspace       used 81502K, capacity 84232K, committed 84312K, reserved 1126400K
  class space    used 10765K, capacity 11369K, committed 11392K, reserved 1048576K
Event: 520.368 GC heap after
Heap after GC invocations=25 (full 5):
 PSYoungGen      total 183296K, used 0K [0x00000000e0000000, 0x00000000ed800000, 0x0000000100000000)
  eden space 157696K, 0% used [0x00000000e0000000,0x00000000e0000000,0x00000000e9a00000)
  from space 25600K, 0% used [0x00000000ebf00000,0x00000000ebf00000,0x00000000ed800000)
  to   space 23552K, 0% used [0x00000000e9a00000,0x00000000e9a00000,0x00000000eb100000)
 ParOldGen       total 135680K, used 54662K [0x00000000a0000000, 0x00000000a8480000, 0x00000000e0000000)
  object space 135680K, 40% used [0x00000000a0000000,0x00000000a3561a40,0x00000000a8480000)
 Metaspace       used 81502K, capacity 84232K, committed 84312K, reserved 1124352K
  class space    used 10765K, capacity 11369K, committed 11392K, reserved 1048576K
}
Event: 520.373 GC heap before
{Heap before GC invocations=26 (full 5):
 PSYoungGen      total 183296K, used 177K [0x00000000e0000000, 0x00000000ed800000, 0x0000000100000000)
  eden space 157696K, 0% used [0x00000000e0000000,0x00000000e002c688,0x00000000e9a00000)
  from space 25600K, 0% used [0x00000000ebf00000,0x00000000ebf00000,0x00000000ed800000)
  to   space 23552K, 0% used [0x00000000e9a00000,0x00000000e9a00000,0x00000000eb100000)
 ParOldGen       total 135680K, used 54662K [0x00000000a0000000, 0x00000000a8480000, 0x00000000e0000000)
  object space 135680K, 40% used [0x00000000a0000000,0x00000000a3561a40,0x00000000a8480000)
 Metaspace       used 81503K, capacity 84232K, committed 84312K, reserved 1128448K
  class space    used 10766K, capacity 11369K, committed 11392K, reserved 1048576K
Event: 520.378 GC heap after
Heap after GC invocations=26 (full 5):
 PSYoungGen      total 181248K, used 64K [0x00000000e0000000, 0x00000000ed800000, 0x0000000100000000)
  eden space 157696K, 0% used [0x00000000e0000000,0x00000000e0000000,0x00000000e9a00000)
  from space 23552K, 0% used [0x00000000e9a00000,0x00000000e9a10000,0x00000000eb100000)
  to   space 24576K, 0% used [0x00000000ec000000,0x00000000ec000000,0x00000000ed800000)
 ParOldGen       total 135680K, used 54662K [0x00000000a0000000, 0x00000000a8480000, 0x00000000e0000000)
  object space 135680K, 40% used [0x00000000a0000000,0x00000000a3561a40,0x00000000a8480000)
 Metaspace       used 81503K, capacity 84232K, committed 84312K, reserved 1128448K
  class space    used 10766K, capacity 11369K, committed 11392K, reserved 1048576K
}
Event: 520.378 GC heap before
{Heap before GC invocations=27 (full 6):
 PSYoungGen      total 181248K, used 64K [0x00000000e0000000, 0x00000000ed800000, 0x0000000100000000)
  eden space 157696K, 0% used [0x00000000e0000000,0x00000000e0000000,0x00000000e9a00000)
  from space 23552K, 0% used [0x00000000e9a00000,0x00000000e9a10000,0x00000000eb100000)
  to   space 24576K, 0% used [0x00000000ec000000,0x00000000ec000000,0x00000000ed800000)
 ParOldGen       total 135680K, used 54662K [0x00000000a0000000, 0x00000000a8480000, 0x00000000e0000000)
  object space 135680K, 40% used [0x00000000a0000000,0x00000000a3561a40,0x00000000a8480000)
 Metaspace       used 81503K, capacity 84232K, committed 84312K, reserved 1128448K
  class space    used 10766K, capacity 11369K, committed 11392K, reserved 1048576K
Event: 520.736 GC heap after
Heap after GC invocations=27 (full 6):
 PSYoungGen      total 181248K, used 0K [0x00000000e0000000, 0x00000000ed800000, 0x0000000100000000)
  eden space 157696K, 0% used [0x00000000e0000000,0x00000000e0000000,0x00000000e9a00000)
  from space 23552K, 0% used [0x00000000e9a00000,0x00000000e9a00000,0x00000000eb100000)
  to   space 24576K, 0% used [0x00000000ec000000,0x00000000ec000000,0x00000000ed800000)
 ParOldGen       total 135680K, used 47414K [0x00000000a0000000, 0x00000000a8480000, 0x00000000e0000000)
  object space 135680K, 34% used [0x00000000a0000000,0x00000000a2e4d930,0x00000000a8480000)
 Metaspace       used 81503K, capacity 84232K, committed 84312K, reserved 1124352K
  class space    used 10766K, capacity 11369K, committed 11392K, reserved 1048576K
}
Event: 520.959 GC heap before
{Heap before GC invocations=28 (full 6):
 PSYoungGen      total 181248K, used 1815K [0x00000000e0000000, 0x00000000ed800000, 0x0000000100000000)
  eden space 157696K, 1% used [0x00000000e0000000,0x00000000e01c5f30,0x00000000e9a00000)
  from space 23552K, 0% used [0x00000000e9a00000,0x00000000e9a00000,0x00000000eb100000)
  to   space 24576K, 0% used [0x00000000ec000000,0x00000000ec000000,0x00000000ed800000)
 ParOldGen       total 135680K, used 47414K [0x00000000a0000000, 0x00000000a8480000, 0x00000000e0000000)
  object space 135680K, 34% used [0x00000000a0000000,0x00000000a2e4d930,0x00000000a8480000)
 Metaspace       used 81726K, capacity 84547K, committed 84568K, reserved 1124352K
  class space    used 10800K, capacity 11392K, committed 11392K, reserved 1048576K
Event: 520.985 GC heap after
Heap after GC invocations=28 (full 6):
 PSYoungGen      total 176128K, used 448K [0x00000000e0000000, 0x00000000ece00000, 0x0000000100000000)
  eden space 161792K, 0% used [0x00000000e0000000,0x00000000e0000000,0x00000000e9e00000)
  from space 14336K, 3% used [0x00000000ec000000,0x00000000ec070040,0x00000000ece00000)
  to   space 24576K, 0% used [0x00000000e9e00000,0x00000000e9e00000,0x00000000eb600000)
 ParOldGen       total 135680K, used 47414K [0x00000000a0000000, 0x00000000a8480000, 0x00000000e0000000)
  object space 135680K, 34% used [0x00000000a0000000,0x00000000a2e4d930,0x00000000a8480000)
 Metaspace       used 81726K, capacity 84547K, committed 84568K, reserved 1124352K
  class space    used 10800K, capacity 11392K, committed 11392K, reserved 1048576K
}
Event: 520.985 GC heap before
{Heap before GC invocations=29 (full 7):
 PSYoungGen      total 176128K, used 448K [0x00000000e0000000, 0x00000000ece00000, 0x0000000100000000)
  eden space 161792K, 0% used [0x00000000e0000000,0x00000000e0000000,0x00000000e9e00000)
  from space 14336K, 3% used [0x00000000ec000000,0x00000000ec070040,0x00000000ece00000)
  to   space 24576K, 0% used [0x00000000e9e00000,0x00000000e9e00000,0x00000000eb600000)
 ParOldGen       total 135680K, used 47414K [0x00000000a0000000, 0x00000000a8480000, 0x00000000e0000000)
  object space 135680K, 34% used [0x00000000a0000000,0x00000000a2e4d930,0x00000000a8480000)
 Metaspace       used 81726K, capacity 84547K, committed 84568K, reserved 1124352K
  class space    used 10800K, capacity 11392K, committed 11392K, reserved 1048576K
Event: 521.904 GC heap after
Heap after GC invocations=29 (full 7):
 PSYoungGen      total 176128K, used 0K [0x00000000e0000000, 0x00000000ece00000, 0x0000000100000000)
  eden space 161792K, 0% used [0x00000000e0000000,0x00000000e0000000,0x00000000e9e00000)
  from space 14336K, 0% used [0x00000000ec000000,0x00000000ec000000,0x00000000ece00000)
  to   space 24576K, 0% used [0x00000000e9e00000,0x00000000e9e00000,0x00000000eb600000)
 ParOldGen       total 135680K, used 46649K [0x00000000a0000000, 0x00000000a8480000, 0x00000000e0000000)
  object space 135680K, 34% used [0x00000000a0000000,0x00000000a2d8e5e8,0x00000000a8480000)
 Metaspace       used 81726K, capacity 84547K, committed 84568K, reserved 1124352K
  class space    used 10800K, capacity 11392K, committed 11392K, reserved 1048576K
}

Deoptimization events (10 events):
Event: 520.810 Thread 0x000000005c323800 Uncommon trap: reason=array_check action=maybe_recompile pc=0x0000000004578d84 method=java.util.TimSort.reverseRange([Ljava/lang/Object;II)V @ 20
Event: 520.810 Thread 0x000000005c323800 Uncommon trap: reason=array_check action=maybe_recompile pc=0x0000000004578d84 method=java.util.TimSort.reverseRange([Ljava/lang/Object;II)V @ 20
Event: 520.810 Thread 0x000000005c323800 Uncommon trap: reason=array_check action=maybe_recompile pc=0x0000000004578d84 method=java.util.TimSort.reverseRange([Ljava/lang/Object;II)V @ 20
Event: 521.930 Thread 0x000000005c323800 Uncommon trap: reason=unstable_if action=reinterpret pc=0x00000000026a2a9c method=java.util.IdentityHashMap.containsKey(Ljava/lang/Object;)Z @ 31
Event: 523.043 Thread 0x000000005ad94800 Uncommon trap: reason=class_check action=maybe_recompile pc=0x0000000003ef1738 method=com.google.gson.stream.JsonWriter.string(Ljava/lang/String;)V @ 117
Event: 527.325 Thread 0x000000005c325000 Uncommon trap: reason=unstable_if action=reinterpret pc=0x000000000382eeec method=java.util.Arrays.hashCode([Ljava/lang/Object;)I @ 1
Event: 527.327 Thread 0x000000005c325000 Uncommon trap: reason=unstable_if action=reinterpret pc=0x0000000003fb849c method=java.util.Arrays.equals([B[B)Z @ 2
Event: 527.378 Thread 0x000000005c325800 Uncommon trap: reason=unstable_if action=reinterpret pc=0x00000000045a4df0 method=com.android.tools.r8.graph.DexString.slowCompareTo(Lcom/android/tools/r8/graph/DexString;)I @ 141
Event: 527.492 Thread 0x0000000058a66000 Uncommon trap: reason=array_check action=maybe_recompile pc=0x0000000003fc3f24 method=java.util.TimSort.reverseRange([Ljava/lang/Object;II)V @ 27
Event: 527.492 Thread 0x0000000058a66000 Uncommon trap: reason=array_check action=maybe_recompile pc=0x0000000003fc3f24 method=java.util.TimSort.reverseRange([Ljava/lang/Object;II)V @ 27

Classes redefined (0 events):
No events

Internal exceptions (10 events):
Event: 522.804 Thread 0x000000005c323800 Exception <a 'sun/nio/fs/WindowsException'> (0x00000000e087eb30) thrown at [D:\src\AOSP-openjdk-cygwin\jdk8u\hotspot\src\share\vm\prims\jni.cpp, line 710]
Event: 522.810 Thread 0x000000005c323800 Exception <a 'sun/nio/fs/WindowsException'> (0x00000000e08851d0) thrown at [D:\src\AOSP-openjdk-cygwin\jdk8u\hotspot\src\share\vm\prims\jni.cpp, line 710]
Event: 522.812 Thread 0x000000005c323800 Exception <a 'sun/nio/fs/WindowsException'> (0x00000000e094c790) thrown at [D:\src\AOSP-openjdk-cygwin\jdk8u\hotspot\src\share\vm\prims\jni.cpp, line 710]
Event: 522.967 Thread 0x000000005c323800 Exception <a 'sun/nio/fs/WindowsException'> (0x00000000e09558e0) thrown at [D:\src\AOSP-openjdk-cygwin\jdk8u\hotspot\src\share\vm\prims\jni.cpp, line 710]
Event: 522.997 Thread 0x000000005c323800 Exception <a 'sun/nio/fs/WindowsException'> (0x00000000e095e8d0) thrown at [D:\src\AOSP-openjdk-cygwin\jdk8u\hotspot\src\share\vm\prims\jni.cpp, line 710]
Event: 523.031 Thread 0x000000005c323800 Exception <a 'sun/nio/fs/WindowsException'> (0x00000000e0a31570) thrown at [D:\src\AOSP-openjdk-cygwin\jdk8u\hotspot\src\share\vm\prims\jni.cpp, line 710]
Event: 523.036 Thread 0x000000005c323800 Exception <a 'sun/nio/fs/WindowsException'> (0x00000000e0a43648) thrown at [D:\src\AOSP-openjdk-cygwin\jdk8u\hotspot\src\share\vm\prims\jni.cpp, line 710]
Event: 523.177 Thread 0x000000005ad94800 Exception <a 'java/lang/NoSuchMethodError': <clinit>> (0x00000000e0de9ba8) thrown at [D:\src\AOSP-openjdk-cygwin\jdk8u\hotspot\src\share\vm\prims\jni.cpp, line 1614]
Event: 527.110 Thread 0x0000000058a66000 Exception <a 'sun/nio/fs/WindowsException'> (0x00000000e1389420) thrown at [D:\src\AOSP-openjdk-cygwin\jdk8u\hotspot\src\share\vm\prims\jni.cpp, line 710]
Event: 527.325 Thread 0x000000005c325000 Implicit null exception at 0x000000000382edef to 0x000000000382eedd

Events (10 events):
Event: 527.492 Thread 0x0000000058a66000 Uncommon trap: trap_request=0xffffffd6 fr.pc=0x0000000003fc3f24
Event: 527.492 Thread 0x0000000058a66000 DEOPT PACKING pc=0x0000000003fc3f24 sp=0x0000000060b9df50
Event: 527.492 Thread 0x0000000058a66000 DEOPT UNPACKING pc=0x00000000024e557b sp=0x0000000060b9de30 mode 2
Event: 527.492 Thread 0x0000000058a66000 Uncommon trap: trap_request=0xffffffd6 fr.pc=0x0000000003fc3f24
Event: 527.492 Thread 0x0000000058a66000 DEOPT PACKING pc=0x0000000003fc3f24 sp=0x0000000060b9df50
Event: 527.492 Thread 0x0000000058a66000 DEOPT UNPACKING pc=0x00000000024e557b sp=0x0000000060b9de30 mode 2
Event: 527.502 loading class com/android/tools/r8/naming/ClassNameMapper
Event: 527.502 loading class com/android/tools/r8/naming/ClassNameMapper done
Event: 527.503 loading class com/android/tools/r8/naming/z
Event: 527.503 loading class com/android/tools/r8/naming/z done


Dynamic libraries:
0x000000013fa30000 - 0x000000013fa61000 	C:\Program Files\Android\Android Studio\jre\bin\java.exe
0x0000000077870000 - 0x0000000077a19000 	C:\Windows\SYSTEM32\ntdll.dll
0x0000000077650000 - 0x000000007776f000 	C:\Windows\system32\kernel32.dll
0x000007fefdb00000 - 0x000007fefdb6b000 	C:\Windows\system32\KERNELBASE.dll
0x000007fefdb90000 - 0x000007fefdc6b000 	C:\Windows\system32\ADVAPI32.dll
0x000007fefddf0000 - 0x000007fefde8f000 	C:\Windows\system32\msvcrt.dll
0x000007fefdc70000 - 0x000007fefdc8f000 	C:\Windows\SYSTEM32\sechost.dll
0x000007fefe2e0000 - 0x000007fefe40d000 	C:\Windows\system32\RPCRT4.dll
0x0000000077770000 - 0x000000007786a000 	C:\Windows\system32\USER32.dll
0x000007fefdf90000 - 0x000007fefdff7000 	C:\Windows\system32\GDI32.dll
0x000007fefea50000 - 0x000007fefea5e000 	C:\Windows\system32\LPK.dll
0x000007fefe210000 - 0x000007fefe2d9000 	C:\Windows\system32\USP10.dll
0x000007fefc290000 - 0x000007fefc484000 	C:\Windows\WinSxS\amd64_microsoft.windows.common-controls_6595b64144ccf1df_6.0.7601.17514_none_fa396087175ac9ac\COMCTL32.dll
0x000007fefe9d0000 - 0x000007fefea41000 	C:\Windows\system32\SHLWAPI.dll
0x000007feff970000 - 0x000007feff99e000 	C:\Windows\system32\IMM32.DLL
0x000007fefe480000 - 0x000007fefe589000 	C:\Windows\system32\MSCTF.dll
0x0000000070e80000 - 0x0000000070f52000 	C:\Program Files\Android\Android Studio\jre\jre\bin\msvcr100.dll
0x000000006e560000 - 0x000000006eda6000 	C:\Program Files\Android\Android Studio\jre\jre\bin\server\jvm.dll
0x000007fefaa50000 - 0x000007fefaa59000 	C:\Windows\system32\WSOCK32.dll
0x000007fefe430000 - 0x000007fefe47d000 	C:\Windows\system32\WS2_32.dll
0x000007fefe760000 - 0x000007fefe768000 	C:\Windows\system32\NSI.dll
0x000007fef40e0000 - 0x000007fef411b000 	C:\Windows\system32\WINMM.dll
0x000007fefc920000 - 0x000007fefc92c000 	C:\Windows\system32\VERSION.dll
0x0000000077a40000 - 0x0000000077a47000 	C:\Windows\system32\PSAPI.DLL
0x000007fef3e30000 - 0x000007fef3e3f000 	C:\Program Files\Android\Android Studio\jre\jre\bin\verify.dll
0x000007fef3c20000 - 0x000007fef3c49000 	C:\Program Files\Android\Android Studio\jre\jre\bin\java.dll
0x000007fef3e10000 - 0x000007fef3e26000 	C:\Program Files\Android\Android Studio\jre\jre\bin\zip.dll
0x000007fefebe0000 - 0x000007feff968000 	C:\Windows\system32\SHELL32.dll
0x000007fefe000000 - 0x000007fefe203000 	C:\Windows\system32\ole32.dll
0x000007fefd7c0000 - 0x000007fefd7cf000 	C:\Windows\system32\profapi.dll
0x000007fef3c00000 - 0x000007fef3c1a000 	C:\Program Files\Android\Android Studio\jre\jre\bin\net.dll
0x000007fefcff0000 - 0x000007fefd045000 	C:\Windows\system32\mswsock.dll
0x000007fefcfe0000 - 0x000007fefcfe7000 	C:\Windows\System32\wship6.dll
0x000007fef3a70000 - 0x000007fef3a81000 	C:\Program Files\Android\Android Studio\jre\jre\bin\nio.dll
0x000007fef2f90000 - 0x000007fef2fb6000 	C:\Users\Woozibibi\.gradle\native\29\windows-amd64\native-platform.dll
0x000007fef9bb0000 - 0x000007fef9bb3000 	C:\Windows\system32\api-ms-win-core-synch-l1-2-0.DLL
0x000007fef43f0000 - 0x000007fef43fd000 	C:\Program Files\Android\Android Studio\jre\jre\bin\management.dll
0x000007fefd050000 - 0x000007fefd067000 	C:\Windows\system32\CRYPTSP.dll
0x000007fefcd50000 - 0x000007fefcd97000 	C:\Windows\system32\rsaenh.dll
0x000007fefcb10000 - 0x000007fefcb2e000 	C:\Windows\system32\USERENV.dll
0x000007fefd6f0000 - 0x000007fefd6ff000 	C:\Windows\system32\CRYPTBASE.dll
0x000007fefb1d0000 - 0x000007fefb1f7000 	C:\Windows\system32\IPHLPAPI.DLL
0x000007fefb1c0000 - 0x000007fefb1cb000 	C:\Windows\system32\WINNSI.DLL
0x000007fefafb0000 - 0x000007fefafc1000 	C:\Windows\system32\dhcpcsvc6.DLL
0x000007fefaeb0000 - 0x000007fefaec8000 	C:\Windows\system32\dhcpcsvc.DLL
0x000007fefd690000 - 0x000007fefd6e7000 	C:\Windows\system32\apphelp.dll

VM Arguments:
jvm_args: -Xmx1536m -Dfile.encoding=windows-1252 -Duser.country=US -Duser.language=en -Duser.variant 
java_command: org.gradle.launcher.daemon.bootstrap.GradleDaemon 5.4.1
java_class_path (initial): C:\Users\Woozibibi\.gradle\wrapper\dists\gradle-5.4.1-all\3221gyojl5jsh0helicew7rwx\gradle-5.4.1\lib\gradle-launcher-5.4.1.jar
Launcher Type: SUN_STANDARD

Environment Variables:
PATH=C:\Program Files (x86)\Common Files\Oracle\Java\javapath;C:\Users\Woozibibi\AppData\Local\Android\Sdk\tools;C:\Users\Woozibibi\AppData\Local\Android\Sdk\platform-tools;C:\Program Files\Git\cmd;C:\Users\Woozibibi\AppData\Local\Android\Sdk\ndk\20.0.5594570;C:\Windows\System32
USERNAME=Woozibibi
OS=Windows_NT
PROCESSOR_IDENTIFIER=Intel64 Family 6 Model 15 Stepping 2, GenuineIntel



---------------  S Y S T E M  ---------------

OS: Windows 7 , 64 bit Build 7601 (6.1.7601.17514)

CPU:total 2 (initial active 2) (2 cores per cpu, 1 threads per core) family 6 model 15 stepping 2, cmov, cx8, fxsr, mmx, sse, sse2, sse3, ssse3, tsc

Memory: 4k page, physical 3397756k(147444k free), swap 4067780k(5688k free)

vm_info: OpenJDK 64-Bit Server VM (25.202-b03) for windows-amd64 JRE (1.8.0_202-release-1483-b03), built by "builder" with MS VC++ 10.0 (VS2010)

time: Thu Jul 09 06:12:11 2020
timezone: China Standard Time
elapsed time: 527 seconds (0d 0h 8m 47s)

