#
# There is insufficient memory for the Java Runtime Environment to continue.
# Native memory allocation (malloc) failed to allocate 39472 bytes for Chunk::new
# Possible reasons:
#   The system is out of physical RAM or swap space
#   The process is running with CompressedOops enabled, and the Java Heap may be blocking the growth of the native heap
# Possible solutions:
#   Reduce memory load on the system
#   Increase physical memory or swap space
#   Check if swap backing store is full
#   Decrease Java heap size (-Xmx/-Xms)
#   Decrease number of Java threads
#   Decrease Java thread stack sizes (-Xss)
#   Set larger code cache with -XX:ReservedCodeCacheSize=
#   JVM is running with Unscaled Compressed Oops mode in which the Java heap is
#     placed in the first 4GB address space. The Java Heap base address is the
#     maximum limit for the native heap growth. Please use -XX:HeapBaseMinAddress
#     to set the Java Heap base and to place the Java Heap above 4GB virtual address.
# This output file may be truncated or incomplete.
#
#  Out of Memory Error (allocation.cpp:389), pid=5064, tid=0x0000000000002030
#
# JRE version: OpenJDK Runtime Environment (8.0_202-b03) (build 1.8.0_202-release-1483-b03)
# Java VM: OpenJDK 64-Bit Server VM (25.202-b03 mixed mode windows-amd64 compressed oops)
# Failed to write core dump. Minidumps are not enabled by default on client versions of Windows
#

---------------  T H R E A D  ---------------

Current thread (0x0000000055de7000):  JavaThread "C2 CompilerThread0" daemon [_thread_in_native, id=8240, stack(0x0000000056e50000,0x0000000056f50000)]

Stack: [0x0000000056e50000,0x0000000056f50000]
[error occurred during error reporting (printing stack bounds), id 0xc0000005]

Native frames: (J=compiled Java code, j=interpreted, Vv=VM code, C=native code)


Current CompileTask:
C2: 169333 6803   !   4       java.nio.file.FileTreeWalker::next (144 bytes)


---------------  P R O C E S S  ---------------

Java Threads: ( => current thread )
  0x000000005b7eb000 JavaThread "Cache worker for execution history cache (C:\Users\Woozibibi\AndroidStudioProjects\NewCycle\.gradle\5.4.1\executionHistory)" [_thread_blocked, id=7196, stack(0x0000000061410000,0x0000000061510000)]
  0x000000005bf17000 JavaThread "Execution worker for ':'" [_thread_blocked, id=5136, stack(0x00000000611d0000,0x00000000612d0000)]
  0x000000005bf16000 JavaThread "Cache worker for file content cache (C:\Users\Woozibibi\AndroidStudioProjects\NewCycle\.gradle\5.4.1\fileContent)" [_thread_blocked, id=7224, stack(0x00000000609d0000,0x0000000060ad0000)]
  0x000000005bf15800 JavaThread "Cache worker for file content cache (C:\Users\Woozibibi\.gradle\caches\5.4.1\fileContent)" [_thread_blocked, id=4100, stack(0x000000005a300000,0x000000005a400000)]
  0x000000005bf14800 JavaThread "Memory manager" [_thread_blocked, id=7240, stack(0x0000000060830000,0x0000000060930000)]
  0x000000005bf13000 JavaThread "Cache worker for Build Output Cleanup Cache (C:\Users\Woozibibi\AndroidStudioProjects\NewCycle\.gradle\buildOutputCleanup)" [_thread_blocked, id=7368, stack(0x000000005ecc0000,0x000000005edc0000)]
  0x000000005bf12800 JavaThread "Build operations Thread 2" [_thread_blocked, id=8084, stack(0x000000005ddd0000,0x000000005ded0000)]
  0x000000005bf11800 JavaThread "Build operations" [_thread_blocked, id=8108, stack(0x000000005e580000,0x000000005e680000)]
  0x000000005bf11000 JavaThread "Cache worker for execution history cache (C:\Users\Woozibibi\.gradle\caches\5.4.1\executionHistory)" [_thread_blocked, id=2620, stack(0x000000005e220000,0x000000005e320000)]
  0x000000005bf10000 JavaThread "Cache worker for cache directory md-rule (C:\Users\Woozibibi\.gradle\caches\5.4.1\md-rule)" [_thread_blocked, id=1512, stack(0x000000005e030000,0x000000005e130000)]
  0x00000000587f3000 JavaThread "Cache worker for cache directory md-supplier (C:\Users\Woozibibi\.gradle\caches\5.4.1\md-supplier)" [_thread_blocked, id=8044, stack(0x000000005df00000,0x000000005e000000)]
  0x00000000587ee000 JavaThread "Cache worker for file hash cache (C:\Users\Woozibibi\AndroidStudioProjects\NewCycle\.gradle\5.4.1\fileHashes)" [_thread_blocked, id=4060, stack(0x000000005ccd0000,0x000000005cdd0000)]
  0x00000000587ed000 JavaThread "Cache worker for journal cache (C:\Users\Woozibibi\.gradle\caches\journal-1)" [_thread_blocked, id=7948, stack(0x000000005a9e0000,0x000000005aae0000)]
  0x00000000587ec800 JavaThread "File lock request listener" [_thread_in_native, id=5404, stack(0x000000005a840000,0x000000005a940000)]
  0x000000005892b000 JavaThread "Cache worker for file hash cache (C:\Users\Woozibibi\.gradle\caches\5.4.1\fileHashes)" [_thread_blocked, id=7916, stack(0x000000005a1a0000,0x000000005a2a0000)]
  0x0000000058025000 JavaThread "Thread-9" [_thread_blocked, id=7804, stack(0x000000005a480000,0x000000005a580000)]
  0x0000000057f81800 JavaThread "Asynchronous log dispatcher for DefaultDaemonConnection: socket connection from /127.0.0.1:4855 to /127.0.0.1:4856" [_thread_blocked, id=7924, stack(0x00000000594c0000,0x00000000595c0000)]
  0x000000005818a800 JavaThread "Daemon worker" [_thread_in_native, id=1436, stack(0x000000005a090000,0x000000005a190000)]
  0x00000000572dc000 JavaThread "Cancel handler" [_thread_blocked, id=3636, stack(0x0000000059ea0000,0x0000000059fa0000)]
  0x00000000580d1000 JavaThread "Handler for socket connection from /127.0.0.1:4855 to /127.0.0.1:4856" [_thread_in_native, id=7720, stack(0x0000000059a90000,0x0000000059b90000)]
  0x0000000057b72800 JavaThread "Daemon" [_thread_blocked, id=4296, stack(0x0000000059920000,0x0000000059a20000)]
  0x00000000572e7800 JavaThread "Daemon periodic checks" [_thread_blocked, id=7596, stack(0x0000000059770000,0x0000000059870000)]
  0x00000000580d4000 JavaThread "Incoming local TCP Connector on port 4855" [_thread_in_native, id=7572, stack(0x0000000059600000,0x0000000059700000)]
  0x0000000057339800 JavaThread "Daemon health stats" [_thread_blocked, id=4328, stack(0x0000000059150000,0x0000000059250000)]
  0x0000000055e3e000 JavaThread "Service Thread" daemon [_thread_blocked, id=3880, stack(0x0000000056fa0000,0x00000000570a0000)]
  0x0000000055e3c000 JavaThread "C1 CompilerThread1" daemon [_thread_blocked, id=1892, stack(0x00000000570b0000,0x00000000571b0000)]
=>0x0000000055de7000 JavaThread "C2 CompilerThread0" daemon [_thread_in_native, id=8240, stack(0x0000000056e50000,0x0000000056f50000)]
  0x0000000055de5800 JavaThread "Attach Listener" daemon [_thread_blocked, id=6028, stack(0x0000000056cc0000,0x0000000056dc0000)]
  0x0000000055de4800 JavaThread "Signal Dispatcher" daemon [_thread_blocked, id=2512, stack(0x0000000056a70000,0x0000000056b70000)]
  0x0000000055dc0800 JavaThread "Finalizer" daemon [_thread_blocked, id=1564, stack(0x0000000056b80000,0x0000000056c80000)]
  0x0000000055db7800 JavaThread "Reference Handler" daemon [_thread_blocked, id=5676, stack(0x00000000568b0000,0x00000000569b0000)]
  0x0000000001e9e800 JavaThread "main" [_thread_blocked, id=3460, stack(0x0000000002090000,0x0000000002190000)]

Other Threads:
  0x0000000055d70000 VMThread [stack: 0x0000000056790000,0x0000000056890000] [id=6012]
  0x0000000055e3f000 WatcherThread [stack: 0x0000000057730000,0x0000000057830000] [id=5316]

VM state:not at safepoint (normal execution)

VM Mutex/Monitor currently owned by a thread: None

heap address: 0x00000000a0000000, size: 1536 MB, Compressed Oops mode: 32-bit
Narrow klass base: 0x0000000000000000, Narrow klass shift: 0
Compressed class space size: 1073741824 Address: 0x0000000015440000

Heap:
 PSYoungGen      total 138240K, used 92780K [0x00000000e0000000, 0x00000000e9480000, 0x0000000100000000)
  eden space 124928K, 74% used [0x00000000e0000000,0x00000000e5a9b3f8,0x00000000e7a00000)
  from space 13312K, 0% used [0x00000000e8700000,0x00000000e8700000,0x00000000e9400000)
  to   space 13312K, 0% used [0x00000000e7a00000,0x00000000e7a00000,0x00000000e8700000)
 ParOldGen       total 62464K, used 32114K [0x00000000a0000000, 0x00000000a3d00000, 0x00000000e0000000)
  object space 62464K, 51% used [0x00000000a0000000,0x00000000a1f5cbc8,0x00000000a3d00000)
 Metaspace       used 59577K, capacity 61411K, committed 61528K, reserved 1101824K
  class space    used 8096K, capacity 8511K, committed 8576K, reserved 1048576K

Card table byte_map: [0x0000000011820000,0x0000000011b30000] byte_map_base: 0x0000000011320000

Marking Bits: (ParMarkBitMap*) 0x000000006ed29f30
 Begin Bits: [0x0000000012140000, 0x0000000013940000)
 End Bits:   [0x0000000013940000, 0x0000000015140000)

Polling page: 0x0000000000110000

CodeCache: size=245760Kb used=18500Kb max_used=18507Kb free=227259Kb
 bounds [0x0000000002460000, 0x0000000003690000, 0x0000000011460000]
 total_blobs=6889 nmethods=6100 adapters=703
 compilation: enabled

Compilation events (10 events):
Event: 168.515 Thread 0x0000000055de7000 nmethod 6798 0x0000000003682b10 code [0x0000000003682d00, 0x0000000003683dd8]
Event: 168.515 Thread 0x0000000055de7000 6799   !   4       sun.nio.fs.WindowsDirectoryStream$WindowsDirectoryIterator::readNextEntry (192 bytes)
Event: 168.542 Thread 0x0000000055de7000 nmethod 6799 0x0000000003684d10 code [0x0000000003684f00, 0x0000000003685d38]
Event: 168.542 Thread 0x0000000055de7000 6800       4       com.google.common.cache.LocalCache$Segment::scheduleRefresh (66 bytes)
Event: 168.544 Thread 0x0000000055de7000 nmethod 6800 0x0000000003679550 code [0x0000000003679680, 0x0000000003679738]
Event: 168.560 Thread 0x0000000055e3c000 6801       3       java.util.RegularEnumSet$EnumSetIterator::<init> (23 bytes)
Event: 168.561 Thread 0x0000000055e3c000 nmethod 6801 0x0000000003682650 code [0x00000000036827c0, 0x0000000003682a10]
Event: 168.975 Thread 0x0000000055de7000 6802       4       com.google.common.base.Predicates$OrPredicate::apply (47 bytes)
Event: 168.984 Thread 0x0000000055de7000 nmethod 6802 0x0000000003680490 code [0x0000000003680620, 0x0000000003680a98]
Event: 169.026 Thread 0x0000000055de7000 6803   !   4       java.nio.file.FileTreeWalker::next (144 bytes)

GC Heap History (10 events):
Event: 81.560 GC heap before
{Heap before GC invocations=19 (full 2):
 PSYoungGen      total 84992K, used 4716K [0x00000000e0000000, 0x00000000e7500000, 0x0000000100000000)
  eden space 78848K, 0% used [0x00000000e0000000,0x00000000e0000000,0x00000000e4d00000)
  from space 6144K, 76% used [0x00000000e4d00000,0x00000000e519b268,0x00000000e5300000)
  to   space 6144K, 0% used [0x00000000e6f00000,0x00000000e6f00000,0x00000000e7500000)
 ParOldGen       total 24576K, used 13969K [0x00000000a0000000, 0x00000000a1800000, 0x00000000e0000000)
  object space 24576K, 56% used [0x00000000a0000000,0x00000000a0da4688,0x00000000a1800000)
 Metaspace       used 34700K, capacity 35388K, committed 35456K, reserved 1079296K
  class space    used 4785K, capacity 4984K, committed 4992K, reserved 1048576K
Event: 81.949 GC heap after
Heap after GC invocations=19 (full 2):
 PSYoungGen      total 84992K, used 0K [0x00000000e0000000, 0x00000000e7500000, 0x0000000100000000)
  eden space 78848K, 0% used [0x00000000e0000000,0x00000000e0000000,0x00000000e4d00000)
  from space 6144K, 0% used [0x00000000e4d00000,0x00000000e4d00000,0x00000000e5300000)
  to   space 6144K, 0% used [0x00000000e6f00000,0x00000000e6f00000,0x00000000e7500000)
 ParOldGen       total 37888K, used 16878K [0x00000000a0000000, 0x00000000a2500000, 0x00000000e0000000)
  object space 37888K, 44% used [0x00000000a0000000,0x00000000a107bb18,0x00000000a2500000)
 Metaspace       used 34700K, capacity 35388K, committed 35456K, reserved 1079296K
  class space    used 4785K, capacity 4984K, committed 4992K, reserved 1048576K
}
Event: 110.909 GC heap before
{Heap before GC invocations=20 (full 2):
 PSYoungGen      total 84992K, used 78848K [0x00000000e0000000, 0x00000000e7500000, 0x0000000100000000)
  eden space 78848K, 100% used [0x00000000e0000000,0x00000000e4d00000,0x00000000e4d00000)
  from space 6144K, 0% used [0x00000000e4d00000,0x00000000e4d00000,0x00000000e5300000)
  to   space 6144K, 0% used [0x00000000e6f00000,0x00000000e6f00000,0x00000000e7500000)
 ParOldGen       total 37888K, used 16878K [0x00000000a0000000, 0x00000000a2500000, 0x00000000e0000000)
  object space 37888K, 44% used [0x00000000a0000000,0x00000000a107bb18,0x00000000a2500000)
 Metaspace       used 43474K, capacity 44346K, committed 44544K, reserved 1087488K
  class space    used 5878K, capacity 6123K, committed 6144K, reserved 1048576K
Event: 110.946 GC heap after
Heap after GC invocations=20 (full 2):
 PSYoungGen      total 106496K, used 6124K [0x00000000e0000000, 0x00000000e7500000, 0x0000000100000000)
  eden space 100352K, 0% used [0x00000000e0000000,0x00000000e0000000,0x00000000e6200000)
  from space 6144K, 99% used [0x00000000e6f00000,0x00000000e74fb350,0x00000000e7500000)
  to   space 8704K, 0% used [0x00000000e6400000,0x00000000e6400000,0x00000000e6c80000)
 ParOldGen       total 37888K, used 21305K [0x00000000a0000000, 0x00000000a2500000, 0x00000000e0000000)
  object space 37888K, 56% used [0x00000000a0000000,0x00000000a14ce640,0x00000000a2500000)
 Metaspace       used 43474K, capacity 44346K, committed 44544K, reserved 1087488K
  class space    used 5878K, capacity 6123K, committed 6144K, reserved 1048576K
}
Event: 134.799 GC heap before
{Heap before GC invocations=21 (full 2):
 PSYoungGen      total 106496K, used 106476K [0x00000000e0000000, 0x00000000e7500000, 0x0000000100000000)
  eden space 100352K, 100% used [0x00000000e0000000,0x00000000e6200000,0x00000000e6200000)
  from space 6144K, 99% used [0x00000000e6f00000,0x00000000e74fb350,0x00000000e7500000)
  to   space 8704K, 0% used [0x00000000e6400000,0x00000000e6400000,0x00000000e6c80000)
 ParOldGen       total 37888K, used 21305K [0x00000000a0000000, 0x00000000a2500000, 0x00000000e0000000)
  object space 37888K, 56% used [0x00000000a0000000,0x00000000a14ce640,0x00000000a2500000)
 Metaspace       used 51605K, capacity 53018K, committed 53248K, reserved 1095680K
  class space    used 6984K, capacity 7388K, committed 7424K, reserved 1048576K
Event: 134.853 GC heap after
Heap after GC invocations=21 (full 2):
 PSYoungGen      total 111104K, used 8699K [0x00000000e0000000, 0x00000000e9400000, 0x0000000100000000)
  eden space 102400K, 0% used [0x00000000e0000000,0x00000000e0000000,0x00000000e6400000)
  from space 8704K, 99% used [0x00000000e6400000,0x00000000e6c7ed38,0x00000000e6c80000)
  to   space 13312K, 0% used [0x00000000e8700000,0x00000000e8700000,0x00000000e9400000)
 ParOldGen       total 37888K, used 29892K [0x00000000a0000000, 0x00000000a2500000, 0x00000000e0000000)
  object space 37888K, 78% used [0x00000000a0000000,0x00000000a1d31290,0x00000000a2500000)
 Metaspace       used 51605K, capacity 53018K, committed 53248K, reserved 1095680K
  class space    used 6984K, capacity 7388K, committed 7424K, reserved 1048576K
}
Event: 147.171 GC heap before
{Heap before GC invocations=22 (full 2):
 PSYoungGen      total 111104K, used 82974K [0x00000000e0000000, 0x00000000e9400000, 0x0000000100000000)
  eden space 102400K, 72% used [0x00000000e0000000,0x00000000e4888ac8,0x00000000e6400000)
  from space 8704K, 99% used [0x00000000e6400000,0x00000000e6c7ed38,0x00000000e6c80000)
  to   space 13312K, 0% used [0x00000000e8700000,0x00000000e8700000,0x00000000e9400000)
 ParOldGen       total 37888K, used 29892K [0x00000000a0000000, 0x00000000a2500000, 0x00000000e0000000)
  object space 37888K, 78% used [0x00000000a0000000,0x00000000a1d31290,0x00000000a2500000)
 Metaspace       used 57353K, capacity 58899K, committed 59096K, reserved 1099776K
  class space    used 7785K, capacity 8192K, committed 8192K, reserved 1048576K
Event: 147.246 GC heap after
Heap after GC invocations=22 (full 2):
 PSYoungGen      total 138240K, used 7465K [0x00000000e0000000, 0x00000000e9480000, 0x0000000100000000)
  eden space 124928K, 0% used [0x00000000e0000000,0x00000000e0000000,0x00000000e7a00000)
  from space 13312K, 56% used [0x00000000e8700000,0x00000000e8e4a450,0x00000000e9400000)
  to   space 13312K, 0% used [0x00000000e7a00000,0x00000000e7a00000,0x00000000e8700000)
 ParOldGen       total 37888K, used 34906K [0x00000000a0000000, 0x00000000a2500000, 0x00000000e0000000)
  object space 37888K, 92% used [0x00000000a0000000,0x00000000a2216b30,0x00000000a2500000)
 Metaspace       used 57353K, capacity 58899K, committed 59096K, reserved 1099776K
  class space    used 7785K, capacity 8192K, committed 8192K, reserved 1048576K
}
Event: 147.246 GC heap before
{Heap before GC invocations=23 (full 3):
 PSYoungGen      total 138240K, used 7465K [0x00000000e0000000, 0x00000000e9480000, 0x0000000100000000)
  eden space 124928K, 0% used [0x00000000e0000000,0x00000000e0000000,0x00000000e7a00000)
  from space 13312K, 56% used [0x00000000e8700000,0x00000000e8e4a450,0x00000000e9400000)
  to   space 13312K, 0% used [0x00000000e7a00000,0x00000000e7a00000,0x00000000e8700000)
 ParOldGen       total 37888K, used 34906K [0x00000000a0000000, 0x00000000a2500000, 0x00000000e0000000)
  object space 37888K, 92% used [0x00000000a0000000,0x00000000a2216b30,0x00000000a2500000)
 Metaspace       used 57353K, capacity 58899K, committed 59096K, reserved 1099776K
  class space    used 7785K, capacity 8192K, committed 8192K, reserved 1048576K
Event: 147.945 GC heap after
Heap after GC invocations=23 (full 3):
 PSYoungGen      total 138240K, used 0K [0x00000000e0000000, 0x00000000e9480000, 0x0000000100000000)
  eden space 124928K, 0% used [0x00000000e0000000,0x00000000e0000000,0x00000000e7a00000)
  from space 13312K, 0% used [0x00000000e8700000,0x00000000e8700000,0x00000000e9400000)
  to   space 13312K, 0% used [0x00000000e7a00000,0x00000000e7a00000,0x00000000e8700000)
 ParOldGen       total 62464K, used 32114K [0x00000000a0000000, 0x00000000a3d00000, 0x00000000e0000000)
  object space 62464K, 51% used [0x00000000a0000000,0x00000000a1f5cbc8,0x00000000a3d00000)
 Metaspace       used 57353K, capacity 58899K, committed 59096K, reserved 1099776K
  class space    used 7785K, capacity 8192K, committed 8192K, reserved 1048576K
}

Deoptimization events (10 events):
Event: 149.228 Thread 0x000000005bf11000 Uncommon trap: reason=bimorphic action=maybe_recompile pc=0x0000000002f20b28 method=java.util.Arrays.binarySearch0([Ljava/lang/Object;IILjava/lang/Object;Ljava/util/Comparator;)I @ 48
Event: 149.228 Thread 0x000000005bf11000 Uncommon trap: reason=bimorphic action=maybe_recompile pc=0x0000000002f20b28 method=java.util.Arrays.binarySearch0([Ljava/lang/Object;IILjava/lang/Object;Ljava/util/Comparator;)I @ 48
Event: 149.607 Thread 0x000000005bf17000 Uncommon trap: reason=class_check action=maybe_recompile pc=0x000000000349bd84 method=java.util.Collections$SetFromMap.remove(Ljava/lang/Object;)Z @ 5
Event: 149.608 Thread 0x000000005818a800 Uncommon trap: reason=class_check action=maybe_recompile pc=0x000000000349bd84 method=java.util.Collections$SetFromMap.remove(Ljava/lang/Object;)Z @ 5
Event: 149.704 Thread 0x000000005bf17000 Uncommon trap: reason=class_check action=maybe_recompile pc=0x000000000349bd84 method=java.util.Collections$SetFromMap.remove(Ljava/lang/Object;)Z @ 5
Event: 149.715 Thread 0x000000005818a800 Uncommon trap: reason=class_check action=maybe_recompile pc=0x000000000349bd84 method=java.util.Collections$SetFromMap.remove(Ljava/lang/Object;)Z @ 5
Event: 149.843 Thread 0x000000005818a800 Uncommon trap: reason=unstable_if action=reinterpret pc=0x00000000026b5f94 method=java.util.concurrent.ConcurrentHashMap.putVal(Ljava/lang/Object;Ljava/lang/Object;Z)Ljava/lang/Object; @ 113
Event: 159.274 Thread 0x0000000058025000 Uncommon trap: reason=unstable_if action=reinterpret pc=0x000000000357bf84 method=java.io.ObjectOutputStream$BlockDataOutputStream.drain()V @ 12
Event: 161.342 Thread 0x000000005818a800 Uncommon trap: reason=unstable_if action=reinterpret pc=0x00000000027bbd48 method=java.util.concurrent.locks.AbstractQueuedSynchronizer.enq(Ljava/util/concurrent/locks/AbstractQueuedSynchronizer$Node;)Ljava/util/concurrent/locks/AbstractQueuedSynchronizer
Event: 168.058 Thread 0x000000005818a800 Uncommon trap: reason=class_check action=maybe_recompile pc=0x00000000035dfd98 method=com.google.common.base.Equivalence$Equals.doEquivalent(Ljava/lang/Object;Ljava/lang/Object;)Z @ 2

Classes redefined (0 events):
No events

Internal exceptions (10 events):
Event: 136.776 Thread 0x000000005818a800 Exception <a 'java/lang/NoSuchMethodError': java.lang.Object.lambda$static$4(Ljava/util/Set;Ljava/util/Set;)Z> (0x00000000e10d7640) thrown at [D:\src\AOSP-openjdk-cygwin\jdk8u\hotspot\src\share\vm\interpreter\linkResolver.cpp, line 620]
Event: 140.196 Thread 0x000000005818a800 Exception <a 'java/lang/ClassNotFoundException': com/sun/org/glassfish/hk2/osgiresourcelocator/ServiceLoader> (0x00000000e18d4810) thrown at [D:\src\AOSP-openjdk-cygwin\jdk8u\hotspot\src\share\vm\classfile\systemDictionary.cpp, line 210]
Event: 141.840 Thread 0x000000005818a800 Exception <a 'java/lang/NullPointerException'> (0x00000000e1db0660) thrown at [D:\src\AOSP-openjdk-cygwin\jdk8u\hotspot\src\share\vm\interpreter\linkResolver.cpp, line 1287]
Event: 159.272 Thread 0x0000000058025000 Exception <a 'java/lang/NoSuchMethodError': <clinit>> (0x00000000e365fc68) thrown at [D:\src\AOSP-openjdk-cygwin\jdk8u\hotspot\src\share\vm\prims\jni.cpp, line 1614]
Event: 159.274 Thread 0x0000000058025000 Exception <a 'java/lang/NoSuchMethodError': <clinit>> (0x00000000e366bab8) thrown at [D:\src\AOSP-openjdk-cygwin\jdk8u\hotspot\src\share\vm\prims\jni.cpp, line 1614]
Event: 159.275 Thread 0x0000000058025000 Exception <a 'java/lang/NoSuchMethodError': <clinit>> (0x00000000e36781c0) thrown at [D:\src\AOSP-openjdk-cygwin\jdk8u\hotspot\src\share\vm\prims\jni.cpp, line 1614]
Event: 159.661 Thread 0x0000000058025000 Exception <a 'java/lang/NoSuchMethodError': <clinit>> (0x00000000e38d8bf8) thrown at [D:\src\AOSP-openjdk-cygwin\jdk8u\hotspot\src\share\vm\prims\jni.cpp, line 1614]
Event: 159.667 Thread 0x0000000058025000 Exception <a 'java/lang/NoSuchMethodError': <clinit>> (0x00000000e38ea470) thrown at [D:\src\AOSP-openjdk-cygwin\jdk8u\hotspot\src\share\vm\prims\jni.cpp, line 1614]
Event: 159.667 Thread 0x0000000058025000 Exception <a 'java/lang/NoSuchMethodError': <clinit>> (0x00000000e38ebf88) thrown at [D:\src\AOSP-openjdk-cygwin\jdk8u\hotspot\src\share\vm\prims\jni.cpp, line 1614]
Event: 160.323 Thread 0x0000000058025000 Exception <a 'java/lang/NoSuchMethodError': <clinit>> (0x00000000e3a352d8) thrown at [D:\src\AOSP-openjdk-cygwin\jdk8u\hotspot\src\share\vm\prims\jni.cpp, line 1614]

Events (10 events):
Event: 166.622 loading class org/gradle/internal/snapshot/impl/AbstractSetSnapshot done
Event: 168.046 loading class com/android/build/gradle/tasks/MergeResources$Flag
Event: 168.047 loading class com/android/build/gradle/tasks/MergeResources$Flag done
Event: 168.055 loading class org/gradle/internal/fingerprint/impl/RelativePathFingerprintingStrategy$1
Event: 168.055 loading class org/gradle/internal/fingerprint/impl/RelativePathFingerprintingStrategy$1 done
Event: 168.058 Thread 0x000000005818a800 Uncommon trap: trap_request=0xffffffde fr.pc=0x00000000035dfd98
Event: 168.058 Thread 0x000000005818a800 DEOPT PACKING pc=0x00000000035dfd98 sp=0x000000005a18a510
Event: 168.058 Thread 0x000000005818a800 DEOPT UNPACKING pc=0x00000000024a557b sp=0x000000005a18a3d8 mode 2
Event: 168.058 Executing VM operation: RevokeBias
Event: 168.058 Executing VM operation: RevokeBias done


Dynamic libraries:
0x000000013f860000 - 0x000000013f891000 	C:\Program Files\Android\Android Studio\jre\bin\java.exe
0x0000000077870000 - 0x0000000077a19000 	C:\Windows\SYSTEM32\ntdll.dll
0x0000000077650000 - 0x000000007776f000 	C:\Windows\system32\kernel32.dll
0x000007fefdb00000 - 0x000007fefdb6b000 	C:\Windows\system32\KERNELBASE.dll
0x000007fefdb90000 - 0x000007fefdc6b000 	C:\Windows\system32\ADVAPI32.dll
0x000007fefddf0000 - 0x000007fefde8f000 	C:\Windows\system32\msvcrt.dll
0x000007fefdc70000 - 0x000007fefdc8f000 	C:\Windows\SYSTEM32\sechost.dll
0x000007fefe2e0000 - 0x000007fefe40d000 	C:\Windows\system32\RPCRT4.dll
0x0000000077770000 - 0x000000007786a000 	C:\Windows\system32\USER32.dll
0x000007fefdf90000 - 0x000007fefdff7000 	C:\Windows\system32\GDI32.dll
0x000007fefea50000 - 0x000007fefea5e000 	C:\Windows\system32\LPK.dll
0x000007fefe210000 - 0x000007fefe2d9000 	C:\Windows\system32\USP10.dll
0x000007fefc290000 - 0x000007fefc484000 	C:\Windows\WinSxS\amd64_microsoft.windows.common-controls_6595b64144ccf1df_6.0.7601.17514_none_fa396087175ac9ac\COMCTL32.dll
0x000007fefe9d0000 - 0x000007fefea41000 	C:\Windows\system32\SHLWAPI.dll
0x000007feff970000 - 0x000007feff99e000 	C:\Windows\system32\IMM32.DLL
0x000007fefe480000 - 0x000007fefe589000 	C:\Windows\system32\MSCTF.dll
0x0000000070e80000 - 0x0000000070f52000 	C:\Program Files\Android\Android Studio\jre\jre\bin\msvcr100.dll
0x000000006e560000 - 0x000000006eda6000 	C:\Program Files\Android\Android Studio\jre\jre\bin\server\jvm.dll
0x000007fefaa50000 - 0x000007fefaa59000 	C:\Windows\system32\WSOCK32.dll
0x000007fefe430000 - 0x000007fefe47d000 	C:\Windows\system32\WS2_32.dll
0x000007fefe760000 - 0x000007fefe768000 	C:\Windows\system32\NSI.dll
0x000007fef40e0000 - 0x000007fef411b000 	C:\Windows\system32\WINMM.dll
0x000007fefc920000 - 0x000007fefc92c000 	C:\Windows\system32\VERSION.dll
0x0000000077a40000 - 0x0000000077a47000 	C:\Windows\system32\PSAPI.DLL
0x000007fef3e30000 - 0x000007fef3e3f000 	C:\Program Files\Android\Android Studio\jre\jre\bin\verify.dll
0x000007fef3c20000 - 0x000007fef3c49000 	C:\Program Files\Android\Android Studio\jre\jre\bin\java.dll
0x000007fef3e10000 - 0x000007fef3e26000 	C:\Program Files\Android\Android Studio\jre\jre\bin\zip.dll
0x000007fefebe0000 - 0x000007feff968000 	C:\Windows\system32\SHELL32.dll
0x000007fefe000000 - 0x000007fefe203000 	C:\Windows\system32\ole32.dll
0x000007fefd7c0000 - 0x000007fefd7cf000 	C:\Windows\system32\profapi.dll
0x000007fef3c00000 - 0x000007fef3c1a000 	C:\Program Files\Android\Android Studio\jre\jre\bin\net.dll
0x000007fefcff0000 - 0x000007fefd045000 	C:\Windows\system32\mswsock.dll
0x000007fefcfe0000 - 0x000007fefcfe7000 	C:\Windows\System32\wship6.dll
0x000007fef3a70000 - 0x000007fef3a81000 	C:\Program Files\Android\Android Studio\jre\jre\bin\nio.dll
0x000007fef2f90000 - 0x000007fef2fb6000 	C:\Users\Woozibibi\.gradle\native\29\windows-amd64\native-platform.dll
0x000007fef9bb0000 - 0x000007fef9bb3000 	C:\Windows\system32\api-ms-win-core-synch-l1-2-0.DLL
0x000007fef43f0000 - 0x000007fef43fd000 	C:\Program Files\Android\Android Studio\jre\jre\bin\management.dll
0x000007fefd050000 - 0x000007fefd067000 	C:\Windows\system32\CRYPTSP.dll
0x000007fefcd50000 - 0x000007fefcd97000 	C:\Windows\system32\rsaenh.dll
0x000007fefcb10000 - 0x000007fefcb2e000 	C:\Windows\system32\USERENV.dll
0x000007fefd6f0000 - 0x000007fefd6ff000 	C:\Windows\system32\CRYPTBASE.dll
0x000007fefb1d0000 - 0x000007fefb1f7000 	C:\Windows\system32\IPHLPAPI.DLL
0x000007fefb1c0000 - 0x000007fefb1cb000 	C:\Windows\system32\WINNSI.DLL
0x000007fefafb0000 - 0x000007fefafc1000 	C:\Windows\system32\dhcpcsvc6.DLL
0x000007fefaeb0000 - 0x000007fefaec8000 	C:\Windows\system32\dhcpcsvc.DLL

VM Arguments:
jvm_args: -Xmx1536m -Dfile.encoding=windows-1252 -Duser.country=US -Duser.language=en -Duser.variant 
java_command: org.gradle.launcher.daemon.bootstrap.GradleDaemon 5.4.1
java_class_path (initial): C:\Users\Woozibibi\.gradle\wrapper\dists\gradle-5.4.1-all\3221gyojl5jsh0helicew7rwx\gradle-5.4.1\lib\gradle-launcher-5.4.1.jar
Launcher Type: SUN_STANDARD

Environment Variables:
PATH=C:\Program Files (x86)\Common Files\Oracle\Java\javapath;C:\Users\Woozibibi\AppData\Local\Android\Sdk\tools;C:\Users\Woozibibi\AppData\Local\Android\Sdk\platform-tools;C:\Program Files\Git\cmd;C:\Users\Woozibibi\AppData\Local\Android\Sdk\ndk\20.0.5594570;C:\Windows\System32
USERNAME=Woozibibi
OS=Windows_NT
PROCESSOR_IDENTIFIER=Intel64 Family 6 Model 15 Stepping 2, GenuineIntel



---------------  S Y S T E M  ---------------

OS: Windows 7 , 64 bit Build 7601 (6.1.7601.17514)

CPU:total 2 (initial active 2) (2 cores per cpu, 1 threads per core) family 6 model 15 stepping 2, cmov, cx8, fxsr, mmx, sse, sse2, sse3, ssse3, tsc

Memory: 4k page, physical 3397756k(140164k free), swap 4067780k(8000k free)

vm_info: OpenJDK 64-Bit Server VM (25.202-b03) for windows-amd64 JRE (1.8.0_202-release-1483-b03), built by "builder" with MS VC++ 10.0 (VS2010)

time: Thu Jul 09 06:29:15 2020
timezone: China Standard Time
elapsed time: 169 seconds (0d 0h 2m 49s)

