#
# There is insufficient memory for the Java Runtime Environment to continue.
# Native memory allocation (malloc) failed to allocate 32744 bytes for ChunkPool::allocate
# Possible reasons:
#   The system is out of physical RAM or swap space
#   The process is running with CompressedOops enabled, and the Java Heap may be blocking the growth of the native heap
# Possible solutions:
#   Reduce memory load on the system
#   Increase physical memory or swap space
#   Check if swap backing store is full
#   Decrease Java heap size (-Xmx/-Xms)
#   Decrease number of Java threads
#   Decrease Java thread stack sizes (-Xss)
#   Set larger code cache with -XX:ReservedCodeCacheSize=
#   JVM is running with Unscaled Compressed Oops mode in which the Java heap is
#     placed in the first 4GB address space. The Java Heap base address is the
#     maximum limit for the native heap growth. Please use -XX:HeapBaseMinAddress
#     to set the Java Heap base and to place the Java Heap above 4GB virtual address.
# This output file may be truncated or incomplete.
#
#  Out of Memory Error (allocation.cpp:272), pid=6788, tid=0x0000000000001180
#
# JRE version: OpenJDK Runtime Environment (8.0_242-b01) (build 1.8.0_242-release-1644-b01)
# Java VM: OpenJDK 64-Bit Server VM (25.242-b01 mixed mode windows-amd64 compressed oops)
# Failed to write core dump. Minidumps are not enabled by default on client versions of Windows
#

---------------  T H R E A D  ---------------

Current thread (0x0000000015bb0800):  JavaThread "C2 CompilerThread0" daemon [_thread_in_native, id=4480, stack(0x0000000016a50000,0x0000000016b50000)]

Stack: [0x0000000016a50000,0x0000000016b50000]
[error occurred during error reporting (printing stack bounds), id 0xc0000005]

Native frames: (J=compiled Java code, j=interpreted, Vv=VM code, C=native code)


Current CompileTask:
C2:  66132 8710   !   4       java.io.ObjectOutputStream::writeObject0 (619 bytes)


---------------  P R O C E S S  ---------------

Java Threads: ( => current thread )
  0x0000000018dfe800 JavaThread "pool-1-thread-1" [_thread_in_vm, id=5448, stack(0x0000000029a60000,0x0000000029b60000)]
  0x0000000018c25800 JavaThread "WorkerExecutor Queue Thread 2" [_thread_blocked, id=2128, stack(0x0000000028970000,0x0000000028a70000)]
  0x0000000018c24800 JavaThread "WorkerExecutor Queue" [_thread_blocked, id=5436, stack(0x00000000298f0000,0x00000000299f0000)]
  0x0000000018dff000 JavaThread "Cache worker for execution history cache (C:\Users\Woozibibi\AndroidStudioProjects\NewCycle\.gradle\6.5\executionHistory)" [_thread_blocked, id=5940, stack(0x00000000290c0000,0x00000000291c0000)]
  0x0000000018dfd000 JavaThread "Memory manager" [_thread_blocked, id=6964, stack(0x0000000027740000,0x0000000027840000)]
  0x0000000018dfc000 JavaThread "Cache worker for Build Output Cleanup Cache (C:\Users\Woozibibi\AndroidStudioProjects\NewCycle\.gradle\buildOutputCleanup)" [_thread_blocked, id=7088, stack(0x0000000027850000,0x0000000027950000)]
  0x0000000018dfb800 JavaThread "jar transforms Thread 92" [_thread_blocked, id=6500, stack(0x0000000026420000,0x0000000026520000)]
  0x0000000018dfa800 JavaThread "jar transforms Thread 91" [_thread_blocked, id=2472, stack(0x0000000025cc0000,0x0000000025dc0000)]
  0x0000000018dfa000 JavaThread "jar transforms Thread 90" [_thread_blocked, id=4712, stack(0x0000000026260000,0x0000000026360000)]
  0x0000000018df9000 JavaThread "jar transforms Thread 89" [_thread_blocked, id=392, stack(0x0000000026000000,0x0000000026100000)]
  0x0000000018df8800 JavaThread "jar transforms Thread 88" [_thread_blocked, id=1420, stack(0x0000000025e10000,0x0000000025f10000)]
  0x000000001ab78800 JavaThread "jar transforms Thread 87" [_thread_blocked, id=6668, stack(0x0000000025640000,0x0000000025740000)]
  0x000000001ab77800 JavaThread "jar transforms Thread 86" [_thread_blocked, id=5240, stack(0x0000000025ba0000,0x0000000025ca0000)]
  0x000000001ab77000 JavaThread "jar transforms Thread 85" [_thread_blocked, id=5908, stack(0x0000000025a90000,0x0000000025b90000)]
  0x000000001ab76000 JavaThread "jar transforms Thread 84" [_thread_blocked, id=724, stack(0x0000000025920000,0x0000000025a20000)]
  0x000000001ab75800 JavaThread "jar transforms Thread 83" [_thread_blocked, id=6740, stack(0x0000000025300000,0x0000000025400000)]
  0x000000001ab74800 JavaThread "jar transforms Thread 82" [_thread_blocked, id=6060, stack(0x00000000217a0000,0x00000000218a0000)]
  0x000000001ab74000 JavaThread "jar transforms Thread 81" [_thread_blocked, id=6424, stack(0x00000000257d0000,0x00000000258d0000)]
  0x000000001ab73000 JavaThread "jar transforms Thread 80" [_thread_blocked, id=5172, stack(0x0000000024f20000,0x0000000025020000)]
  0x000000001ab72800 JavaThread "jar transforms Thread 79" [_thread_blocked, id=6664, stack(0x0000000025510000,0x0000000025610000)]
  0x000000001ab71800 JavaThread "jar transforms Thread 78" [_thread_blocked, id=5244, stack(0x0000000025400000,0x0000000025500000)]
  0x000000001c4da000 JavaThread "jar transforms Thread 77" [_thread_blocked, id=6232, stack(0x0000000025200000,0x0000000025300000)]
  0x000000001c4d9800 JavaThread "jar transforms Thread 76" [_thread_blocked, id=3312, stack(0x0000000025020000,0x0000000025120000)]
  0x000000001c4d8800 JavaThread "jar transforms Thread 75" [_thread_blocked, id=5276, stack(0x0000000024cb0000,0x0000000024db0000)]
  0x000000001c4d8000 JavaThread "jar transforms Thread 74" [_thread_blocked, id=6456, stack(0x0000000024dd0000,0x0000000024ed0000)]
  0x000000001c4d7000 JavaThread "jar transforms Thread 73" [_thread_blocked, id=6152, stack(0x0000000024bb0000,0x0000000024cb0000)]
  0x000000001c4d6800 JavaThread "jar transforms Thread 72" [_thread_blocked, id=5948, stack(0x00000000248c0000,0x00000000249c0000)]
  0x000000001c4d5800 JavaThread "jar transforms Thread 71" [_thread_blocked, id=6164, stack(0x0000000023190000,0x0000000023290000)]
  0x000000001c4d5000 JavaThread "jar transforms Thread 70" [_thread_blocked, id=5812, stack(0x0000000024a20000,0x0000000024b20000)]
  0x000000001c4d4000 JavaThread "jar transforms Thread 69" [_thread_blocked, id=6720, stack(0x00000000247a0000,0x00000000248a0000)]
  0x000000001c4d3800 JavaThread "jar transforms Thread 68" [_thread_blocked, id=6972, stack(0x0000000024500000,0x0000000024600000)]
  0x0000000018d00000 JavaThread "jar transforms Thread 67" [_thread_blocked, id=5596, stack(0x0000000024640000,0x0000000024740000)]
  0x0000000018cff000 JavaThread "jar transforms Thread 66" [_thread_blocked, id=1780, stack(0x00000000242a0000,0x00000000243a0000)]
  0x0000000018cfe800 JavaThread "jar transforms Thread 65" [_thread_blocked, id=3948, stack(0x00000000243c0000,0x00000000244c0000)]
  0x0000000018cfd800 JavaThread "jar transforms Thread 64" [_thread_blocked, id=4160, stack(0x0000000024100000,0x0000000024200000)]
  0x0000000018cfd000 JavaThread "jar transforms Thread 63" [_thread_blocked, id=5572, stack(0x0000000023f70000,0x0000000024070000)]
  0x0000000018cfc000 JavaThread "jar transforms Thread 62" [_thread_blocked, id=7020, stack(0x0000000023dc0000,0x0000000023ec0000)]
  0x0000000018cfb800 JavaThread "jar transforms Thread 61" [_thread_blocked, id=268, stack(0x0000000023c60000,0x0000000023d60000)]
  0x0000000018cfa800 JavaThread "jar transforms Thread 60" [_thread_blocked, id=6160, stack(0x0000000023910000,0x0000000023a10000)]
  0x0000000018cfa000 JavaThread "jar transforms Thread 59" [_thread_blocked, id=1164, stack(0x0000000023a70000,0x0000000023b70000)]
  0x0000000018cf9000 JavaThread "jar transforms Thread 58" [_thread_blocked, id=7100, stack(0x00000000237f0000,0x00000000238f0000)]
  0x000000001ac6f000 JavaThread "jar transforms Thread 57" [_thread_blocked, id=2504, stack(0x0000000023620000,0x0000000023720000)]
  0x000000001ac6e000 JavaThread "jar transforms Thread 56" [_thread_blocked, id=5400, stack(0x0000000023420000,0x0000000023520000)]
  0x000000001ac6d800 JavaThread "jar transforms Thread 55" [_thread_blocked, id=2556, stack(0x0000000023290000,0x0000000023390000)]
  0x000000001ac6c800 JavaThread "jar transforms Thread 54" [_thread_blocked, id=6612, stack(0x0000000022ee0000,0x0000000022fe0000)]
  0x000000001ac6c000 JavaThread "jar transforms Thread 53" [_thread_blocked, id=924, stack(0x0000000023090000,0x0000000023190000)]
  0x000000001ac6b000 JavaThread "jar transforms Thread 52" [_thread_blocked, id=5508, stack(0x00000000229e0000,0x0000000022ae0000)]
  0x000000001ac6a800 JavaThread "jar transforms Thread 51" [_thread_blocked, id=5620, stack(0x0000000020ca0000,0x0000000020da0000)]
  0x000000001ac69800 JavaThread "jar transforms Thread 50" [_thread_blocked, id=3248, stack(0x0000000022dc0000,0x0000000022ec0000)]
  0x000000001ac69000 JavaThread "jar transforms Thread 49" [_thread_blocked, id=4924, stack(0x000000001bb60000,0x000000001bc60000)]
  0x000000001ac68000 JavaThread "jar transforms Thread 48" [_thread_blocked, id=2236, stack(0x0000000022be0000,0x0000000022ce0000)]
  0x0000000018cee000 JavaThread "jar transforms Thread 47" [_thread_blocked, id=5092, stack(0x0000000022ae0000,0x0000000022be0000)]
  0x0000000018ced000 JavaThread "jar transforms Thread 46" [_thread_blocked, id=2568, stack(0x0000000022850000,0x0000000022950000)]
  0x0000000018cec800 JavaThread "jar transforms Thread 45" [_thread_blocked, id=368, stack(0x0000000020930000,0x0000000020a30000)]
  0x0000000018ceb800 JavaThread "jar transforms Thread 44" [_thread_blocked, id=980, stack(0x0000000022660000,0x0000000022760000)]
  0x0000000018ceb000 JavaThread "jar transforms Thread 43" [_thread_blocked, id=6444, stack(0x00000000224b0000,0x00000000225b0000)]
  0x0000000018cea000 JavaThread "jar transforms Thread 42" [_thread_blocked, id=5144, stack(0x0000000022370000,0x0000000022470000)]
  0x0000000018ce9800 JavaThread "jar transforms Thread 41" [_thread_blocked, id=6080, stack(0x0000000021bc0000,0x0000000021cc0000)]
  0x0000000018ce8800 JavaThread "jar transforms Thread 40" [_thread_blocked, id=6408, stack(0x00000000221b0000,0x00000000222b0000)]
  0x0000000018ce8000 JavaThread "jar transforms Thread 39" [_thread_blocked, id=6228, stack(0x0000000022000000,0x0000000022100000)]
  0x0000000018ce7000 JavaThread "jar transforms Thread 38" [_thread_blocked, id=6396, stack(0x0000000021e70000,0x0000000021f70000)]
  0x0000000018cf6000 JavaThread "jar transforms Thread 37" [_thread_blocked, id=4636, stack(0x0000000021d00000,0x0000000021e00000)]
  0x0000000018cf5000 JavaThread "jar transforms Thread 36" [_thread_blocked, id=4288, stack(0x0000000021a90000,0x0000000021b90000)]
  0x0000000018cf4800 JavaThread "jar transforms Thread 35" [_thread_blocked, id=684, stack(0x0000000021150000,0x0000000021250000)]
  0x0000000018cf3800 JavaThread "jar transforms Thread 34" [_thread_blocked, id=4628, stack(0x00000000218a0000,0x00000000219a0000)]
  0x0000000018cf3000 JavaThread "jar transforms Thread 33" [_thread_blocked, id=4748, stack(0x00000000216a0000,0x00000000217a0000)]
  0x0000000018cf2000 JavaThread "jar transforms Thread 32" [_thread_blocked, id=6520, stack(0x0000000021560000,0x0000000021660000)]
  0x0000000018cf1800 JavaThread "jar transforms Thread 31" [_thread_blocked, id=5648, stack(0x00000000213c0000,0x00000000214c0000)]
  0x0000000018cf0800 JavaThread "jar transforms Thread 30" [_thread_blocked, id=5512, stack(0x0000000021250000,0x0000000021350000)]
  0x0000000018cf0000 JavaThread "jar transforms Thread 29" [_thread_blocked, id=5468, stack(0x0000000020eb0000,0x0000000020fb0000)]
  0x0000000018cef000 JavaThread "jar transforms Thread 28" [_thread_blocked, id=616, stack(0x0000000021020000,0x0000000021120000)]
  0x000000001b2a2800 JavaThread "jar transforms Thread 27" [_thread_blocked, id=5256, stack(0x0000000020db0000,0x0000000020eb0000)]
  0x000000001b2a1800 JavaThread "jar transforms Thread 26" [_thread_blocked, id=5880, stack(0x00000000206d0000,0x00000000207d0000)]
  0x000000001b2a1000 JavaThread "jar transforms Thread 25" [_thread_blocked, id=4268, stack(0x0000000020b90000,0x0000000020c90000)]
  0x000000001b2a0000 JavaThread "jar transforms Thread 24" [_thread_blocked, id=1972, stack(0x0000000020a30000,0x0000000020b30000)]
  0x000000001b29f800 JavaThread "jar transforms Thread 23" [_thread_blocked, id=4896, stack(0x0000000020830000,0x0000000020930000)]
  0x000000001b29e800 JavaThread "jar transforms Thread 22" [_thread_blocked, id=2308, stack(0x0000000020480000,0x0000000020580000)]
  0x000000001b29e000 JavaThread "jar transforms Thread 21" [_thread_blocked, id=6368, stack(0x00000000205c0000,0x00000000206c0000)]
  0x000000001b29d000 JavaThread "jar transforms Thread 20" [_thread_blocked, id=6772, stack(0x0000000020300000,0x0000000020400000)]
  0x000000001b29c800 JavaThread "jar transforms Thread 19" [_thread_blocked, id=2404, stack(0x0000000020180000,0x0000000020280000)]
  0x000000001b29b800 JavaThread "jar transforms Thread 18" [_thread_blocked, id=5792, stack(0x000000001ffe0000,0x00000000200e0000)]
  0x00000000182eb000 JavaThread "jar transforms Thread 17" [_thread_blocked, id=6820, stack(0x000000001fdf0000,0x000000001fef0000)]
  0x00000000182ea800 JavaThread "jar transforms Thread 16" [_thread_blocked, id=1636, stack(0x000000001d150000,0x000000001d250000)]
  0x00000000182e9800 JavaThread "jar transforms Thread 15" [_thread_blocked, id=5344, stack(0x000000001fc90000,0x000000001fd90000)]
  0x00000000182e9000 JavaThread "jar transforms Thread 14" [_thread_blocked, id=6640, stack(0x000000001f010000,0x000000001f110000)]
  0x00000000182e8000 JavaThread "jar transforms Thread 13" [_thread_blocked, id=7008, stack(0x000000001f720000,0x000000001f820000)]
  0x00000000182e7800 JavaThread "jar transforms Thread 12" [_thread_blocked, id=6660, stack(0x000000001faa0000,0x000000001fba0000)]
  0x00000000182e6800 JavaThread "jar transforms Thread 11" [_thread_blocked, id=4072, stack(0x000000001f980000,0x000000001fa80000)]
  0x00000000182e6000 JavaThread "jar transforms Thread 10" [_thread_blocked, id=5152, stack(0x000000001f850000,0x000000001f950000)]
  0x00000000182e5000 JavaThread "jar transforms Thread 9" [_thread_blocked, id=6044, stack(0x000000001f5e0000,0x000000001f6e0000)]
  0x00000000182e4800 JavaThread "jar transforms Thread 8" [_thread_blocked, id=1056, stack(0x000000001f450000,0x000000001f550000)]
  0x0000000018d81800 JavaThread "jar transforms Thread 7" [_thread_blocked, id=1372, stack(0x000000001f2e0000,0x000000001f3e0000)]
  0x0000000018d80800 JavaThread "jar transforms Thread 6" [_thread_blocked, id=5592, stack(0x000000001f120000,0x000000001f220000)]
  0x0000000018d80000 JavaThread "jar transforms Thread 5" [_thread_blocked, id=6932, stack(0x000000001ef10000,0x000000001f010000)]
  0x0000000018d7f000 JavaThread "jar transforms Thread 4" [_thread_blocked, id=5608, stack(0x000000001ee10000,0x000000001ef10000)]
  0x0000000018d7e800 JavaThread "jar transforms Thread 3" [_thread_blocked, id=1704, stack(0x000000001ece0000,0x000000001ede0000)]
  0x0000000018d7d800 JavaThread "jar transforms Thread 2" [_thread_blocked, id=5016, stack(0x000000001eb80000,0x000000001ec80000)]
  0x0000000018d7d000 JavaThread "Build operations Thread 2" [_thread_blocked, id=6400, stack(0x000000001a140000,0x000000001a240000)]
  0x0000000018d7c000 JavaThread "Build operations" [_thread_blocked, id=6700, stack(0x000000001ea00000,0x000000001eb00000)]
  0x0000000018d78800 JavaThread "Cache worker for file content cache (C:\Users\Woozibibi\.gradle\caches\6.5\fileContent)" [_thread_blocked, id=3508, stack(0x000000001e210000,0x000000001e310000)]
  0x0000000018d77800 JavaThread "jar transforms" [_thread_blocked, id=6836, stack(0x000000001d970000,0x000000001da70000)]
  0x0000000018d76800 JavaThread "Cache worker for execution history cache (C:\Users\Woozibibi\.gradle\caches\6.5\executionHistory)" [_thread_blocked, id=5488, stack(0x000000001da70000,0x000000001db70000)]
  0x0000000018d74800 JavaThread "Cache worker for checksums cache (C:\Users\Woozibibi\AndroidStudioProjects\NewCycle\.gradle\checksums)" [_thread_blocked, id=5628, stack(0x000000001d5c0000,0x000000001d6c0000)]
  0x0000000018d73800 JavaThread "Cache worker for file hash cache (C:\Users\Woozibibi\AndroidStudioProjects\NewCycle\.gradle\6.5\fileHashes)" [_thread_blocked, id=1968, stack(0x000000001d260000,0x000000001d360000)]
  0x0000000018d73000 JavaThread "Cache worker for file hash cache (C:\Users\Woozibibi\.gradle\caches\6.5\fileHashes)" [_thread_blocked, id=5176, stack(0x000000001bc70000,0x000000001bd70000)]
  0x0000000018d72000 JavaThread "File lock request listener" [_thread_in_native, id=6764, stack(0x000000001ba60000,0x000000001bb60000)]
  0x0000000017a5d000 JavaThread "Cache worker for journal cache (C:\Users\Woozibibi\.gradle\caches\journal-1)" [_thread_blocked, id=6436, stack(0x000000001a910000,0x000000001aa10000)]
  0x0000000018a50800 JavaThread "Thread-9" [_thread_blocked, id=4724, stack(0x000000001a600000,0x000000001a700000)]
  0x0000000018a77000 JavaThread "Stdin handler" [_thread_blocked, id=2044, stack(0x000000001a490000,0x000000001a590000)]
  0x0000000018a76000 JavaThread "Asynchronous log dispatcher for DefaultDaemonConnection: socket connection from /127.0.0.1:2429 to /127.0.0.1:2430" [_thread_blocked, id=6692, stack(0x000000001a350000,0x000000001a450000)]
  0x0000000018a56800 JavaThread "Daemon worker" [_thread_in_native, id=5248, stack(0x000000001a240000,0x000000001a340000)]
  0x0000000018a75000 JavaThread "Cancel handler" [_thread_blocked, id=1908, stack(0x0000000019fb0000,0x000000001a0b0000)]
  0x0000000018a30800 JavaThread "Handler for socket connection from /127.0.0.1:2429 to /127.0.0.1:2430" [_thread_in_native, id=6716, stack(0x0000000019e60000,0x0000000019f60000)]
  0x0000000018183000 JavaThread "Daemon" [_thread_blocked, id=3780, stack(0x0000000019cc0000,0x0000000019dc0000)]
  0x00000000189f4000 JavaThread "Daemon periodic checks" [_thread_blocked, id=5920, stack(0x0000000019310000,0x0000000019410000)]
  0x00000000189f2800 JavaThread "Incoming local TCP Connector on port 2429" [_thread_in_native, id=5104, stack(0x0000000019880000,0x0000000019980000)]
  0x00000000188a9800 JavaThread "Daemon health stats" [_thread_blocked, id=2528, stack(0x00000000191a0000,0x00000000192a0000)]
  0x0000000015c0f000 JavaThread "Service Thread" daemon [_thread_blocked, id=6756, stack(0x0000000016e50000,0x0000000016f50000)]
  0x0000000015bbb000 JavaThread "C1 CompilerThread1" daemon [_thread_blocked, id=1700, stack(0x0000000016fb0000,0x00000000170b0000)]
=>0x0000000015bb0800 JavaThread "C2 CompilerThread0" daemon [_thread_in_native, id=4480, stack(0x0000000016a50000,0x0000000016b50000)]
  0x0000000015baf800 JavaThread "Attach Listener" daemon [_thread_blocked, id=1656, stack(0x0000000016cf0000,0x0000000016df0000)]
  0x0000000015bad800 JavaThread "Signal Dispatcher" daemon [_thread_blocked, id=920, stack(0x0000000016b80000,0x0000000016c80000)]
  0x0000000015b91800 JavaThread "Finalizer" daemon [_thread_blocked, id=4600, stack(0x00000000168c0000,0x00000000169c0000)]
  0x0000000015b88000 JavaThread "Reference Handler" daemon [_thread_blocked, id=6832, stack(0x00000000167b0000,0x00000000168b0000)]
  0x00000000004fe800 JavaThread "main" [_thread_blocked, id=2588, stack(0x0000000001f30000,0x0000000002030000)]

Other Threads:
  0x0000000015b3e800 VMThread [stack: 0x00000000165e0000,0x00000000166e0000] [id=1040]
  0x00000000170c9000 WatcherThread [stack: 0x00000000176a0000,0x00000000177a0000] [id=4564]

VM state:not at safepoint (normal execution)

VM Mutex/Monitor currently owned by a thread: None

heap address: 0x00000000a0000000, size: 1536 MB, Compressed Oops mode: 32-bit
Narrow klass base: 0x0000000000000000, Narrow klass shift: 3
Compressed class space size: 1073741824 Address: 0x000000013f690000

Heap:
 PSYoungGen      total 187904K, used 170656K [0x00000000e0000000, 0x00000000ecd80000, 0x0000000100000000)
  eden space 174592K, 90% used [0x00000000e0000000,0x00000000e99ab1b0,0x00000000eaa80000)
  from space 13312K, 99% used [0x00000000ec080000,0x00000000ecd7cf28,0x00000000ecd80000)
  to   space 16896K, 0% used [0x00000000eac80000,0x00000000eac80000,0x00000000ebd00000)
 ParOldGen       total 78848K, used 33077K [0x00000000a0000000, 0x00000000a4d00000, 0x00000000e0000000)
  object space 78848K, 41% used [0x00000000a0000000,0x00000000a204d6d0,0x00000000a4d00000)
 Metaspace       used 68806K, capacity 71856K, committed 72064K, reserved 1112064K
  class space    used 9353K, capacity 9993K, committed 10112K, reserved 1048576K

Card table byte_map: [0x00000000116c0000,0x00000000119d0000] byte_map_base: 0x00000000111c0000

Marking Bits: (ParMarkBitMap*) 0x000000006c60f030
 Begin Bits: [0x0000000011f10000, 0x0000000013710000)
 End Bits:   [0x0000000013710000, 0x0000000014f10000)

Polling page: 0x0000000000220000

CodeCache: size=245760Kb used=24266Kb max_used=24271Kb free=221493Kb
 bounds [0x0000000002300000, 0x0000000003ad0000, 0x0000000011300000]
 total_blobs=8544 nmethods=7740 adapters=716
 compilation: enabled

Compilation events (10 events):
Event: 66.102 Thread 0x0000000015bbb000 8713       3       org.gradle.internal.snapshot.SnapshotHierarchy$NodeDiffListener$1::nodeRemoved (1 bytes)
Event: 66.102 Thread 0x0000000015bbb000 nmethod 8713 0x0000000003ac5e90 code [0x0000000003ac5fe0, 0x0000000003ac6130]
Event: 66.102 Thread 0x0000000015bbb000 8711       3       org.gradle.internal.snapshot.AbstractCompleteFileSystemLocationSnapshot::accept (8 bytes)
Event: 66.102 Thread 0x0000000015bbb000 nmethod 8711 0x0000000003ac5850 code [0x0000000003ac59c0, 0x0000000003ac5c50]
Event: 66.102 Thread 0x0000000015bbb000 8712       3       org.gradle.internal.vfs.impl.DefaultVirtualFileSystem$$Lambda$565/1145363828::visitSnapshotRoot (14 bytes)
Event: 66.103 Thread 0x0000000015bbb000 nmethod 8712 0x0000000003ac8310 code [0x0000000003ac8480, 0x0000000003ac8670]
Event: 66.103 Thread 0x0000000015bbb000 8714       1       com.google.common.cache.LocalCache$StrongValueReference::isActive (2 bytes)
Event: 66.103 Thread 0x0000000015bbb000 nmethod 8714 0x00000000034f5310 code [0x00000000034f5460, 0x00000000034f5570]
Event: 66.103 Thread 0x0000000015bbb000 8715       1       com.google.common.cache.RemovalCause$1::wasEvicted (2 bytes)
Event: 66.103 Thread 0x0000000015bbb000 nmethod 8715 0x0000000003ac2a50 code [0x0000000003ac2ba0, 0x0000000003ac2cb0]

GC Heap History (10 events):
Event: 33.618 GC heap before
{Heap before GC invocations=15 (full 2):
 PSYoungGen      total 128512K, used 119296K [0x00000000e0000000, 0x00000000e8800000, 0x0000000100000000)
  eden space 119296K, 100% used [0x00000000e0000000,0x00000000e7480000,0x00000000e7480000)
  from space 9216K, 0% used [0x00000000e7d80000,0x00000000e7d80000,0x00000000e8680000)
  to   space 9216K, 0% used [0x00000000e7480000,0x00000000e7480000,0x00000000e7d80000)
 ParOldGen       total 47616K, used 16609K [0x00000000a0000000, 0x00000000a2e80000, 0x00000000e0000000)
  object space 47616K, 34% used [0x00000000a0000000,0x00000000a10386f0,0x00000000a2e80000)
 Metaspace       used 39885K, capacity 41662K, committed 41856K, reserved 1085440K
  class space    used 5486K, capacity 5926K, committed 6016K, reserved 1048576K
Event: 33.652 GC heap after
Heap after GC invocations=15 (full 2):
 PSYoungGen      total 128512K, used 9207K [0x00000000e0000000, 0x00000000ea780000, 0x0000000100000000)
  eden space 119296K, 0% used [0x00000000e0000000,0x00000000e0000000,0x00000000e7480000)
  from space 9216K, 99% used [0x00000000e7480000,0x00000000e7d7dcf0,0x00000000e7d80000)
  to   space 10752K, 0% used [0x00000000e9d00000,0x00000000e9d00000,0x00000000ea780000)
 ParOldGen       total 47616K, used 17174K [0x00000000a0000000, 0x00000000a2e80000, 0x00000000e0000000)
  object space 47616K, 36% used [0x00000000a0000000,0x00000000a10c5bc8,0x00000000a2e80000)
 Metaspace       used 39885K, capacity 41662K, committed 41856K, reserved 1085440K
  class space    used 5486K, capacity 5926K, committed 6016K, reserved 1048576K
}
Event: 40.480 GC heap before
{Heap before GC invocations=16 (full 2):
 PSYoungGen      total 128512K, used 128503K [0x00000000e0000000, 0x00000000ea780000, 0x0000000100000000)
  eden space 119296K, 100% used [0x00000000e0000000,0x00000000e7480000,0x00000000e7480000)
  from space 9216K, 99% used [0x00000000e7480000,0x00000000e7d7dcf0,0x00000000e7d80000)
  to   space 10752K, 0% used [0x00000000e9d00000,0x00000000e9d00000,0x00000000ea780000)
 ParOldGen       total 47616K, used 17174K [0x00000000a0000000, 0x00000000a2e80000, 0x00000000e0000000)
  object space 47616K, 36% used [0x00000000a0000000,0x00000000a10c5bc8,0x00000000a2e80000)
 Metaspace       used 50747K, capacity 52790K, committed 53120K, reserved 1095680K
  class space    used 6781K, capacity 7253K, committed 7296K, reserved 1048576K
Event: 40.557 GC heap after
Heap after GC invocations=16 (full 2):
 PSYoungGen      total 155648K, used 10741K [0x00000000e0000000, 0x00000000eb100000, 0x0000000100000000)
  eden space 144896K, 0% used [0x00000000e0000000,0x00000000e0000000,0x00000000e8d80000)
  from space 10752K, 99% used [0x00000000e9d00000,0x00000000ea77d520,0x00000000ea780000)
  to   space 15872K, 0% used [0x00000000e8d80000,0x00000000e8d80000,0x00000000e9d00000)
 ParOldGen       total 47616K, used 26227K [0x00000000a0000000, 0x00000000a2e80000, 0x00000000e0000000)
  object space 47616K, 55% used [0x00000000a0000000,0x00000000a199cf90,0x00000000a2e80000)
 Metaspace       used 50747K, capacity 52790K, committed 53120K, reserved 1095680K
  class space    used 6781K, capacity 7253K, committed 7296K, reserved 1048576K
}
Event: 44.464 GC heap before
{Heap before GC invocations=17 (full 2):
 PSYoungGen      total 155648K, used 74769K [0x00000000e0000000, 0x00000000eb100000, 0x0000000100000000)
  eden space 144896K, 44% used [0x00000000e0000000,0x00000000e3e871c8,0x00000000e8d80000)
  from space 10752K, 99% used [0x00000000e9d00000,0x00000000ea77d520,0x00000000ea780000)
  to   space 15872K, 0% used [0x00000000e8d80000,0x00000000e8d80000,0x00000000e9d00000)
 ParOldGen       total 47616K, used 26227K [0x00000000a0000000, 0x00000000a2e80000, 0x00000000e0000000)
  object space 47616K, 55% used [0x00000000a0000000,0x00000000a199cf90,0x00000000a2e80000)
 Metaspace       used 56612K, capacity 58934K, committed 59008K, reserved 1099776K
  class space    used 7733K, capacity 8284K, committed 8320K, reserved 1048576K
Event: 44.519 GC heap after
Heap after GC invocations=17 (full 2):
 PSYoungGen      total 160768K, used 7763K [0x00000000e0000000, 0x00000000ecf80000, 0x0000000100000000)
  eden space 144896K, 0% used [0x00000000e0000000,0x00000000e0000000,0x00000000e8d80000)
  from space 15872K, 48% used [0x00000000e8d80000,0x00000000e9514c50,0x00000000e9d00000)
  to   space 15360K, 0% used [0x00000000ec080000,0x00000000ec080000,0x00000000ecf80000)
 ParOldGen       total 47616K, used 34568K [0x00000000a0000000, 0x00000000a2e80000, 0x00000000e0000000)
  object space 47616K, 72% used [0x00000000a0000000,0x00000000a21c23f0,0x00000000a2e80000)
 Metaspace       used 56612K, capacity 58934K, committed 59008K, reserved 1099776K
  class space    used 7733K, capacity 8284K, committed 8320K, reserved 1048576K
}
Event: 44.519 GC heap before
{Heap before GC invocations=18 (full 3):
 PSYoungGen      total 160768K, used 7763K [0x00000000e0000000, 0x00000000ecf80000, 0x0000000100000000)
  eden space 144896K, 0% used [0x00000000e0000000,0x00000000e0000000,0x00000000e8d80000)
  from space 15872K, 48% used [0x00000000e8d80000,0x00000000e9514c50,0x00000000e9d00000)
  to   space 15360K, 0% used [0x00000000ec080000,0x00000000ec080000,0x00000000ecf80000)
 ParOldGen       total 47616K, used 34568K [0x00000000a0000000, 0x00000000a2e80000, 0x00000000e0000000)
  object space 47616K, 72% used [0x00000000a0000000,0x00000000a21c23f0,0x00000000a2e80000)
 Metaspace       used 56612K, capacity 58934K, committed 59008K, reserved 1099776K
  class space    used 7733K, capacity 8284K, committed 8320K, reserved 1048576K
Event: 45.053 GC heap after
Heap after GC invocations=18 (full 3):
 PSYoungGen      total 160768K, used 0K [0x00000000e0000000, 0x00000000ecf80000, 0x0000000100000000)
  eden space 144896K, 0% used [0x00000000e0000000,0x00000000e0000000,0x00000000e8d80000)
  from space 15872K, 0% used [0x00000000e8d80000,0x00000000e8d80000,0x00000000e9d00000)
  to   space 15360K, 0% used [0x00000000ec080000,0x00000000ec080000,0x00000000ecf80000)
 ParOldGen       total 78848K, used 33069K [0x00000000a0000000, 0x00000000a4d00000, 0x00000000e0000000)
  object space 78848K, 41% used [0x00000000a0000000,0x00000000a204b6d0,0x00000000a4d00000)
 Metaspace       used 56604K, capacity 58910K, committed 59008K, reserved 1099776K
  class space    used 7730K, capacity 8280K, committed 8320K, reserved 1048576K
}
Event: 57.864 GC heap before
{Heap before GC invocations=19 (full 3):
 PSYoungGen      total 160768K, used 144896K [0x00000000e0000000, 0x00000000ecf80000, 0x0000000100000000)
  eden space 144896K, 100% used [0x00000000e0000000,0x00000000e8d80000,0x00000000e8d80000)
  from space 15872K, 0% used [0x00000000e8d80000,0x00000000e8d80000,0x00000000e9d00000)
  to   space 15360K, 0% used [0x00000000ec080000,0x00000000ec080000,0x00000000ecf80000)
 ParOldGen       total 78848K, used 33069K [0x00000000a0000000, 0x00000000a4d00000, 0x00000000e0000000)
  object space 78848K, 41% used [0x00000000a0000000,0x00000000a204b6d0,0x00000000a4d00000)
 Metaspace       used 63121K, capacity 65868K, committed 66176K, reserved 1105920K
  class space    used 8685K, capacity 9271K, committed 9344K, reserved 1048576K
Event: 57.918 GC heap after
Heap after GC invocations=19 (full 3):
 PSYoungGen      total 187904K, used 13299K [0x00000000e0000000, 0x00000000ecd80000, 0x0000000100000000)
  eden space 174592K, 0% used [0x00000000e0000000,0x00000000e0000000,0x00000000eaa80000)
  from space 13312K, 99% used [0x00000000ec080000,0x00000000ecd7cf28,0x00000000ecd80000)
  to   space 16896K, 0% used [0x00000000eac80000,0x00000000eac80000,0x00000000ebd00000)
 ParOldGen       total 78848K, used 33077K [0x00000000a0000000, 0x00000000a4d00000, 0x00000000e0000000)
  object space 78848K, 41% used [0x00000000a0000000,0x00000000a204d6d0,0x00000000a4d00000)
 Metaspace       used 63121K, capacity 65868K, committed 66176K, reserved 1105920K
  class space    used 8685K, capacity 9271K, committed 9344K, reserved 1048576K
}

Deoptimization events (10 events):
Event: 65.907 Thread 0x0000000018a56800 Uncommon trap: reason=unstable_if action=reinterpret pc=0x0000000002760fb4 method=org.gradle.internal.logging.text.AbstractLineChoppingStyledTextOutput$2.execute(Lorg/gradle/internal/logging/text/AbstractLineChoppingStyledTextOutput$StateContext;)V @ 30
Event: 65.934 Thread 0x0000000018a56800 Uncommon trap: reason=unstable_if action=reinterpret pc=0x000000000275e014 method=org.gradle.internal.logging.text.AbstractLineChoppingStyledTextOutput$2.execute(Lorg/gradle/internal/logging/text/AbstractLineChoppingStyledTextOutput$StateContext;)V @ 30
Event: 65.936 Thread 0x0000000018a56800 Uncommon trap: reason=unstable_if action=reinterpret pc=0x000000000275f218 method=org.gradle.internal.logging.text.AbstractLineChoppingStyledTextOutput$2.execute(Lorg/gradle/internal/logging/text/AbstractLineChoppingStyledTextOutput$StateContext;)V @ 30
Event: 65.988 Thread 0x0000000018a56800 Uncommon trap: reason=class_check action=maybe_recompile pc=0x0000000002479f14 method=java.lang.String.equals(Ljava/lang/Object;)Z @ 8
Event: 65.988 Thread 0x0000000018a56800 Uncommon trap: reason=class_check action=maybe_recompile pc=0x0000000002479f14 method=java.lang.String.equals(Ljava/lang/Object;)Z @ 8
Event: 65.988 Thread 0x0000000018a56800 Uncommon trap: reason=class_check action=maybe_recompile pc=0x0000000002479f14 method=java.lang.String.equals(Ljava/lang/Object;)Z @ 8
Event: 65.988 Thread 0x0000000018a56800 Uncommon trap: reason=class_check action=maybe_recompile pc=0x0000000002479f14 method=java.lang.String.equals(Ljava/lang/Object;)Z @ 8
Event: 66.009 Thread 0x0000000018a56800 Uncommon trap: reason=unstable_if action=reinterpret pc=0x00000000035d09ec method=org.gradle.internal.io.StreamByteBuffer.prepareRead()I @ 30
Event: 66.023 Thread 0x0000000018a56800 Uncommon trap: reason=bimorphic action=maybe_recompile pc=0x00000000038bc8d0 method=com.google.common.cache.LocalCache$Segment.get(Ljava/lang/Object;I)Ljava/lang/Object; @ 44
Event: 66.032 Thread 0x0000000018a56800 Uncommon trap: reason=bimorphic action=maybe_recompile pc=0x00000000038bc8d0 method=com.google.common.cache.LocalCache$Segment.get(Ljava/lang/Object;I)Ljava/lang/Object; @ 44

Classes redefined (0 events):
No events

Internal exceptions (10 events):
Event: 63.615 Thread 0x0000000018dfe800 Exception <a 'sun/nio/fs/WindowsException'> (0x00000000e6030208) thrown at [C:\src\AOSP-openjdk-git\hotspot\src\share\vm\prims\jni.cpp, line 710]
Event: 64.794 Thread 0x0000000018dfe800 Exception <a 'java/lang/NoSuchMethodError': <clinit>> (0x00000000e91ddc00) thrown at [C:\src\AOSP-openjdk-git\hotspot\src\share\vm\prims\jni.cpp, line 1615]
Event: 64.801 Thread 0x0000000018dfe800 Exception <a 'java/lang/NoSuchMethodError': <clinit>> (0x00000000e9200790) thrown at [C:\src\AOSP-openjdk-git\hotspot\src\share\vm\prims\jni.cpp, line 1615]
Event: 64.803 Thread 0x0000000018dfe800 Exception <a 'java/lang/NoSuchMethodError': <clinit>> (0x00000000e921ea88) thrown at [C:\src\AOSP-openjdk-git\hotspot\src\share\vm\prims\jni.cpp, line 1615]
Event: 64.805 Thread 0x0000000018dfe800 Exception <a 'java/lang/NoSuchMethodError': <clinit>> (0x00000000e922e848) thrown at [C:\src\AOSP-openjdk-git\hotspot\src\share\vm\prims\jni.cpp, line 1615]
Event: 64.827 Thread 0x0000000018dfe800 Exception <a 'java/lang/NoSuchMethodError': <clinit>> (0x00000000e92e99f0) thrown at [C:\src\AOSP-openjdk-git\hotspot\src\share\vm\prims\jni.cpp, line 1615]
Event: 65.799 Thread 0x0000000018c25800 Exception <a 'java/io/IOException'> (0x00000000e954c418) thrown at [C:\src\AOSP-openjdk-git\hotspot\src\share\vm\prims\jni.cpp, line 710]
Event: 65.806 Thread 0x0000000018dfe800 Exception <a 'java/lang/reflect/InvocationTargetException'> (0x00000000e9349610) thrown at [C:\src\AOSP-openjdk-git\hotspot\src\share\vm\runtime\reflection.cpp, line 1092]
Event: 65.842 Thread 0x0000000018a50800 Exception <a 'java/lang/NoSuchMethodError': <clinit>> (0x00000000e97b8ce8) thrown at [C:\src\AOSP-openjdk-git\hotspot\src\share\vm\prims\jni.cpp, line 1615]
Event: 65.844 Thread 0x0000000018a50800 Exception <a 'java/lang/NoSuchMethodError': <clinit>> (0x00000000e97c94c0) thrown at [C:\src\AOSP-openjdk-git\hotspot\src\share\vm\prims\jni.cpp, line 1615]

Events (10 events):
Event: 66.039 loading class com/google/wireless/android/sdk/stats/StudioCrashOrBuilder done
Event: 66.062 loading class java/util/Collections$EmptyListIterator done
Event: 66.063 loading class com/google/wireless/android/sdk/stats/EmulatorUiEventOrBuilder
Event: 66.063 loading class com/google/wireless/android/sdk/stats/EmulatorUiEventOrBuilder done
Event: 66.069 loading class org/gradle/tooling/internal/provider/serialization/SerializedPayload
Event: 66.069 loading class org/gradle/tooling/internal/provider/serialization/SerializedPayload done
Event: 66.070 loading class org/gradle/launcher/exec/BuildActionResult
Event: 66.070 loading class org/gradle/launcher/exec/BuildActionResult done
Event: 66.083 loading class com/google/wireless/android/sdk/stats/GradleBuildDetailsOrBuilder
Event: 66.083 loading class com/google/wireless/android/sdk/stats/GradleBuildDetailsOrBuilder done


Dynamic libraries:
0x000000013f650000 - 0x000000013f681000 	C:\Program Files\Android\Android Studio1\jre\bin\java.exe
0x0000000077a00000 - 0x0000000077ba9000 	C:\Windows\SYSTEM32\ntdll.dll
0x000007feeb280000 - 0x000007feeb292000 	C:\Program Files\AVAST Software\Avast\aswhook.dll
0x00000000778e0000 - 0x00000000779ff000 	C:\Windows\system32\kernel32.dll
0x000007fefdb70000 - 0x000007fefdbdb000 	C:\Windows\system32\KERNELBASE.dll
0x000007fefebf0000 - 0x000007fefeccb000 	C:\Windows\system32\ADVAPI32.dll
0x000007feffc70000 - 0x000007feffd0f000 	C:\Windows\system32\msvcrt.dll
0x000007fefe940000 - 0x000007fefe95f000 	C:\Windows\SYSTEM32\sechost.dll
0x000007fefe4c0000 - 0x000007fefe5ed000 	C:\Windows\system32\RPCRT4.dll
0x00000000777e0000 - 0x00000000778da000 	C:\Windows\system32\USER32.dll
0x000007fefeb80000 - 0x000007fefebe7000 	C:\Windows\system32\GDI32.dll
0x000007feffc60000 - 0x000007feffc6e000 	C:\Windows\system32\LPK.dll
0x000007fefe870000 - 0x000007fefe939000 	C:\Windows\system32\USP10.dll
0x000007fefc420000 - 0x000007fefc614000 	C:\Windows\WinSxS\amd64_microsoft.windows.common-controls_6595b64144ccf1df_6.0.7601.17514_none_fa396087175ac9ac\COMCTL32.dll
0x000007fefe120000 - 0x000007fefe191000 	C:\Windows\system32\SHLWAPI.dll
0x000007fefe0f0000 - 0x000007fefe11e000 	C:\Windows\system32\IMM32.DLL
0x000007fefdd20000 - 0x000007fefde29000 	C:\Windows\system32\MSCTF.dll
0x0000000075560000 - 0x0000000075632000 	C:\Program Files\Android\Android Studio1\jre\jre\bin\msvcr100.dll
0x000000006be40000 - 0x000000006c68b000 	C:\Program Files\Android\Android Studio1\jre\jre\bin\server\jvm.dll
0x000007fefabe0000 - 0x000007fefabe9000 	C:\Windows\system32\WSOCK32.dll
0x000007fefee80000 - 0x000007fefeecd000 	C:\Windows\system32\WS2_32.dll
0x000007fefe960000 - 0x000007fefe968000 	C:\Windows\system32\NSI.dll
0x000007fef4a40000 - 0x000007fef4a7b000 	C:\Windows\system32\WINMM.dll
0x000007fefcab0000 - 0x000007fefcabc000 	C:\Windows\system32\VERSION.dll
0x0000000077bd0000 - 0x0000000077bd7000 	C:\Windows\system32\PSAPI.DLL
0x000007fefb450000 - 0x000007fefb45f000 	C:\Program Files\Android\Android Studio1\jre\jre\bin\verify.dll
0x000007fef3680000 - 0x000007fef36a9000 	C:\Program Files\Android\Android Studio1\jre\jre\bin\java.dll
0x000007fef36c0000 - 0x000007fef36d6000 	C:\Program Files\Android\Android Studio1\jre\jre\bin\zip.dll
0x000007fefeed0000 - 0x000007feffc58000 	C:\Windows\system32\SHELL32.dll
0x000007fefe970000 - 0x000007fefeb73000 	C:\Windows\system32\ole32.dll
0x000007fefd950000 - 0x000007fefd95f000 	C:\Windows\system32\profapi.dll
0x000007fef3700000 - 0x000007fef371a000 	C:\Program Files\Android\Android Studio1\jre\jre\bin\net.dll
0x000007fefd180000 - 0x000007fefd1d5000 	C:\Windows\system32\mswsock.dll
0x000007fefd170000 - 0x000007fefd177000 	C:\Windows\System32\wship6.dll
0x000007fef3660000 - 0x000007fef3673000 	C:\Program Files\Android\Android Studio1\jre\jre\bin\nio.dll
0x000007fef2590000 - 0x000007fef25b7000 	C:\Users\Woozibibi\.gradle\native\f6784746aeab05261644944871eae4fe03e0ef1612fff0a4a95f87b438bc6780\windows-amd64\native-platform.dll
0x000007fefc400000 - 0x000007fefc40d000 	C:\Program Files\Android\Android Studio1\jre\jre\bin\management.dll
0x000007fefd1e0000 - 0x000007fefd1f7000 	C:\Windows\system32\CRYPTSP.dll
0x000007fefcee0000 - 0x000007fefcf27000 	C:\Windows\system32\rsaenh.dll
0x000007fefcca0000 - 0x000007fefccbe000 	C:\Windows\system32\USERENV.dll
0x000007fefd880000 - 0x000007fefd88f000 	C:\Windows\system32\CRYPTBASE.dll
0x000007fefb360000 - 0x000007fefb387000 	C:\Windows\system32\IPHLPAPI.DLL
0x000007fefb350000 - 0x000007fefb35b000 	C:\Windows\system32\WINNSI.DLL
0x000007fefb150000 - 0x000007fefb161000 	C:\Windows\system32\dhcpcsvc6.DLL
0x000007fefb120000 - 0x000007fefb138000 	C:\Windows\system32\dhcpcsvc.DLL
0x000007fefd820000 - 0x000007fefd877000 	C:\Windows\system32\apphelp.dll

VM Arguments:
jvm_args: -Xmx1536m -Dfile.encoding=windows-1252 -Duser.country=US -Duser.language=en -Duser.variant 
java_command: org.gradle.launcher.daemon.bootstrap.GradleDaemon 6.5
java_class_path (initial): C:\Users\Woozibibi\.gradle\wrapper\dists\gradle-6.5-all\2oz4ud9k3tuxjg84bbf55q0tn\gradle-6.5\lib\gradle-launcher-6.5.jar
Launcher Type: SUN_STANDARD

Environment Variables:
PATH=C:\Program Files (x86)\Common Files\Oracle\Java\javapath;C:\Users\Woozibibi\AppData\Local\Android\Sdk\tools;C:\Users\Woozibibi\AppData\Local\Android\Sdk\platform-tools;C:\Users\Woozibibi\AppData\Local\Android\Sdk\ndk\20.0.5594570;C:\Windows\System32
USERNAME=Woozibibi
OS=Windows_NT
PROCESSOR_IDENTIFIER=Intel64 Family 6 Model 15 Stepping 2, GenuineIntel



---------------  S Y S T E M  ---------------

OS: Windows 7 , 64 bit Build 7601 (6.1.7601.17514)

CPU:total 2 (initial active 2) (2 cores per cpu, 1 threads per core) family 6 model 15 stepping 2, cmov, cx8, fxsr, mmx, sse, sse2, sse3, ssse3, tsc

Memory: 4k page, physical 3397756k(139864k free), swap 4688352k(4892k free)

vm_info: OpenJDK 64-Bit Server VM (25.242-b01) for windows-amd64 JRE (1.8.0_242-release-1644-b01), built by "builder" with MS VC++ 10.0 (VS2010)

time: Thu Oct 29 03:20:31 2020
timezone: China Standard Time
elapsed time: 66 seconds (0d 0h 1m 6s)

