#
# There is insufficient memory for the Java Runtime Environment to continue.
# Native memory allocation (malloc) failed to allocate 471936 bytes for Chunk::new
# Possible reasons:
#   The system is out of physical RAM or swap space
#   The process is running with CompressedOops enabled, and the Java Heap may be blocking the growth of the native heap
# Possible solutions:
#   Reduce memory load on the system
#   Increase physical memory or swap space
#   Check if swap backing store is full
#   Decrease Java heap size (-Xmx/-Xms)
#   Decrease number of Java threads
#   Decrease Java thread stack sizes (-Xss)
#   Set larger code cache with -XX:ReservedCodeCacheSize=
#   JVM is running with Unscaled Compressed Oops mode in which the Java heap is
#     placed in the first 4GB address space. The Java Heap base address is the
#     maximum limit for the native heap growth. Please use -XX:HeapBaseMinAddress
#     to set the Java Heap base and to place the Java Heap above 4GB virtual address.
# This output file may be truncated or incomplete.
#
#  Out of Memory Error (allocation.cpp:389), pid=5508, tid=0x0000000000000cf8
#
# JRE version: OpenJDK Runtime Environment (8.0_202-b03) (build 1.8.0_202-release-1483-b03)
# Java VM: OpenJDK 64-Bit Server VM (25.202-b03 mixed mode windows-amd64 compressed oops)
# Failed to write core dump. Minidumps are not enabled by default on client versions of Windows
#

---------------  T H R E A D  ---------------

Current thread (0x0000000055d06000):  JavaThread "C2 CompilerThread0" daemon [_thread_in_native, id=3320, stack(0x0000000056f70000,0x0000000057070000)]

Stack: [0x0000000056f70000,0x0000000057070000]
[error occurred during error reporting (printing stack bounds), id 0xc0000005]

Native frames: (J=compiled Java code, j=interpreted, Vv=VM code, C=native code)


Current CompileTask:
C2:4328173 18912       4       java.util.TimSort::sort (229 bytes)


---------------  P R O C E S S  ---------------

Java Threads: ( => current thread )
  0x000000005b6c3000 JavaThread "Cache worker for Java compile cache (C:\Users\Woozibibi\AndroidStudioProjects\NewCycle\.gradle\5.4.1\javaCompile)" [_thread_blocked, id=588, stack(0x0000000063d70000,0x0000000063e70000)]
  0x000000005b6c2800 JavaThread "Cache worker for Java compile cache (C:\Users\Woozibibi\.gradle\caches\5.4.1\javaCompile)" [_thread_blocked, id=4876, stack(0x0000000063bb0000,0x0000000063cb0000)]
  0x0000000058a49000 JavaThread "WorkerExecutor Queue Thread 3" [_thread_blocked, id=4220, stack(0x0000000063a30000,0x0000000063b30000)]
  0x00000000602c9800 JavaThread "stdout" [_thread_in_native, id=4028, stack(0x0000000062fe0000,0x00000000630e0000)]
  0x00000000602c9000 JavaThread "stderr" [_thread_in_native, id=3868, stack(0x0000000061b70000,0x0000000061c70000)]
  0x00000000602c8000 JavaThread "stdout" [_thread_in_native, id=6120, stack(0x0000000063740000,0x0000000063840000)]
  0x00000000602c7800 JavaThread "stderr" [_thread_in_native, id=5812, stack(0x0000000063550000,0x0000000063650000)]
  0x00000000602c6800 JavaThread "pool-10-thread-1" [_thread_blocked, id=1124, stack(0x00000000633f0000,0x00000000634f0000)]
  0x0000000062118800 JavaThread "WorkerExecutor Queue Thread 2" [_thread_blocked, id=4116, stack(0x000000005d3e0000,0x000000005d4e0000)]
  0x0000000062116800 JavaThread "Cache worker for execution history cache (C:\Users\Woozibibi\AndroidStudioProjects\NewCycle\.gradle\5.4.1\executionHistory)" [_thread_blocked, id=6012, stack(0x0000000061cb0000,0x0000000061db0000)]
  0x0000000062115800 JavaThread "Execution worker for ':'" [_thread_in_native, id=4056, stack(0x000000005e020000,0x000000005e120000)]
  0x0000000062115000 JavaThread "Cache worker for file content cache (C:\Users\Woozibibi\AndroidStudioProjects\NewCycle\.gradle\5.4.1\fileContent)" [_thread_blocked, id=620, stack(0x00000000610d0000,0x00000000611d0000)]
  0x0000000062114000 JavaThread "Cache worker for file content cache (C:\Users\Woozibibi\.gradle\caches\5.4.1\fileContent)" [_thread_blocked, id=5108, stack(0x0000000061a50000,0x0000000061b50000)]
  0x0000000062112800 JavaThread "Cache worker for Build Output Cleanup Cache (C:\Users\Woozibibi\AndroidStudioProjects\NewCycle\.gradle\buildOutputCleanup)" [_thread_blocked, id=3592, stack(0x00000000618b0000,0x00000000619b0000)]
  0x0000000062112000 JavaThread "Build operations Thread 2" [_thread_blocked, id=4696, stack(0x000000005e130000,0x000000005e230000)]
  0x0000000058a47800 JavaThread "Build operations" [_thread_blocked, id=5148, stack(0x0000000060910000,0x0000000060a10000)]
  0x0000000058a48000 JavaThread "Cache worker for cache directory md-rule (C:\Users\Woozibibi\.gradle\caches\5.4.1\md-rule)" [_thread_blocked, id=5340, stack(0x000000005e840000,0x000000005e940000)]
  0x0000000058a4a800 JavaThread "Cache worker for cache directory md-supplier (C:\Users\Woozibibi\.gradle\caches\5.4.1\md-supplier)" [_thread_blocked, id=2172, stack(0x000000005d570000,0x000000005d670000)]
  0x0000000058a46000 JavaThread "Cache worker for file hash cache (C:\Users\Woozibibi\AndroidStudioProjects\NewCycle\.gradle\5.4.1\fileHashes)" [_thread_blocked, id=5564, stack(0x0000000059ef0000,0x0000000059ff0000)]
  0x0000000058a40800 JavaThread "Thread-68" [_thread_blocked, id=3484, stack(0x000000005a140000,0x000000005a240000)]
  0x0000000058a3d000 JavaThread "Asynchronous log dispatcher for DefaultDaemonConnection: socket connection from /127.0.0.1:3917 to /127.0.0.1:4179" [_thread_blocked, id=5280, stack(0x0000000059450000,0x0000000059550000)]
  0x0000000058a44800 JavaThread "Daemon worker Thread 3" [_thread_in_Java, id=5424, stack(0x0000000059d80000,0x0000000059e80000)]
  0x0000000058a45000 JavaThread "Cancel handler" [_thread_blocked, id=4808, stack(0x0000000059c10000,0x0000000059d10000)]
  0x0000000058a49800 JavaThread "Handler for socket connection from /127.0.0.1:3917 to /127.0.0.1:4179" [_thread_in_native, id=5544, stack(0x0000000059880000,0x0000000059980000)]
  0x0000000058a40000 JavaThread "Daemon Thread 3" [_thread_blocked, id=4304, stack(0x00000000596d0000,0x00000000597d0000)]
  0x0000000058a46800 JavaThread "Memory manager" [_thread_blocked, id=3916, stack(0x000000005f5e0000,0x000000005f6e0000)]
  0x0000000058a41800 JavaThread "Cache worker for execution history cache (C:\Users\Woozibibi\.gradle\caches\5.4.1\executionHistory)" [_thread_blocked, id=1008, stack(0x000000005d6f0000,0x000000005d7f0000)]
  0x0000000058a3c000 JavaThread "Cache worker for journal cache (C:\Users\Woozibibi\.gradle\caches\journal-1)" [_thread_blocked, id=4348, stack(0x000000005a2c0000,0x000000005a3c0000)]
  0x0000000058a3b800 JavaThread "File lock request listener" [_thread_in_native, id=3264, stack(0x000000005a440000,0x000000005a540000)]
  0x000000005767d000 JavaThread "Cache worker for file hash cache (C:\Users\Woozibibi\.gradle\caches\5.4.1\fileHashes)" [_thread_blocked, id=4504, stack(0x0000000059ff0000,0x000000005a0f0000)]
  0x00000000573e5000 JavaThread "Daemon periodic checks" [_thread_blocked, id=5268, stack(0x00000000595c0000,0x00000000596c0000)]
  0x00000000573e7800 JavaThread "Incoming local TCP Connector on port 3917" [_thread_in_native, id=3892, stack(0x00000000571c0000,0x00000000572c0000)]
  0x0000000058653000 JavaThread "Daemon health stats" [_thread_blocked, id=5152, stack(0x00000000590f0000,0x00000000591f0000)]
  0x0000000055d1a000 JavaThread "Service Thread" daemon [_thread_blocked, id=3104, stack(0x00000000570c0000,0x00000000571c0000)]
  0x0000000055d0d000 JavaThread "C1 CompilerThread1" daemon [_thread_blocked, id=4756, stack(0x00000000567d0000,0x00000000568d0000)]
=>0x0000000055d06000 JavaThread "C2 CompilerThread0" daemon [_thread_in_native, id=3320, stack(0x0000000056f70000,0x0000000057070000)]
  0x0000000055d04800 JavaThread "Attach Listener" daemon [_thread_blocked, id=5652, stack(0x0000000056e30000,0x0000000056f30000)]
  0x0000000055d03800 JavaThread "Signal Dispatcher" daemon [_thread_blocked, id=5592, stack(0x0000000056d00000,0x0000000056e00000)]
  0x0000000055ced000 JavaThread "Finalizer" daemon [_thread_blocked, id=148, stack(0x0000000056b30000,0x0000000056c30000)]
  0x0000000055ce4000 JavaThread "Reference Handler" daemon [_thread_blocked, id=4636, stack(0x00000000568f0000,0x00000000569f0000)]
  0x0000000001c0e800 JavaThread "main" [_thread_blocked, id=1220, stack(0x0000000001f70000,0x0000000002070000)]

Other Threads:
  0x0000000055c9c000 VMThread [stack: 0x00000000566b0000,0x00000000567b0000] [id=5668]
  0x0000000055d1d000 WatcherThread [stack: 0x00000000572e0000,0x00000000573e0000] [id=5792]

VM state:not at safepoint (normal execution)

VM Mutex/Monitor currently owned by a thread: None

heap address: 0x00000000a0000000, size: 1536 MB, Compressed Oops mode: 32-bit
Narrow klass base: 0x0000000000000000, Narrow klass shift: 0
Compressed class space size: 1073741824 Address: 0x0000000015370000

Heap:
 PSYoungGen      total 345600K, used 54993K [0x00000000e0000000, 0x00000000f6f80000, 0x0000000100000000)
  eden space 324608K, 12% used [0x00000000e0000000,0x00000000e279b7c0,0x00000000f3d00000)
  from space 20992K, 68% used [0x00000000f5580000,0x00000000f6398da0,0x00000000f6a00000)
  to   space 25088K, 0% used [0x00000000f3d00000,0x00000000f3d00000,0x00000000f5580000)
 ParOldGen       total 74240K, used 46441K [0x00000000a0000000, 0x00000000a4880000, 0x00000000e0000000)
  object space 74240K, 62% used [0x00000000a0000000,0x00000000a2d5a738,0x00000000a4880000)
 Metaspace       used 93340K, capacity 98362K, committed 98496K, reserved 1134592K
  class space    used 11892K, capacity 12779K, committed 12800K, reserved 1048576K

Card table byte_map: [0x0000000011700000,0x0000000011a10000] byte_map_base: 0x0000000011200000

Marking Bits: (ParMarkBitMap*) 0x000000006ed29f30
 Begin Bits: [0x0000000012070000, 0x0000000013870000)
 End Bits:   [0x0000000013870000, 0x0000000015070000)

Polling page: 0x0000000000310000

CodeCache: size=245760Kb used=56276Kb max_used=56371Kb free=189483Kb
 bounds [0x0000000002340000, 0x0000000005a90000, 0x0000000011340000]
 total_blobs=16720 nmethods=15844 adapters=788
 compilation: enabled

Compilation events (10 events):
Event: 4325.484 Thread 0x0000000055d0d000 nmethod 19466 0x0000000005a54250 code [0x0000000005a543a0, 0x0000000005a544f0]
Event: 4325.484 Thread 0x0000000055d0d000 19470       2       com.android.tools.r8.graph.DexValue$DexValueArray::<init> (10 bytes)
Event: 4325.485 Thread 0x0000000055d0d000 nmethod 19470 0x0000000005a54590 code [0x0000000005a546e0, 0x0000000005a54850]
Event: 4325.486 Thread 0x0000000055d0d000 19471       1       com.android.tools.r8.graph.DexProgramClass::o (2 bytes)
Event: 4325.486 Thread 0x0000000055d0d000 nmethod 19471 0x0000000005a548d0 code [0x0000000005a54a20, 0x0000000005a54b30]
Event: 4325.486 Thread 0x0000000055d0d000 19472       2       com.android.tools.r8.graph.y::<init> (155 bytes)
Event: 4325.487 Thread 0x0000000055d0d000 nmethod 19472 0x0000000005a54b90 code [0x0000000005a54d40, 0x0000000005a55528]
Event: 4325.487 Thread 0x0000000055d0d000 19473       3       com.android.tools.r8.t.a.a.f::a (148 bytes)
Event: 4325.488 Thread 0x0000000055d0d000 nmethod 19473 0x0000000005a55a90 code [0x0000000005a55c40, 0x0000000005a56168]
Event: 4325.492 Thread 0x0000000055d0d000 19474       2       com.android.tools.r8.graph.x::a (731 bytes)

GC Heap History (10 events):
Event: 4013.777 GC heap before
{Heap before GC invocations=19 (full 3):
 PSYoungGen      total 271872K, used 263968K [0x00000000e0000000, 0x00000000f4880000, 0x0000000100000000)
  eden space 251392K, 100% used [0x00000000e0000000,0x00000000ef580000,0x00000000ef580000)
  from space 20480K, 61% used [0x00000000ef580000,0x00000000f01c8170,0x00000000f0980000)
  to   space 20992K, 0% used [0x00000000f3400000,0x00000000f3400000,0x00000000f4880000)
 ParOldGen       total 74240K, used 39400K [0x00000000a0000000, 0x00000000a4880000, 0x00000000e0000000)
  object space 74240K, 53% used [0x00000000a0000000,0x00000000a267a220,0x00000000a4880000)
 Metaspace       used 75516K, capacity 79544K, committed 79744K, reserved 1118208K
  class space    used 9758K, capacity 10528K, committed 10624K, reserved 1048576K
Event: 4013.849 GC heap after
Heap after GC invocations=19 (full 3):
 PSYoungGen      total 315904K, used 10114K [0x00000000e0000000, 0x00000000f5080000, 0x0000000100000000)
  eden space 294912K, 0% used [0x00000000e0000000,0x00000000e0000000,0x00000000f2000000)
  from space 20992K, 48% used [0x00000000f3400000,0x00000000f3de0b48,0x00000000f4880000)
  to   space 20480K, 0% used [0x00000000f2000000,0x00000000f2000000,0x00000000f3400000)
 ParOldGen       total 74240K, used 39408K [0x00000000a0000000, 0x00000000a4880000, 0x00000000e0000000)
  object space 74240K, 53% used [0x00000000a0000000,0x00000000a267c220,0x00000000a4880000)
 Metaspace       used 75516K, capacity 79544K, committed 79744K, reserved 1118208K
  class space    used 9758K, capacity 10528K, committed 10624K, reserved 1048576K
}
Event: 4273.321 GC heap before
{Heap before GC invocations=20 (full 3):
 PSYoungGen      total 315904K, used 305026K [0x00000000e0000000, 0x00000000f5080000, 0x0000000100000000)
  eden space 294912K, 100% used [0x00000000e0000000,0x00000000f2000000,0x00000000f2000000)
  from space 20992K, 48% used [0x00000000f3400000,0x00000000f3de0b48,0x00000000f4880000)
  to   space 20480K, 0% used [0x00000000f2000000,0x00000000f2000000,0x00000000f3400000)
 ParOldGen       total 74240K, used 39408K [0x00000000a0000000, 0x00000000a4880000, 0x00000000e0000000)
  object space 74240K, 53% used [0x00000000a0000000,0x00000000a267c220,0x00000000a4880000)
 Metaspace       used 77839K, capacity 82054K, committed 82304K, reserved 1120256K
  class space    used 9983K, capacity 10773K, committed 10880K, reserved 1048576K
Event: 4273.547 GC heap after
Heap after GC invocations=20 (full 3):
 PSYoungGen      total 315392K, used 13854K [0x00000000e0000000, 0x00000000f6a00000, 0x0000000100000000)
  eden space 294912K, 0% used [0x00000000e0000000,0x00000000e0000000,0x00000000f2000000)
  from space 20480K, 67% used [0x00000000f2000000,0x00000000f2d87948,0x00000000f3400000)
  to   space 20992K, 0% used [0x00000000f5580000,0x00000000f5580000,0x00000000f6a00000)
 ParOldGen       total 74240K, used 39416K [0x00000000a0000000, 0x00000000a4880000, 0x00000000e0000000)
  object space 74240K, 53% used [0x00000000a0000000,0x00000000a267e220,0x00000000a4880000)
 Metaspace       used 77839K, capacity 82054K, committed 82304K, reserved 1120256K
  class space    used 9983K, capacity 10773K, committed 10880K, reserved 1048576K
}
Event: 4303.594 GC heap before
{Heap before GC invocations=21 (full 3):
 PSYoungGen      total 315392K, used 308766K [0x00000000e0000000, 0x00000000f6a00000, 0x0000000100000000)
  eden space 294912K, 100% used [0x00000000e0000000,0x00000000f2000000,0x00000000f2000000)
  from space 20480K, 67% used [0x00000000f2000000,0x00000000f2d87948,0x00000000f3400000)
  to   space 20992K, 0% used [0x00000000f5580000,0x00000000f5580000,0x00000000f6a00000)
 ParOldGen       total 74240K, used 39416K [0x00000000a0000000, 0x00000000a4880000, 0x00000000e0000000)
  object space 74240K, 53% used [0x00000000a0000000,0x00000000a267e220,0x00000000a4880000)
 Metaspace       used 85510K, capacity 89996K, committed 90112K, reserved 1128448K
  class space    used 10914K, capacity 11730K, committed 11776K, reserved 1048576K
Event: 4303.841 GC heap after
Heap after GC invocations=21 (full 3):
 PSYoungGen      total 345600K, used 20981K [0x00000000e0000000, 0x00000000f6f80000, 0x0000000100000000)
  eden space 324608K, 0% used [0x00000000e0000000,0x00000000e0000000,0x00000000f3d00000)
  from space 20992K, 99% used [0x00000000f5580000,0x00000000f69fd5d8,0x00000000f6a00000)
  to   space 25088K, 0% used [0x00000000f3d00000,0x00000000f3d00000,0x00000000f5580000)
 ParOldGen       total 74240K, used 40790K [0x00000000a0000000, 0x00000000a4880000, 0x00000000e0000000)
  object space 74240K, 54% used [0x00000000a0000000,0x00000000a27d5900,0x00000000a4880000)
 Metaspace       used 85510K, capacity 89996K, committed 90112K, reserved 1128448K
  class space    used 10914K, capacity 11730K, committed 11776K, reserved 1048576K
}
Event: 4317.779 GC heap before
{Heap before GC invocations=22 (full 3):
 PSYoungGen      total 345600K, used 345589K [0x00000000e0000000, 0x00000000f6f80000, 0x0000000100000000)
  eden space 324608K, 100% used [0x00000000e0000000,0x00000000f3d00000,0x00000000f3d00000)
  from space 20992K, 99% used [0x00000000f5580000,0x00000000f69fd5d8,0x00000000f6a00000)
  to   space 25088K, 0% used [0x00000000f3d00000,0x00000000f3d00000,0x00000000f5580000)
 ParOldGen       total 74240K, used 40790K [0x00000000a0000000, 0x00000000a4880000, 0x00000000e0000000)
  object space 74240K, 54% used [0x00000000a0000000,0x00000000a27d5900,0x00000000a4880000)
 Metaspace       used 92496K, capacity 97488K, committed 97792K, reserved 1134592K
  class space    used 11850K, capacity 12734K, committed 12800K, reserved 1048576K
Event: 4318.263 GC heap after
Heap after GC invocations=22 (full 3):
 PSYoungGen      total 349696K, used 16170K [0x00000000e0000000, 0x00000000f6f80000, 0x0000000100000000)
  eden space 324608K, 0% used [0x00000000e0000000,0x00000000e0000000,0x00000000f3d00000)
  from space 25088K, 64% used [0x00000000f3d00000,0x00000000f4ccab30,0x00000000f5580000)
  to   space 20992K, 0% used [0x00000000f5580000,0x00000000f5580000,0x00000000f6a00000)
 ParOldGen       total 74240K, used 46425K [0x00000000a0000000, 0x00000000a4880000, 0x00000000e0000000)
  object space 74240K, 62% used [0x00000000a0000000,0x00000000a2d56738,0x00000000a4880000)
 Metaspace       used 92496K, capacity 97488K, committed 97792K, reserved 1134592K
  class space    used 11850K, capacity 12734K, committed 12800K, reserved 1048576K
}
Event: 4325.257 GC heap before
{Heap before GC invocations=23 (full 3):
 PSYoungGen      total 349696K, used 340778K [0x00000000e0000000, 0x00000000f6f80000, 0x0000000100000000)
  eden space 324608K, 100% used [0x00000000e0000000,0x00000000f3d00000,0x00000000f3d00000)
  from space 25088K, 64% used [0x00000000f3d00000,0x00000000f4ccab30,0x00000000f5580000)
  to   space 20992K, 0% used [0x00000000f5580000,0x00000000f5580000,0x00000000f6a00000)
 ParOldGen       total 74240K, used 46425K [0x00000000a0000000, 0x00000000a4880000, 0x00000000e0000000)
  object space 74240K, 62% used [0x00000000a0000000,0x00000000a2d56738,0x00000000a4880000)
 Metaspace       used 93273K, capacity 98288K, committed 98496K, reserved 1134592K
  class space    used 11891K, capacity 12778K, committed 12800K, reserved 1048576K
Event: 4325.348 GC heap after
Heap after GC invocations=23 (full 3):
 PSYoungGen      total 345600K, used 14435K [0x00000000e0000000, 0x00000000f6f80000, 0x0000000100000000)
  eden space 324608K, 0% used [0x00000000e0000000,0x00000000e0000000,0x00000000f3d00000)
  from space 20992K, 68% used [0x00000000f5580000,0x00000000f6398da0,0x00000000f6a00000)
  to   space 25088K, 0% used [0x00000000f3d00000,0x00000000f3d00000,0x00000000f5580000)
 ParOldGen       total 74240K, used 46441K [0x00000000a0000000, 0x00000000a4880000, 0x00000000e0000000)
  object space 74240K, 62% used [0x00000000a0000000,0x00000000a2d5a738,0x00000000a4880000)
 Metaspace       used 93273K, capacity 98288K, committed 98496K, reserved 1134592K
  class space    used 11891K, capacity 12778K, committed 12800K, reserved 1048576K
}

Deoptimization events (10 events):
Event: 4321.487 Thread 0x0000000062115800 Uncommon trap: reason=bimorphic action=maybe_recompile pc=0x00000000058bfb70 method=com.android.tools.r8.ir.code.k0.a(Lcom/android/tools/r8/ir/analysis/type/TypeLatticeElement;)Lcom/android/tools/r8/ir/code/k0; @ 19
Event: 4321.504 Thread 0x0000000058a44800 Uncommon trap: reason=array_check action=maybe_recompile pc=0x00000000058d2220 method=java.util.TimSort.reverseRange([Ljava/lang/Object;II)V @ 27
Event: 4321.504 Thread 0x0000000058a44800 Uncommon trap: reason=array_check action=maybe_recompile pc=0x00000000058d2220 method=java.util.TimSort.reverseRange([Ljava/lang/Object;II)V @ 27
Event: 4322.231 Thread 0x0000000058a44800 Uncommon trap: reason=unstable_if action=reinterpret pc=0x00000000055d39a8 method=java.util.HashMap.putVal(ILjava/lang/Object;Ljava/lang/Object;ZZ)Ljava/lang/Object; @ 109
Event: 4322.991 Thread 0x0000000058a44800 Uncommon trap: reason=unstable_if action=reinterpret pc=0x0000000002e47788 method=sun.nio.fs.WindowsPath.compareTo(Ljava/nio/file/Path;)I @ 76
Event: 4324.319 Thread 0x0000000062115800 Uncommon trap: reason=unstable_if action=reinterpret pc=0x0000000005403fc8 method=com.android.tools.r8.n.a.a.a.g.B0$e.contains(Ljava/lang/Object;)Z @ 124
Event: 4325.422 Thread 0x0000000058a44800 Uncommon trap: reason=unstable_if action=reinterpret pc=0x00000000050aee94 method=com.android.tools.r8.t.a.a.f.a(II[C)Ljava/lang/String; @ 32
Event: 4325.422 Thread 0x0000000058a44800 Uncommon trap: reason=unstable_if action=reinterpret pc=0x00000000042d5b18 method=com.android.tools.r8.graph.DexString.<init>(Ljava/lang/String;)V @ 39
Event: 4325.461 Thread 0x0000000058a44800 Uncommon trap: reason=unstable_if action=reinterpret pc=0x000000000459e140 method=com.android.tools.r8.utils.t.a(I)Z @ 45
Event: 4325.477 Thread 0x0000000058a44800 Uncommon trap: reason=unstable_if action=reinterpret pc=0x00000000042c99dc method=com.android.tools.r8.t.a.a.f.a(II[C)Ljava/lang/String; @ 32

Classes redefined (0 events):
No events

Internal exceptions (10 events):
Event: 4322.627 Thread 0x0000000058a44800 Exception <a 'sun/nio/fs/WindowsException'> (0x00000000ea03e1f0) thrown at [D:\src\AOSP-openjdk-cygwin\jdk8u\hotspot\src\share\vm\prims\jni.cpp, line 710]
Event: 4322.732 Thread 0x0000000062115800 Exception <a 'sun/nio/fs/WindowsException'> (0x00000000e7993a60) thrown at [D:\src\AOSP-openjdk-cygwin\jdk8u\hotspot\src\share\vm\prims\jni.cpp, line 710]
Event: 4323.360 Thread 0x0000000062115800 Exception <a 'sun/nio/fs/WindowsException'> (0x00000000ee1e6600) thrown at [D:\src\AOSP-openjdk-cygwin\jdk8u\hotspot\src\share\vm\prims\jni.cpp, line 710]
Event: 4323.826 Thread 0x0000000058a44800 Exception <a 'sun/nio/fs/WindowsException'> (0x00000000f0348770) thrown at [D:\src\AOSP-openjdk-cygwin\jdk8u\hotspot\src\share\vm\prims\jni.cpp, line 710]
Event: 4323.870 Thread 0x0000000058a44800 Exception <a 'sun/nio/fs/WindowsException'> (0x00000000f0349868) thrown at [D:\src\AOSP-openjdk-cygwin\jdk8u\hotspot\src\share\vm\prims\jni.cpp, line 710]
Event: 4323.871 Thread 0x0000000058a44800 Exception <a 'sun/nio/fs/WindowsException'> (0x00000000f034be18) thrown at [D:\src\AOSP-openjdk-cygwin\jdk8u\hotspot\src\share\vm\prims\jni.cpp, line 710]
Event: 4323.891 Thread 0x0000000058a44800 Exception <a 'sun/nio/fs/WindowsException'> (0x00000000f034d900) thrown at [D:\src\AOSP-openjdk-cygwin\jdk8u\hotspot\src\share\vm\prims\jni.cpp, line 710]
Event: 4323.898 Thread 0x0000000062115800 Exception <a 'sun/nio/fs/WindowsException'> (0x00000000f06496b8) thrown at [D:\src\AOSP-openjdk-cygwin\jdk8u\hotspot\src\share\vm\prims\jni.cpp, line 710]
Event: 4324.589 Thread 0x0000000062115800 Exception <a 'sun/nio/fs/WindowsException'> (0x00000000f2ed9838) thrown at [D:\src\AOSP-openjdk-cygwin\jdk8u\hotspot\src\share\vm\prims\jni.cpp, line 710]
Event: 4325.357 Thread 0x0000000058a44800 Exception <a 'sun/nio/fs/WindowsException'> (0x00000000e0348e10) thrown at [D:\src\AOSP-openjdk-cygwin\jdk8u\hotspot\src\share\vm\prims\jni.cpp, line 710]

Events (10 events):
Event: 4325.456 Thread 0x0000000058a44800 DEOPT PACKING pc=0x0000000005a468b1 sp=0x0000000059e78db0
Event: 4325.457 Thread 0x0000000058a44800 DEOPT UNPACKING pc=0x00000000023871d0 sp=0x0000000059e78b48 mode 0
Event: 4325.461 Thread 0x0000000058a44800 Uncommon trap: trap_request=0xffffff65 fr.pc=0x000000000459e140
Event: 4325.461 Thread 0x0000000058a44800 DEOPT PACKING pc=0x000000000459e140 sp=0x0000000059e78b50
Event: 4325.461 Thread 0x0000000058a44800 DEOPT UNPACKING pc=0x000000000238557b sp=0x0000000059e78ae8 mode 2
Event: 4325.477 Thread 0x0000000058a44800 Uncommon trap: trap_request=0xffffff65 fr.pc=0x00000000042c99dc
Event: 4325.477 Thread 0x0000000058a44800 DEOPT PACKING pc=0x00000000042c99dc sp=0x0000000059e79040
Event: 4325.477 Thread 0x0000000058a44800 DEOPT UNPACKING pc=0x000000000238557b sp=0x0000000059e78ff8 mode 2
Event: 4325.486 Thread 0x0000000058a44800 DEOPT PACKING pc=0x0000000005a52693 sp=0x0000000059e791f0
Event: 4325.486 Thread 0x0000000058a44800 DEOPT UNPACKING pc=0x00000000023871d0 sp=0x0000000059e78f10 mode 0


Dynamic libraries:
0x000000013f660000 - 0x000000013f691000 	C:\Program Files\Android\Android Studio\jre\bin\java.exe
0x0000000077870000 - 0x0000000077a19000 	C:\Windows\SYSTEM32\ntdll.dll
0x0000000077650000 - 0x000000007776f000 	C:\Windows\system32\kernel32.dll
0x000007fefdb00000 - 0x000007fefdb6b000 	C:\Windows\system32\KERNELBASE.dll
0x000007fefdb90000 - 0x000007fefdc6b000 	C:\Windows\system32\ADVAPI32.dll
0x000007fefddf0000 - 0x000007fefde8f000 	C:\Windows\system32\msvcrt.dll
0x000007fefdc70000 - 0x000007fefdc8f000 	C:\Windows\SYSTEM32\sechost.dll
0x000007fefe2e0000 - 0x000007fefe40d000 	C:\Windows\system32\RPCRT4.dll
0x0000000077770000 - 0x000000007786a000 	C:\Windows\system32\USER32.dll
0x000007fefdf90000 - 0x000007fefdff7000 	C:\Windows\system32\GDI32.dll
0x000007fefea50000 - 0x000007fefea5e000 	C:\Windows\system32\LPK.dll
0x000007fefe210000 - 0x000007fefe2d9000 	C:\Windows\system32\USP10.dll
0x000007fefc290000 - 0x000007fefc484000 	C:\Windows\WinSxS\amd64_microsoft.windows.common-controls_6595b64144ccf1df_6.0.7601.17514_none_fa396087175ac9ac\COMCTL32.dll
0x000007fefe9d0000 - 0x000007fefea41000 	C:\Windows\system32\SHLWAPI.dll
0x000007feff970000 - 0x000007feff99e000 	C:\Windows\system32\IMM32.DLL
0x000007fefe480000 - 0x000007fefe589000 	C:\Windows\system32\MSCTF.dll
0x0000000070e80000 - 0x0000000070f52000 	C:\Program Files\Android\Android Studio\jre\jre\bin\msvcr100.dll
0x000000006e560000 - 0x000000006eda6000 	C:\Program Files\Android\Android Studio\jre\jre\bin\server\jvm.dll
0x000007fefaa50000 - 0x000007fefaa59000 	C:\Windows\system32\WSOCK32.dll
0x000007fefe430000 - 0x000007fefe47d000 	C:\Windows\system32\WS2_32.dll
0x000007fefe760000 - 0x000007fefe768000 	C:\Windows\system32\NSI.dll
0x000007fef40e0000 - 0x000007fef411b000 	C:\Windows\system32\WINMM.dll
0x000007fefc920000 - 0x000007fefc92c000 	C:\Windows\system32\VERSION.dll
0x0000000077a40000 - 0x0000000077a47000 	C:\Windows\system32\PSAPI.DLL
0x000007fef3e30000 - 0x000007fef3e3f000 	C:\Program Files\Android\Android Studio\jre\jre\bin\verify.dll
0x000007fef3c20000 - 0x000007fef3c49000 	C:\Program Files\Android\Android Studio\jre\jre\bin\java.dll
0x000007fef3e10000 - 0x000007fef3e26000 	C:\Program Files\Android\Android Studio\jre\jre\bin\zip.dll
0x000007fefebe0000 - 0x000007feff968000 	C:\Windows\system32\SHELL32.dll
0x000007fefe000000 - 0x000007fefe203000 	C:\Windows\system32\ole32.dll
0x000007fefd7c0000 - 0x000007fefd7cf000 	C:\Windows\system32\profapi.dll
0x000007fef3c00000 - 0x000007fef3c1a000 	C:\Program Files\Android\Android Studio\jre\jre\bin\net.dll
0x000007fefcff0000 - 0x000007fefd045000 	C:\Windows\system32\mswsock.dll
0x000007fefcfe0000 - 0x000007fefcfe7000 	C:\Windows\System32\wship6.dll
0x000007fef3a70000 - 0x000007fef3a81000 	C:\Program Files\Android\Android Studio\jre\jre\bin\nio.dll
0x000007fef2f90000 - 0x000007fef2fb6000 	C:\Users\Woozibibi\.gradle\native\29\windows-amd64\native-platform.dll
0x000007fef9bb0000 - 0x000007fef9bb3000 	C:\Windows\system32\api-ms-win-core-synch-l1-2-0.DLL
0x000007fef43f0000 - 0x000007fef43fd000 	C:\Program Files\Android\Android Studio\jre\jre\bin\management.dll
0x000007fefd050000 - 0x000007fefd067000 	C:\Windows\system32\CRYPTSP.dll
0x000007fefcd50000 - 0x000007fefcd97000 	C:\Windows\system32\rsaenh.dll
0x000007fefcb10000 - 0x000007fefcb2e000 	C:\Windows\system32\USERENV.dll
0x000007fefd6f0000 - 0x000007fefd6ff000 	C:\Windows\system32\CRYPTBASE.dll
0x000007fefb1d0000 - 0x000007fefb1f7000 	C:\Windows\system32\IPHLPAPI.DLL
0x000007fefb1c0000 - 0x000007fefb1cb000 	C:\Windows\system32\WINNSI.DLL
0x000007fefafb0000 - 0x000007fefafc1000 	C:\Windows\system32\dhcpcsvc6.DLL
0x000007fefaeb0000 - 0x000007fefaec8000 	C:\Windows\system32\dhcpcsvc.DLL
0x000007fefd690000 - 0x000007fefd6e7000 	C:\Windows\system32\apphelp.dll

VM Arguments:
jvm_args: -Xmx1536m -Dfile.encoding=windows-1252 -Duser.country=US -Duser.language=en -Duser.variant 
java_command: org.gradle.launcher.daemon.bootstrap.GradleDaemon 5.4.1
java_class_path (initial): C:\Users\Woozibibi\.gradle\wrapper\dists\gradle-5.4.1-all\3221gyojl5jsh0helicew7rwx\gradle-5.4.1\lib\gradle-launcher-5.4.1.jar
Launcher Type: SUN_STANDARD

Environment Variables:
PATH=C:\Program Files (x86)\Common Files\Oracle\Java\javapath;C:\Users\Woozibibi\AppData\Local\Android\Sdk\tools;C:\Users\Woozibibi\AppData\Local\Android\Sdk\platform-tools;C:\Program Files\Git\cmd;C:\Users\Woozibibi\AppData\Local\Android\Sdk\ndk\20.0.5594570;C:\Windows\System32
USERNAME=Woozibibi
OS=Windows_NT
PROCESSOR_IDENTIFIER=Intel64 Family 6 Model 15 Stepping 2, GenuineIntel



---------------  S Y S T E M  ---------------

OS: Windows 7 , 64 bit Build 7601 (6.1.7601.17514)

CPU:total 2 (initial active 2) (2 cores per cpu, 1 threads per core) family 6 model 15 stepping 2, cmov, cx8, fxsr, mmx, sse, sse2, sse3, ssse3, tsc

Memory: 4k page, physical 3397756k(215476k free), swap 4067780k(5052k free)

vm_info: OpenJDK 64-Bit Server VM (25.202-b03) for windows-amd64 JRE (1.8.0_202-release-1483-b03), built by "builder" with MS VC++ 10.0 (VS2010)

time: Thu Jul 09 04:47:26 2020
timezone: China Standard Time
elapsed time: 4325 seconds (0d 1h 12m 5s)

