#
# There is insufficient memory for the Java Runtime Environment to continue.
# Native memory allocation (malloc) failed to allocate 1399216 bytes for Chunk::new
# Possible reasons:
#   The system is out of physical RAM or swap space
#   The process is running with CompressedOops enabled, and the Java Heap may be blocking the growth of the native heap
# Possible solutions:
#   Reduce memory load on the system
#   Increase physical memory or swap space
#   Check if swap backing store is full
#   Decrease Java heap size (-Xmx/-Xms)
#   Decrease number of Java threads
#   Decrease Java thread stack sizes (-Xss)
#   Set larger code cache with -XX:ReservedCodeCacheSize=
#   JVM is running with Unscaled Compressed Oops mode in which the Java heap is
#     placed in the first 4GB address space. The Java Heap base address is the
#     maximum limit for the native heap growth. Please use -XX:HeapBaseMinAddress
#     to set the Java Heap base and to place the Java Heap above 4GB virtual address.
# This output file may be truncated or incomplete.
#
#  Out of Memory Error (allocation.cpp:389), pid=3904, tid=0x0000000000001974
#
# JRE version: OpenJDK Runtime Environment (8.0_242-b01) (build 1.8.0_242-release-1644-b01)
# Java VM: OpenJDK 64-Bit Server VM (25.242-b01 mixed mode windows-amd64 compressed oops)
# Failed to write core dump. Minidumps are not enabled by default on client versions of Windows
#

---------------  T H R E A D  ---------------

Current thread (0x0000000015d33000):  JavaThread "C2 CompilerThread0" daemon [_thread_in_native, id=6516, stack(0x0000000016f00000,0x0000000017000000)]

Stack: [0x0000000016f00000,0x0000000017000000]
[error occurred during error reporting (printing stack bounds), id 0xc0000005]

Native frames: (J=compiled Java code, j=interpreted, Vv=VM code, C=native code)


Current CompileTask:
C2:  62653 5403       4       java.net.URLClassLoader$1::run (5 bytes)


---------------  P R O C E S S  ---------------

Java Threads: ( => current thread )
  0x0000000017d34800 JavaThread "Cache worker for file content cache (C:\Users\Woozibibi\AndroidStudioProjects\NewCycle\.gradle\6.5\fileContent)" [_thread_blocked, id=6620, stack(0x0000000028900000,0x0000000028a00000)]
  0x0000000017d34000 JavaThread "Memory manager" [_thread_blocked, id=5520, stack(0x0000000028720000,0x0000000028820000)]
  0x0000000017d33000 JavaThread "Cache worker for Build Output Cleanup Cache (C:\Users\Woozibibi\AndroidStudioProjects\NewCycle\.gradle\buildOutputCleanup)" [_thread_blocked, id=6400, stack(0x00000000275d0000,0x00000000276d0000)]
  0x0000000017d32800 JavaThread "jar transforms Thread 92" [_thread_blocked, id=2128, stack(0x0000000026160000,0x0000000026260000)]
  0x0000000017d31800 JavaThread "jar transforms Thread 91" [_thread_blocked, id=5436, stack(0x0000000024f40000,0x0000000025040000)]
  0x0000000017d31000 JavaThread "jar transforms Thread 90" [_thread_blocked, id=5628, stack(0x0000000025170000,0x0000000025270000)]
  0x0000000017d30000 JavaThread "jar transforms Thread 89" [_thread_blocked, id=1968, stack(0x0000000026040000,0x0000000026140000)]
  0x0000000017d2f800 JavaThread "jar transforms Thread 88" [_thread_blocked, id=6548, stack(0x0000000025ee0000,0x0000000025fe0000)]
  0x0000000017d2e800 JavaThread "jar transforms Thread 87" [_thread_blocked, id=5940, stack(0x0000000025d10000,0x0000000025e10000)]
  0x0000000017d2e000 JavaThread "jar transforms Thread 86" [_thread_blocked, id=7088, stack(0x0000000025b10000,0x0000000025c10000)]
  0x000000001b02c000 JavaThread "jar transforms Thread 85" [_thread_blocked, id=848, stack(0x0000000025940000,0x0000000025a40000)]
  0x000000001b02b800 JavaThread "jar transforms Thread 84" [_thread_blocked, id=7004, stack(0x0000000025750000,0x0000000025850000)]
  0x000000001b02a800 JavaThread "jar transforms Thread 83" [_thread_blocked, id=3692, stack(0x0000000025630000,0x0000000025730000)]
  0x000000001b02a000 JavaThread "jar transforms Thread 82" [_thread_blocked, id=7152, stack(0x0000000025470000,0x0000000025570000)]
  0x000000001b029000 JavaThread "jar transforms Thread 81" [_thread_blocked, id=6336, stack(0x0000000025270000,0x0000000025370000)]
  0x000000001b028800 JavaThread "jar transforms Thread 80" [_thread_blocked, id=6676, stack(0x0000000025060000,0x0000000025160000)]
  0x000000001b027800 JavaThread "jar transforms Thread 79" [_thread_blocked, id=6856, stack(0x0000000024e20000,0x0000000024f20000)]
  0x000000001b027000 JavaThread "jar transforms Thread 78" [_thread_blocked, id=6728, stack(0x0000000024c50000,0x0000000024d50000)]
  0x000000001b026000 JavaThread "jar transforms Thread 77" [_thread_blocked, id=6564, stack(0x0000000024870000,0x0000000024970000)]
  0x000000001b025800 JavaThread "jar transforms Thread 76" [_thread_blocked, id=5964, stack(0x0000000024a10000,0x0000000024b10000)]
  0x000000001b916000 JavaThread "jar transforms Thread 75" [_thread_blocked, id=6464, stack(0x0000000024420000,0x0000000024520000)]
  0x000000001b915800 JavaThread "jar transforms Thread 74" [_thread_blocked, id=5552, stack(0x0000000024760000,0x0000000024860000)]
  0x000000001b914800 JavaThread "jar transforms Thread 73" [_thread_blocked, id=2512, stack(0x00000000245c0000,0x00000000246c0000)]
  0x000000001b913800 JavaThread "jar transforms Thread 72" [_thread_blocked, id=6808, stack(0x00000000241a0000,0x00000000242a0000)]
  0x000000001b913000 JavaThread "jar transforms Thread 71" [_thread_blocked, id=6684, stack(0x0000000024300000,0x0000000024400000)]
  0x000000001b912000 JavaThread "jar transforms Thread 70" [_thread_blocked, id=6956, stack(0x0000000024080000,0x0000000024180000)]
  0x000000001b911800 JavaThread "jar transforms Thread 69" [_thread_blocked, id=3908, stack(0x0000000023e70000,0x0000000023f70000)]
  0x000000001b910800 JavaThread "jar transforms Thread 68" [_thread_blocked, id=5800, stack(0x0000000023f80000,0x0000000024080000)]
  0x000000001b910000 JavaThread "jar transforms Thread 67" [_thread_blocked, id=6180, stack(0x0000000023b50000,0x0000000023c50000)]
  0x000000001b90f000 JavaThread "jar transforms Thread 66" [_thread_blocked, id=1740, stack(0x0000000023cb0000,0x0000000023db0000)]
  0x000000001b2d2800 JavaThread "jar transforms Thread 65" [_thread_blocked, id=3740, stack(0x0000000022e70000,0x0000000022f70000)]
  0x000000001b2d1800 JavaThread "jar transforms Thread 64" [_thread_blocked, id=5404, stack(0x0000000023a00000,0x0000000023b00000)]
  0x000000001b2d1000 JavaThread "jar transforms Thread 63" [_thread_blocked, id=4880, stack(0x0000000022ab0000,0x0000000022bb0000)]
  0x000000001b2d0000 JavaThread "jar transforms Thread 62" [_thread_blocked, id=1036, stack(0x00000000238e0000,0x00000000239e0000)]
  0x000000001b2cf800 JavaThread "jar transforms Thread 61" [_thread_blocked, id=6468, stack(0x00000000232c0000,0x00000000233c0000)]
  0x000000001b2ce800 JavaThread "jar transforms Thread 60" [_thread_blocked, id=1848, stack(0x00000000237d0000,0x00000000238d0000)]
  0x000000001b2ce000 JavaThread "jar transforms Thread 59" [_thread_blocked, id=5640, stack(0x0000000023630000,0x0000000023730000)]
  0x000000001b2cd000 JavaThread "jar transforms Thread 58" [_thread_blocked, id=964, stack(0x00000000234e0000,0x00000000235e0000)]
  0x000000001b2cc800 JavaThread "jar transforms Thread 57" [_thread_blocked, id=4232, stack(0x00000000233d0000,0x00000000234d0000)]
  0x000000001b2cb800 JavaThread "jar transforms Thread 56" [_thread_blocked, id=5672, stack(0x0000000022500000,0x0000000022600000)]
  0x000000001adad000 JavaThread "jar transforms Thread 55" [_thread_blocked, id=3372, stack(0x0000000023160000,0x0000000023260000)]
  0x000000001adac000 JavaThread "jar transforms Thread 54" [_thread_blocked, id=6224, stack(0x0000000022f70000,0x0000000023070000)]
  0x000000001adab800 JavaThread "jar transforms Thread 53" [_thread_blocked, id=4572, stack(0x0000000022d70000,0x0000000022e70000)]
  0x000000001adaa800 JavaThread "jar transforms Thread 52" [_thread_blocked, id=5860, stack(0x0000000022c10000,0x0000000022d10000)]
  0x000000001adaa000 JavaThread "jar transforms Thread 51" [_thread_blocked, id=956, stack(0x00000000229b0000,0x0000000022ab0000)]
  0x000000001ada9000 JavaThread "jar transforms Thread 50" [_thread_blocked, id=5724, stack(0x0000000022800000,0x0000000022900000)]
  0x000000001ada8800 JavaThread "jar transforms Thread 49" [_thread_blocked, id=6300, stack(0x0000000022620000,0x0000000022720000)]
  0x000000001ada7800 JavaThread "jar transforms Thread 48" [_thread_blocked, id=6216, stack(0x0000000022400000,0x0000000022500000)]
  0x000000001ada7000 JavaThread "jar transforms Thread 47" [_thread_blocked, id=3388, stack(0x00000000222c0000,0x00000000223c0000)]
  0x000000001ada6000 JavaThread "jar transforms Thread 46" [_thread_blocked, id=6264, stack(0x00000000220e0000,0x00000000221e0000)]
  0x0000000017f43000 JavaThread "jar transforms Thread 45" [_thread_blocked, id=6696, stack(0x0000000021fa0000,0x00000000220a0000)]
  0x0000000017f42800 JavaThread "jar transforms Thread 44" [_thread_blocked, id=6200, stack(0x0000000021dd0000,0x0000000021ed0000)]
  0x0000000017f41800 JavaThread "jar transforms Thread 43" [_thread_blocked, id=6928, stack(0x0000000021ae0000,0x0000000021be0000)]
  0x0000000017f41000 JavaThread "jar transforms Thread 42" [_thread_blocked, id=5984, stack(0x0000000021c90000,0x0000000021d90000)]
  0x0000000017f40000 JavaThread "jar transforms Thread 41" [_thread_blocked, id=4484, stack(0x00000000212a0000,0x00000000213a0000)]
  0x0000000017f3f800 JavaThread "jar transforms Thread 40" [_thread_blocked, id=7160, stack(0x0000000021080000,0x0000000021180000)]
  0x0000000017f3e800 JavaThread "jar transforms Thread 39" [_thread_blocked, id=2000, stack(0x0000000021670000,0x0000000021770000)]
  0x0000000017f3e000 JavaThread "jar transforms Thread 38" [_thread_blocked, id=7092, stack(0x00000000219c0000,0x0000000021ac0000)]
  0x0000000017f3d000 JavaThread "jar transforms Thread 37" [_thread_blocked, id=6876, stack(0x00000000217d0000,0x00000000218d0000)]
  0x0000000017f3c800 JavaThread "jar transforms Thread 36" [_thread_blocked, id=5472, stack(0x0000000021570000,0x0000000021670000)]
  0x000000001ac1e000 JavaThread "jar transforms Thread 35" [_thread_blocked, id=184, stack(0x00000000213b0000,0x00000000214b0000)]
  0x000000001ac1d800 JavaThread "jar transforms Thread 34" [_thread_blocked, id=3748, stack(0x0000000021180000,0x0000000021280000)]
  0x000000001ac1c800 JavaThread "jar transforms Thread 33" [_thread_blocked, id=6592, stack(0x0000000020f50000,0x0000000021050000)]
  0x000000001ac1c000 JavaThread "jar transforms Thread 32" [_thread_blocked, id=6688, stack(0x0000000020cd0000,0x0000000020dd0000)]
  0x000000001ac1b000 JavaThread "jar transforms Thread 31" [_thread_blocked, id=6532, stack(0x0000000020df0000,0x0000000020ef0000)]
  0x000000001ac1a800 JavaThread "jar transforms Thread 30" [_thread_blocked, id=3360, stack(0x0000000020a90000,0x0000000020b90000)]
  0x000000001ac19800 JavaThread "jar transforms Thread 29" [_thread_blocked, id=5432, stack(0x000000001ff10000,0x0000000020010000)]
  0x000000001ac19000 JavaThread "jar transforms Thread 28" [_thread_blocked, id=6128, stack(0x0000000020bb0000,0x0000000020cb0000)]
  0x000000001ac18000 JavaThread "jar transforms Thread 27" [_thread_blocked, id=4776, stack(0x0000000020430000,0x0000000020530000)]
  0x000000001ac17800 JavaThread "jar transforms Thread 26" [_thread_blocked, id=6072, stack(0x0000000020960000,0x0000000020a60000)]
  0x000000001ab57000 JavaThread "jar transforms Thread 25" [_thread_blocked, id=6776, stack(0x0000000020790000,0x0000000020890000)]
  0x000000001ab56800 JavaThread "jar transforms Thread 24" [_thread_blocked, id=6432, stack(0x0000000020690000,0x0000000020790000)]
  0x000000001ab55800 JavaThread "jar transforms Thread 23" [_thread_blocked, id=5616, stack(0x0000000020580000,0x0000000020680000)]
  0x000000001ab55000 JavaThread "jar transforms Thread 22" [_thread_blocked, id=436, stack(0x0000000020300000,0x0000000020400000)]
  0x000000001ab54000 JavaThread "jar transforms Thread 21" [_thread_blocked, id=2228, stack(0x0000000020190000,0x0000000020290000)]
  0x000000001ab53000 JavaThread "jar transforms Thread 20" [_thread_blocked, id=6804, stack(0x0000000020020000,0x0000000020120000)]
  0x000000001ab52800 JavaThread "jar transforms Thread 19" [_thread_blocked, id=7036, stack(0x000000001fcb0000,0x000000001fdb0000)]
  0x000000001ab51800 JavaThread "jar transforms Thread 18" [_thread_blocked, id=5796, stack(0x000000001fa40000,0x000000001fb40000)]
  0x000000001ab51000 JavaThread "jar transforms Thread 17" [_thread_blocked, id=6332, stack(0x000000001fdc0000,0x000000001fec0000)]
  0x000000001ab50000 JavaThread "jar transforms Thread 16" [_thread_blocked, id=6324, stack(0x000000001fb50000,0x000000001fc50000)]
  0x0000000018350000 JavaThread "jar transforms Thread 15" [_thread_blocked, id=3348, stack(0x000000001f590000,0x000000001f690000)]
  0x000000001834f800 JavaThread "jar transforms Thread 14" [_thread_blocked, id=6056, stack(0x000000001f8e0000,0x000000001f9e0000)]
  0x000000001834e800 JavaThread "jar transforms Thread 13" [_thread_blocked, id=2328, stack(0x0000000019690000,0x0000000019790000)]
  0x000000001834e000 JavaThread "jar transforms Thread 12" [_thread_blocked, id=5320, stack(0x000000001f6f0000,0x000000001f7f0000)]
  0x000000001834d000 JavaThread "jar transforms Thread 11" [_thread_blocked, id=932, stack(0x000000001f460000,0x000000001f560000)]
  0x000000001834c800 JavaThread "jar transforms Thread 10" [_thread_blocked, id=6948, stack(0x0000000019490000,0x0000000019590000)]
  0x000000001834b800 JavaThread "jar transforms Thread 9" [_thread_blocked, id=6908, stack(0x000000001ed60000,0x000000001ee60000)]
  0x000000001834b000 JavaThread "jar transforms Thread 8" [_thread_blocked, id=6240, stack(0x000000001f350000,0x000000001f450000)]
  0x000000001834a000 JavaThread "jar transforms Thread 7" [_thread_blocked, id=1184, stack(0x000000001f250000,0x000000001f350000)]
  0x0000000018349800 JavaThread "jar transforms Thread 6" [_thread_blocked, id=6748, stack(0x000000001f060000,0x000000001f160000)]
  0x00000000186c7800 JavaThread "jar transforms Thread 5" [_thread_blocked, id=1648, stack(0x000000001ee90000,0x000000001ef90000)]
  0x00000000186c6800 JavaThread "jar transforms Thread 4" [_thread_blocked, id=6512, stack(0x000000001ec60000,0x000000001ed60000)]
  0x00000000186c6000 JavaThread "jar transforms Thread 3" [_thread_blocked, id=2140, stack(0x000000001eb60000,0x000000001ec60000)]
  0x00000000186c5000 JavaThread "jar transforms Thread 2" [_thread_blocked, id=5560, stack(0x000000001ea30000,0x000000001eb30000)]
  0x00000000186c4800 JavaThread "Build operations Thread 2" [_thread_blocked, id=5460, stack(0x000000001e8e0000,0x000000001e9e0000)]
  0x00000000186c3800 JavaThread "Build operations" [_thread_blocked, id=6768, stack(0x000000001e7a0000,0x000000001e8a0000)]
  0x0000000018bad000 JavaThread "Cache worker for file content cache (C:\Users\Woozibibi\.gradle\caches\6.5\fileContent)" [_thread_blocked, id=4380, stack(0x000000001e060000,0x000000001e160000)]
  0x0000000018bab800 JavaThread "jar transforms" [_thread_blocked, id=6584, stack(0x000000001d780000,0x000000001d880000)]
  0x0000000018baa800 JavaThread "Cache worker for execution history cache (C:\Users\Woozibibi\.gradle\caches\6.5\executionHistory)" [_thread_blocked, id=6148, stack(0x000000001d8a0000,0x000000001d9a0000)]
  0x0000000018baa000 JavaThread "Cache worker for cache directory md-rule (C:\Users\Woozibibi\.gradle\caches\6.5\md-rule)" [_thread_blocked, id=5744, stack(0x000000001d5f0000,0x000000001d6f0000)]
  0x0000000018ba9000 JavaThread "Cache worker for cache directory md-supplier (C:\Users\Woozibibi\.gradle\caches\6.5\md-supplier)" [_thread_blocked, id=5580, stack(0x0000000016b90000,0x0000000016c90000)]
  0x0000000018ba8800 JavaThread "Cache worker for checksums cache (C:\Users\Woozibibi\AndroidStudioProjects\NewCycle\.gradle\checksums)" [_thread_blocked, id=7080, stack(0x000000001b950000,0x000000001ba50000)]
  0x0000000018ba7800 JavaThread "Cache worker for file hash cache (C:\Users\Woozibibi\AndroidStudioProjects\NewCycle\.gradle\6.5\fileHashes)" [_thread_blocked, id=7096, stack(0x000000001d210000,0x000000001d310000)]
  0x0000000018ba7000 JavaThread "Cache worker for file hash cache (C:\Users\Woozibibi\.gradle\caches\6.5\fileHashes)" [_thread_blocked, id=4220, stack(0x000000001cca0000,0x000000001cda0000)]
  0x0000000018ba6000 JavaThread "File lock request listener" [_thread_in_native, id=6420, stack(0x000000001cb60000,0x000000001cc60000)]
  0x0000000018bc1000 JavaThread "Cache worker for journal cache (C:\Users\Woozibibi\.gradle\caches\journal-1)" [_thread_blocked, id=2396, stack(0x000000001ba50000,0x000000001bb50000)]
  0x0000000018912000 JavaThread "Thread-9" [_thread_blocked, id=6888, stack(0x000000001a650000,0x000000001a750000)]
  0x000000001890e800 JavaThread "Stdin handler" [_thread_blocked, id=4664, stack(0x000000001a120000,0x000000001a220000)]
  0x0000000018905800 JavaThread "Asynchronous log dispatcher for DefaultDaemonConnection: socket connection from /127.0.0.1:2448 to /127.0.0.1:2449" [_thread_blocked, id=6920, stack(0x000000001a540000,0x000000001a640000)]
  0x00000000188e2800 JavaThread "Daemon worker" [_thread_in_native, id=5900, stack(0x000000001a3f0000,0x000000001a4f0000)]
  0x00000000188e1000 JavaThread "Cancel handler" [_thread_blocked, id=6524, stack(0x000000001a260000,0x000000001a360000)]
  0x000000001846a000 JavaThread "Handler for socket connection from /127.0.0.1:2448 to /127.0.0.1:2449" [_thread_in_native, id=5364, stack(0x0000000019fc0000,0x000000001a0c0000)]
  0x000000001732a000 JavaThread "Daemon" [_thread_blocked, id=5548, stack(0x0000000019e70000,0x0000000019f70000)]
  0x0000000019181800 JavaThread "Daemon periodic checks" [_thread_blocked, id=5392, stack(0x0000000016da0000,0x0000000016ea0000)]
  0x000000001852b000 JavaThread "Incoming local TCP Connector on port 2448" [_thread_in_native, id=2488, stack(0x0000000019ab0000,0x0000000019bb0000)]
  0x0000000019118800 JavaThread "Daemon health stats" [_thread_blocked, id=6208, stack(0x0000000018070000,0x0000000018170000)]
  0x0000000017240800 JavaThread "Service Thread" daemon [_thread_blocked, id=6568, stack(0x0000000017020000,0x0000000017120000)]
  0x0000000015d85000 JavaThread "C1 CompilerThread1" daemon [_thread_blocked, id=5936, stack(0x0000000017140000,0x0000000017240000)]
=>0x0000000015d33000 JavaThread "C2 CompilerThread0" daemon [_thread_in_native, id=6516, stack(0x0000000016f00000,0x0000000017000000)]
  0x0000000015d32000 JavaThread "Attach Listener" daemon [_thread_blocked, id=4948, stack(0x0000000016ca0000,0x0000000016da0000)]
  0x0000000015d2f800 JavaThread "Signal Dispatcher" daemon [_thread_blocked, id=6272, stack(0x0000000016a90000,0x0000000016b90000)]
  0x0000000015d11800 JavaThread "Finalizer" daemon [_thread_blocked, id=5292, stack(0x0000000016760000,0x0000000016860000)]
  0x0000000015d08000 JavaThread "Reference Handler" daemon [_thread_blocked, id=6428, stack(0x00000000168a0000,0x00000000169a0000)]
  0x0000000001e3e800 JavaThread "main" [_thread_blocked, id=916, stack(0x0000000001ff0000,0x00000000020f0000)]

Other Threads:
  0x0000000015cbe800 VMThread [stack: 0x0000000016620000,0x0000000016720000] [id=4668]
  0x0000000017242000 WatcherThread [stack: 0x0000000017770000,0x0000000017870000] [id=6864]

VM state:not at safepoint (normal execution)

VM Mutex/Monitor currently owned by a thread: None

heap address: 0x00000000a0000000, size: 1536 MB, Compressed Oops mode: 32-bit
Narrow klass base: 0x0000000000000000, Narrow klass shift: 3
Compressed class space size: 1073741824 Address: 0x000000013fab0000

Heap:
 PSYoungGen      total 145920K, used 21373K [0x00000000e0000000, 0x00000000ebd00000, 0x0000000100000000)
  eden space 130560K, 16% used [0x00000000e0000000,0x00000000e14df658,0x00000000e7f80000)
  from space 15360K, 0% used [0x00000000e7f80000,0x00000000e7f80000,0x00000000e8e80000)
  to   space 15360K, 0% used [0x00000000eae00000,0x00000000eae00000,0x00000000ebd00000)
 ParOldGen       total 87040K, used 33245K [0x00000000a0000000, 0x00000000a5500000, 0x00000000e0000000)
  object space 87040K, 38% used [0x00000000a0000000,0x00000000a2077740,0x00000000a5500000)
 Metaspace       used 58297K, capacity 60694K, committed 60840K, reserved 1101824K
  class space    used 8039K, capacity 8582K, committed 8624K, reserved 1048576K

Card table byte_map: [0x0000000011780000,0x0000000011a90000] byte_map_base: 0x0000000011280000

Marking Bits: (ParMarkBitMap*) 0x000000006c60f030
 Begin Bits: [0x0000000012090000, 0x0000000013890000)
 End Bits:   [0x0000000013890000, 0x0000000015090000)

Polling page: 0x0000000000320000

CodeCache: size=245760Kb used=16881Kb max_used=16893Kb free=228878Kb
 bounds [0x00000000023c0000, 0x0000000003450000, 0x00000000113c0000]
 total_blobs=5713 nmethods=4937 adapters=688
 compilation: enabled

Compilation events (10 events):
Event: 62.032 Thread 0x0000000015d85000 5398       3       com.sun.xml.bind.v2.model.nav.ReflectionNavigator::getSuperClass (9 bytes)
Event: 62.033 Thread 0x0000000015d85000 nmethod 5398 0x00000000034481d0 code [0x0000000003448360, 0x00000000034487c8]
Event: 62.036 Thread 0x0000000015d33000 nmethod 5399 0x000000000344b710 code [0x000000000344b860, 0x000000000344ba48]
Event: 62.037 Thread 0x0000000015d85000 5400       3       com.sun.xml.bind.v2.model.nav.ReflectionNavigator::asDecl (9 bytes)
Event: 62.037 Thread 0x0000000015d33000 5402       4       java.util.LinkedHashMap::get (33 bytes)
Event: 62.038 Thread 0x0000000015d85000 nmethod 5400 0x000000000344ae50 code [0x000000000344afe0, 0x000000000344b5a8]
Event: 62.038 Thread 0x0000000015d85000 5401       3       com.sun.xml.bind.v2.model.nav.ReflectionNavigator::asDecl (6 bytes)
Event: 62.038 Thread 0x0000000015d85000 nmethod 5401 0x000000000344a810 code [0x000000000344a980, 0x000000000344ad68]
Event: 62.046 Thread 0x0000000015d33000 nmethod 5402 0x0000000003448bd0 code [0x0000000003448d40, 0x0000000003449058]
Event: 62.179 Thread 0x0000000015d33000 5403       4       java.net.URLClassLoader$1::run (5 bytes)

GC Heap History (10 events):
Event: 33.127 GC heap before
{Heap before GC invocations=14 (full 2):
 PSYoungGen      total 119808K, used 6119K [0x00000000e0000000, 0x00000000e7f00000, 0x0000000100000000)
  eden space 110592K, 0% used [0x00000000e0000000,0x00000000e0000000,0x00000000e6c00000)
  from space 9216K, 66% used [0x00000000e7580000,0x00000000e7b79f58,0x00000000e7e80000)
  to   space 9728K, 0% used [0x00000000e6c00000,0x00000000e6c00000,0x00000000e7580000)
 ParOldGen       total 30720K, used 15421K [0x00000000a0000000, 0x00000000a1e00000, 0x00000000e0000000)
  object space 30720K, 50% used [0x00000000a0000000,0x00000000a0f0f778,0x00000000a1e00000)
 Metaspace       used 34325K, capacity 35444K, committed 35496K, reserved 1079296K
  class space    used 4716K, capacity 5033K, committed 5040K, reserved 1048576K
Event: 33.344 GC heap after
Heap after GC invocations=14 (full 2):
 PSYoungGen      total 119808K, used 0K [0x00000000e0000000, 0x00000000e7f00000, 0x0000000100000000)
  eden space 110592K, 0% used [0x00000000e0000000,0x00000000e0000000,0x00000000e6c00000)
  from space 9216K, 0% used [0x00000000e7580000,0x00000000e7580000,0x00000000e7e80000)
  to   space 9728K, 0% used [0x00000000e6c00000,0x00000000e6c00000,0x00000000e7580000)
 ParOldGen       total 53248K, used 17200K [0x00000000a0000000, 0x00000000a3400000, 0x00000000e0000000)
  object space 53248K, 32% used [0x00000000a0000000,0x00000000a10cc2b8,0x00000000a3400000)
 Metaspace       used 34325K, capacity 35444K, committed 35496K, reserved 1079296K
  class space    used 4716K, capacity 5033K, committed 5040K, reserved 1048576K
}
Event: 43.164 GC heap before
{Heap before GC invocations=15 (full 2):
 PSYoungGen      total 119808K, used 110592K [0x00000000e0000000, 0x00000000e7f00000, 0x0000000100000000)
  eden space 110592K, 100% used [0x00000000e0000000,0x00000000e6c00000,0x00000000e6c00000)
  from space 9216K, 0% used [0x00000000e7580000,0x00000000e7580000,0x00000000e7e80000)
  to   space 9728K, 0% used [0x00000000e6c00000,0x00000000e6c00000,0x00000000e7580000)
 ParOldGen       total 53248K, used 17200K [0x00000000a0000000, 0x00000000a3400000, 0x00000000e0000000)
  object space 53248K, 32% used [0x00000000a0000000,0x00000000a10cc2b8,0x00000000a3400000)
 Metaspace       used 39688K, capacity 41482K, committed 41768K, reserved 1085440K
  class space    used 5454K, capacity 5890K, committed 5936K, reserved 1048576K
Event: 43.195 GC heap after
Heap after GC invocations=15 (full 2):
 PSYoungGen      total 120320K, used 9304K [0x00000000e0000000, 0x00000000e9900000, 0x0000000100000000)
  eden space 110592K, 0% used [0x00000000e0000000,0x00000000e0000000,0x00000000e6c00000)
  from space 9728K, 95% used [0x00000000e6c00000,0x00000000e7516190,0x00000000e7580000)
  to   space 10752K, 0% used [0x00000000e8e80000,0x00000000e8e80000,0x00000000e9900000)
 ParOldGen       total 53248K, used 17208K [0x00000000a0000000, 0x00000000a3400000, 0x00000000e0000000)
  object space 53248K, 32% used [0x00000000a0000000,0x00000000a10ce2b8,0x00000000a3400000)
 Metaspace       used 39688K, capacity 41482K, committed 41768K, reserved 1085440K
  class space    used 5454K, capacity 5890K, committed 5936K, reserved 1048576K
}
Event: 52.685 GC heap before
{Heap before GC invocations=16 (full 2):
 PSYoungGen      total 120320K, used 119896K [0x00000000e0000000, 0x00000000e9900000, 0x0000000100000000)
  eden space 110592K, 100% used [0x00000000e0000000,0x00000000e6c00000,0x00000000e6c00000)
  from space 9728K, 95% used [0x00000000e6c00000,0x00000000e7516190,0x00000000e7580000)
  to   space 10752K, 0% used [0x00000000e8e80000,0x00000000e8e80000,0x00000000e9900000)
 ParOldGen       total 53248K, used 17208K [0x00000000a0000000, 0x00000000a3400000, 0x00000000e0000000)
  object space 53248K, 32% used [0x00000000a0000000,0x00000000a10ce2b8,0x00000000a3400000)
 Metaspace       used 50720K, capacity 52770K, committed 53160K, reserved 1095680K
  class space    used 6771K, capacity 7249K, committed 7344K, reserved 1048576K
Event: 52.783 GC heap after
Heap after GC invocations=16 (full 2):
 PSYoungGen      total 141312K, used 10748K [0x00000000e0000000, 0x00000000ea300000, 0x0000000100000000)
  eden space 130560K, 0% used [0x00000000e0000000,0x00000000e0000000,0x00000000e7f80000)
  from space 10752K, 99% used [0x00000000e8e80000,0x00000000e98ff320,0x00000000e9900000)
  to   space 15360K, 0% used [0x00000000e7f80000,0x00000000e7f80000,0x00000000e8e80000)
 ParOldGen       total 53248K, used 25488K [0x00000000a0000000, 0x00000000a3400000, 0x00000000e0000000)
  object space 53248K, 47% used [0x00000000a0000000,0x00000000a18e41c0,0x00000000a3400000)
 Metaspace       used 50720K, capacity 52770K, committed 53160K, reserved 1095680K
  class space    used 6771K, capacity 7249K, committed 7344K, reserved 1048576K
}
Event: 59.880 GC heap before
{Heap before GC invocations=17 (full 2):
 PSYoungGen      total 141312K, used 86941K [0x00000000e0000000, 0x00000000ea300000, 0x0000000100000000)
  eden space 130560K, 58% used [0x00000000e0000000,0x00000000e4a681c8,0x00000000e7f80000)
  from space 10752K, 99% used [0x00000000e8e80000,0x00000000e98ff320,0x00000000e9900000)
  to   space 15360K, 0% used [0x00000000e7f80000,0x00000000e7f80000,0x00000000e8e80000)
 ParOldGen       total 53248K, used 25488K [0x00000000a0000000, 0x00000000a3400000, 0x00000000e0000000)
  object space 53248K, 47% used [0x00000000a0000000,0x00000000a18e41c0,0x00000000a3400000)
 Metaspace       used 56723K, capacity 59048K, committed 59160K, reserved 1099776K
  class space    used 7744K, capacity 8281K, committed 8368K, reserved 1048576K
Event: 59.968 GC heap after
Heap after GC invocations=17 (full 2):
 PSYoungGen      total 145920K, used 8780K [0x00000000e0000000, 0x00000000ebd00000, 0x0000000100000000)
  eden space 130560K, 0% used [0x00000000e0000000,0x00000000e0000000,0x00000000e7f80000)
  from space 15360K, 57% used [0x00000000e7f80000,0x00000000e88133b8,0x00000000e8e80000)
  to   space 15360K, 0% used [0x00000000eae00000,0x00000000eae00000,0x00000000ebd00000)
 ParOldGen       total 53248K, used 36168K [0x00000000a0000000, 0x00000000a3400000, 0x00000000e0000000)
  object space 53248K, 67% used [0x00000000a0000000,0x00000000a2352090,0x00000000a3400000)
 Metaspace       used 56723K, capacity 59048K, committed 59160K, reserved 1099776K
  class space    used 7744K, capacity 8281K, committed 8368K, reserved 1048576K
}
Event: 59.968 GC heap before
{Heap before GC invocations=18 (full 3):
 PSYoungGen      total 145920K, used 8780K [0x00000000e0000000, 0x00000000ebd00000, 0x0000000100000000)
  eden space 130560K, 0% used [0x00000000e0000000,0x00000000e0000000,0x00000000e7f80000)
  from space 15360K, 57% used [0x00000000e7f80000,0x00000000e88133b8,0x00000000e8e80000)
  to   space 15360K, 0% used [0x00000000eae00000,0x00000000eae00000,0x00000000ebd00000)
 ParOldGen       total 53248K, used 36168K [0x00000000a0000000, 0x00000000a3400000, 0x00000000e0000000)
  object space 53248K, 67% used [0x00000000a0000000,0x00000000a2352090,0x00000000a3400000)
 Metaspace       used 56723K, capacity 59048K, committed 59160K, reserved 1099776K
  class space    used 7744K, capacity 8281K, committed 8368K, reserved 1048576K
Event: 60.734 GC heap after
Heap after GC invocations=18 (full 3):
 PSYoungGen      total 145920K, used 0K [0x00000000e0000000, 0x00000000ebd00000, 0x0000000100000000)
  eden space 130560K, 0% used [0x00000000e0000000,0x00000000e0000000,0x00000000e7f80000)
  from space 15360K, 0% used [0x00000000e7f80000,0x00000000e7f80000,0x00000000e8e80000)
  to   space 15360K, 0% used [0x00000000eae00000,0x00000000eae00000,0x00000000ebd00000)
 ParOldGen       total 87040K, used 33245K [0x00000000a0000000, 0x00000000a5500000, 0x00000000e0000000)
  object space 87040K, 38% used [0x00000000a0000000,0x00000000a2077740,0x00000000a5500000)
 Metaspace       used 56723K, capacity 59048K, committed 59160K, reserved 1099776K
  class space    used 7744K, capacity 8281K, committed 8368K, reserved 1048576K
}

Deoptimization events (10 events):
Event: 57.581 Thread 0x00000000188e2800 Uncommon trap: reason=unstable_if action=reinterpret pc=0x0000000003060d60 method=org.objectweb.asm.ByteVector.putInt(I)Lorg/objectweb/asm/ByteVector; @ 13
Event: 57.673 Thread 0x00000000188e2800 Uncommon trap: reason=unstable_if action=reinterpret pc=0x00000000026f67e4 method=java.util.HashMap.resize()[Ljava/util/HashMap$Node; @ 206
Event: 57.673 Thread 0x00000000188e2800 Uncommon trap: reason=unstable_if action=reinterpret pc=0x0000000002a4b7c4 method=java.util.HashMap.getNode(ILjava/lang/Object;)Ljava/util/HashMap$Node; @ 84
Event: 57.673 Thread 0x00000000188e2800 Uncommon trap: reason=unstable_if action=reinterpret pc=0x00000000032c4300 method=java.util.HashMap.getNode(ILjava/lang/Object;)Ljava/util/HashMap$Node; @ 84
Event: 57.823 Thread 0x00000000188e2800 Uncommon trap: reason=unstable_if action=reinterpret pc=0x0000000002dd7fc0 method=java.io.WinNTFileSystem.normalize(Ljava/lang/String;)Ljava/lang/String; @ 74
Event: 57.823 Thread 0x00000000188e2800 Uncommon trap: reason=unstable_if action=reinterpret pc=0x000000000295cda0 method=java.io.WinNTFileSystem.normalize(Ljava/lang/String;II)Ljava/lang/String; @ 103
Event: 60.834 Thread 0x00000000188e2800 Uncommon trap: reason=bimorphic action=maybe_recompile pc=0x00000000031ac350 method=java.util.regex.Pattern$5.isSatisfiedBy(I)Z @ 16
Event: 60.834 Thread 0x00000000188e2800 Uncommon trap: reason=bimorphic action=maybe_recompile pc=0x00000000031ac350 method=java.util.regex.Pattern$5.isSatisfiedBy(I)Z @ 16
Event: 60.834 Thread 0x00000000188e2800 Uncommon trap: reason=bimorphic action=maybe_recompile pc=0x00000000031ac350 method=java.util.regex.Pattern$5.isSatisfiedBy(I)Z @ 16
Event: 60.835 Thread 0x00000000188e2800 Uncommon trap: reason=bimorphic action=maybe_recompile pc=0x00000000031ac350 method=java.util.regex.Pattern$5.isSatisfiedBy(I)Z @ 16

Classes redefined (0 events):
No events

Internal exceptions (10 events):
Event: 57.292 Thread 0x00000000188e2800 Exception <a 'java/lang/ClassNotFoundException': com/android/build/gradle/internal/api/ApkVariantOutputImpl_DecoratedBeanInfo> (0x00000000e3282460) thrown at [C:\src\AOSP-openjdk-git\hotspot\src\share\vm\classfile\systemDictionary.cpp, line 210]
Event: 57.293 Thread 0x00000000188e2800 Exception <a 'java/lang/ClassNotFoundException': com/android/build/gradle/internal/api/ApkVariantOutputImplBeanInfo> (0x00000000e329f690) thrown at [C:\src\AOSP-openjdk-git\hotspot\src\share\vm\classfile\systemDictionary.cpp, line 210]
Event: 57.294 Thread 0x00000000188e2800 Exception <a 'java/lang/ClassNotFoundException': com/android/build/gradle/internal/api/BaseVariantOutputImplBeanInfo> (0x00000000e32bdac8) thrown at [C:\src\AOSP-openjdk-git\hotspot\src\share\vm\classfile\systemDictionary.cpp, line 210]
Event: 57.296 Thread 0x00000000188e2800 Exception <a 'java/lang/ClassNotFoundException': com/android/build/gradle/internal/api/BaseVariantOutputImplCustomizer> (0x00000000e32dc460) thrown at [C:\src\AOSP-openjdk-git\hotspot\src\share\vm\classfile\systemDictionary.cpp, line 210]
Event: 57.298 Thread 0x00000000188e2800 Exception <a 'java/lang/ClassNotFoundException': com/android/build/gradle/internal/api/ApkVariantOutputImplCustomizer> (0x00000000e3314c08) thrown at [C:\src\AOSP-openjdk-git\hotspot\src\share\vm\classfile\systemDictionary.cpp, line 210]
Event: 57.300 Thread 0x00000000188e2800 Exception <a 'java/lang/ClassNotFoundException': com/android/build/gradle/internal/api/ApkVariantOutputImpl_DecoratedCustomizer> (0x00000000e33489a8) thrown at [C:\src\AOSP-openjdk-git\hotspot\src\share\vm\classfile\systemDictionary.cpp, line 210]
Event: 58.809 Thread 0x00000000188e2800 Exception <a 'java/lang/NoSuchMethodError': java.lang.Object.lambda$static$0(Lorg/gradle/api/internal/tasks/TaskDependencyResolveContext;)V> (0x00000000e3df5b28) thrown at [C:\src\AOSP-openjdk-git\hotspot\src\share\vm\interpreter\linkResolver.cpp, line 62
Event: 59.821 Thread 0x00000000188e2800 Exception <a 'sun/nio/fs/WindowsException'> (0x00000000e479e330) thrown at [C:\src\AOSP-openjdk-git\hotspot\src\share\vm\prims\jni.cpp, line 710]
Event: 61.032 Thread 0x00000000188e2800 Exception <a 'java/lang/ClassNotFoundException': com/sun/org/glassfish/hk2/osgiresourcelocator/ServiceLoader> (0x00000000e03739c8) thrown at [C:\src\AOSP-openjdk-git\hotspot\src\share\vm\classfile\systemDictionary.cpp, line 210]
Event: 61.342 Thread 0x00000000188e2800 Exception <a 'java/lang/NullPointerException'> (0x00000000e07f05d8) thrown at [C:\src\AOSP-openjdk-git\hotspot\src\share\vm\interpreter\linkResolver.cpp, line 1287]

Events (10 events):
Event: 62.160 loading class com/sun/xml/bind/v2/runtime/property/ArrayERProperty
Event: 62.160 loading class com/sun/xml/bind/v2/runtime/property/ArrayERProperty done
Event: 62.162 loading class com/sun/xml/bind/v2/runtime/property/ArrayProperty
Event: 62.162 loading class com/sun/xml/bind/v2/runtime/property/ArrayProperty done
Event: 62.173 loading class com/sun/xml/bind/v2/runtime/property/SingleElementNodeProperty
Event: 62.174 loading class com/sun/xml/bind/v2/runtime/property/SingleElementNodeProperty done
Event: 62.176 loading class com/sun/xml/bind/v2/runtime/property/SingleReferenceNodeProperty
Event: 62.176 loading class com/sun/xml/bind/v2/runtime/property/SingleReferenceNodeProperty done
Event: 62.178 loading class com/sun/xml/bind/v2/runtime/property/SingleMapNodeProperty
Event: 62.178 loading class com/sun/xml/bind/v2/runtime/property/SingleMapNodeProperty done


Dynamic libraries:
0x000000013fa70000 - 0x000000013faa1000 	C:\Program Files\Android\Android Studio1\jre\bin\java.exe
0x0000000077a00000 - 0x0000000077ba9000 	C:\Windows\SYSTEM32\ntdll.dll
0x000007feeb280000 - 0x000007feeb292000 	C:\Program Files\AVAST Software\Avast\aswhook.dll
0x00000000778e0000 - 0x00000000779ff000 	C:\Windows\system32\kernel32.dll
0x000007fefdb70000 - 0x000007fefdbdb000 	C:\Windows\system32\KERNELBASE.dll
0x000007fefebf0000 - 0x000007fefeccb000 	C:\Windows\system32\ADVAPI32.dll
0x000007feffc70000 - 0x000007feffd0f000 	C:\Windows\system32\msvcrt.dll
0x000007fefe940000 - 0x000007fefe95f000 	C:\Windows\SYSTEM32\sechost.dll
0x000007fefe4c0000 - 0x000007fefe5ed000 	C:\Windows\system32\RPCRT4.dll
0x00000000777e0000 - 0x00000000778da000 	C:\Windows\system32\USER32.dll
0x000007fefeb80000 - 0x000007fefebe7000 	C:\Windows\system32\GDI32.dll
0x000007feffc60000 - 0x000007feffc6e000 	C:\Windows\system32\LPK.dll
0x000007fefe870000 - 0x000007fefe939000 	C:\Windows\system32\USP10.dll
0x000007fefc420000 - 0x000007fefc614000 	C:\Windows\WinSxS\amd64_microsoft.windows.common-controls_6595b64144ccf1df_6.0.7601.17514_none_fa396087175ac9ac\COMCTL32.dll
0x000007fefe120000 - 0x000007fefe191000 	C:\Windows\system32\SHLWAPI.dll
0x000007fefe0f0000 - 0x000007fefe11e000 	C:\Windows\system32\IMM32.DLL
0x000007fefdd20000 - 0x000007fefde29000 	C:\Windows\system32\MSCTF.dll
0x0000000075190000 - 0x0000000075262000 	C:\Program Files\Android\Android Studio1\jre\jre\bin\msvcr100.dll
0x000000006be40000 - 0x000000006c68b000 	C:\Program Files\Android\Android Studio1\jre\jre\bin\server\jvm.dll
0x000007fefabe0000 - 0x000007fefabe9000 	C:\Windows\system32\WSOCK32.dll
0x000007fefee80000 - 0x000007fefeecd000 	C:\Windows\system32\WS2_32.dll
0x000007fefe960000 - 0x000007fefe968000 	C:\Windows\system32\NSI.dll
0x000007fef4a40000 - 0x000007fef4a7b000 	C:\Windows\system32\WINMM.dll
0x000007fefcab0000 - 0x000007fefcabc000 	C:\Windows\system32\VERSION.dll
0x0000000077bd0000 - 0x0000000077bd7000 	C:\Windows\system32\PSAPI.DLL
0x000007fefb450000 - 0x000007fefb45f000 	C:\Program Files\Android\Android Studio1\jre\jre\bin\verify.dll
0x000007fef3680000 - 0x000007fef36a9000 	C:\Program Files\Android\Android Studio1\jre\jre\bin\java.dll
0x000007fef36c0000 - 0x000007fef36d6000 	C:\Program Files\Android\Android Studio1\jre\jre\bin\zip.dll
0x000007fefeed0000 - 0x000007feffc58000 	C:\Windows\system32\SHELL32.dll
0x000007fefe970000 - 0x000007fefeb73000 	C:\Windows\system32\ole32.dll
0x000007fefd950000 - 0x000007fefd95f000 	C:\Windows\system32\profapi.dll
0x000007fef3700000 - 0x000007fef371a000 	C:\Program Files\Android\Android Studio1\jre\jre\bin\net.dll
0x000007fefd180000 - 0x000007fefd1d5000 	C:\Windows\system32\mswsock.dll
0x000007fefd170000 - 0x000007fefd177000 	C:\Windows\System32\wship6.dll
0x000007fef3660000 - 0x000007fef3673000 	C:\Program Files\Android\Android Studio1\jre\jre\bin\nio.dll
0x000007fef2590000 - 0x000007fef25b7000 	C:\Users\Woozibibi\.gradle\native\f6784746aeab05261644944871eae4fe03e0ef1612fff0a4a95f87b438bc6780\windows-amd64\native-platform.dll
0x000007fefc400000 - 0x000007fefc40d000 	C:\Program Files\Android\Android Studio1\jre\jre\bin\management.dll
0x000007fefd1e0000 - 0x000007fefd1f7000 	C:\Windows\system32\CRYPTSP.dll
0x000007fefcee0000 - 0x000007fefcf27000 	C:\Windows\system32\rsaenh.dll
0x000007fefcca0000 - 0x000007fefccbe000 	C:\Windows\system32\USERENV.dll
0x000007fefd880000 - 0x000007fefd88f000 	C:\Windows\system32\CRYPTBASE.dll
0x000007fefb360000 - 0x000007fefb387000 	C:\Windows\system32\IPHLPAPI.DLL
0x000007fefb350000 - 0x000007fefb35b000 	C:\Windows\system32\WINNSI.DLL
0x000007fefb150000 - 0x000007fefb161000 	C:\Windows\system32\dhcpcsvc6.DLL
0x000007fefb120000 - 0x000007fefb138000 	C:\Windows\system32\dhcpcsvc.DLL

VM Arguments:
jvm_args: -Xmx1536m -Dfile.encoding=windows-1252 -Duser.country=US -Duser.language=en -Duser.variant 
java_command: org.gradle.launcher.daemon.bootstrap.GradleDaemon 6.5
java_class_path (initial): C:\Users\Woozibibi\.gradle\wrapper\dists\gradle-6.5-all\2oz4ud9k3tuxjg84bbf55q0tn\gradle-6.5\lib\gradle-launcher-6.5.jar
Launcher Type: SUN_STANDARD

Environment Variables:
PATH=C:\Program Files (x86)\Common Files\Oracle\Java\javapath;C:\Users\Woozibibi\AppData\Local\Android\Sdk\tools;C:\Users\Woozibibi\AppData\Local\Android\Sdk\platform-tools;C:\Users\Woozibibi\AppData\Local\Android\Sdk\ndk\20.0.5594570;C:\Windows\System32
USERNAME=Woozibibi
OS=Windows_NT
PROCESSOR_IDENTIFIER=Intel64 Family 6 Model 15 Stepping 2, GenuineIntel



---------------  S Y S T E M  ---------------

OS: Windows 7 , 64 bit Build 7601 (6.1.7601.17514)

CPU:total 2 (initial active 2) (2 cores per cpu, 1 threads per core) family 6 model 15 stepping 2, cmov, cx8, fxsr, mmx, sse, sse2, sse3, ssse3, tsc

Memory: 4k page, physical 3397756k(141196k free), swap 4688352k(5828k free)

vm_info: OpenJDK 64-Bit Server VM (25.242-b01) for windows-amd64 JRE (1.8.0_242-release-1644-b01), built by "builder" with MS VC++ 10.0 (VS2010)

time: Thu Oct 29 03:22:14 2020
timezone: China Standard Time
elapsed time: 62 seconds (0d 0h 1m 2s)

