#
# There is insufficient memory for the Java Runtime Environment to continue.
# Native memory allocation (malloc) failed to allocate 131088 bytes for Chunk::new
# Possible reasons:
#   The system is out of physical RAM or swap space
#   The process is running with CompressedOops enabled, and the Java Heap may be blocking the growth of the native heap
# Possible solutions:
#   Reduce memory load on the system
#   Increase physical memory or swap space
#   Check if swap backing store is full
#   Decrease Java heap size (-Xmx/-Xms)
#   Decrease number of Java threads
#   Decrease Java thread stack sizes (-Xss)
#   Set larger code cache with -XX:ReservedCodeCacheSize=
#   JVM is running with Unscaled Compressed Oops mode in which the Java heap is
#     placed in the first 4GB address space. The Java Heap base address is the
#     maximum limit for the native heap growth. Please use -XX:HeapBaseMinAddress
#     to set the Java Heap base and to place the Java Heap above 4GB virtual address.
# This output file may be truncated or incomplete.
#
#  Out of Memory Error (allocation.cpp:389), pid=5212, tid=0x00000000000011e4
#
# JRE version: OpenJDK Runtime Environment (8.0_242-b01) (build 1.8.0_242-release-1644-b01)
# Java VM: OpenJDK 64-Bit Server VM (25.242-b01 mixed mode windows-amd64 compressed oops)
# Failed to write core dump. Minidumps are not enabled by default on client versions of Windows
#

---------------  T H R E A D  ---------------

Current thread (0x0000000015d12800):  JavaThread "C2 CompilerThread0" daemon [_thread_in_native, id=4580, stack(0x0000000016f40000,0x0000000017040000)]

Stack: [0x0000000016f40000,0x0000000017040000]
[error occurred during error reporting (printing stack bounds), id 0xc0000005]

Native frames: (J=compiled Java code, j=interpreted, Vv=VM code, C=native code)


Current CompileTask:
C2:  42038 4973       4       sun.reflect.generics.parser.SignatureParser::parsePackageNameAndSimpleClassTypeSignature (139 bytes)


---------------  P R O C E S S  ---------------

Java Threads: ( => current thread )
  0x000000001bc00800 JavaThread "Cache worker for Build Output Cleanup Cache (C:\Users\Woozibibi\AndroidStudioProjects\NewCycle\.gradle\buildOutputCleanup)" [_thread_blocked, id=5996, stack(0x0000000025eb0000,0x0000000025fb0000)]
  0x000000001bbff800 JavaThread "jar transforms Thread 92" [_thread_blocked, id=6044, stack(0x00000000261f0000,0x00000000262f0000)]
  0x000000001bbff000 JavaThread "jar transforms Thread 91" [_thread_blocked, id=5656, stack(0x0000000026010000,0x0000000026110000)]
  0x000000001bbfe000 JavaThread "jar transforms Thread 90" [_thread_blocked, id=5868, stack(0x0000000025d70000,0x0000000025e70000)]
  0x000000001bbfd800 JavaThread "jar transforms Thread 89" [_thread_blocked, id=192, stack(0x00000000242d0000,0x00000000243d0000)]
  0x000000001bbfc800 JavaThread "jar transforms Thread 88" [_thread_blocked, id=708, stack(0x0000000025ac0000,0x0000000025bc0000)]
  0x000000001bbfc000 JavaThread "jar transforms Thread 87" [_thread_blocked, id=5184, stack(0x0000000025c00000,0x0000000025d00000)]
  0x000000001bbfb000 JavaThread "jar transforms Thread 86" [_thread_blocked, id=2836, stack(0x0000000025620000,0x0000000025720000)]
  0x0000000017225000 JavaThread "jar transforms Thread 85" [_thread_blocked, id=5404, stack(0x0000000025970000,0x0000000025a70000)]
  0x0000000017224800 JavaThread "jar transforms Thread 84" [_thread_blocked, id=5648, stack(0x0000000025760000,0x0000000025860000)]
  0x0000000017223800 JavaThread "jar transforms Thread 83" [_thread_blocked, id=5220, stack(0x00000000254c0000,0x00000000255c0000)]
  0x0000000017222800 JavaThread "jar transforms Thread 82" [_thread_blocked, id=5952, stack(0x0000000025220000,0x0000000025320000)]
  0x0000000017222000 JavaThread "jar transforms Thread 81" [_thread_blocked, id=4588, stack(0x0000000025390000,0x0000000025490000)]
  0x0000000017221000 JavaThread "jar transforms Thread 80" [_thread_blocked, id=3544, stack(0x00000000250d0000,0x00000000251d0000)]
  0x0000000017220800 JavaThread "jar transforms Thread 79" [_thread_blocked, id=5456, stack(0x0000000024f10000,0x0000000025010000)]
  0x000000001721f800 JavaThread "jar transforms Thread 78" [_thread_blocked, id=1752, stack(0x0000000024ac0000,0x0000000024bc0000)]
  0x000000001721f000 JavaThread "jar transforms Thread 77" [_thread_blocked, id=5816, stack(0x0000000024db0000,0x0000000024eb0000)]
  0x000000001721e000 JavaThread "jar transforms Thread 76" [_thread_blocked, id=5472, stack(0x0000000024bf0000,0x0000000024cf0000)]
  0x000000001c435000 JavaThread "jar transforms Thread 75" [_thread_blocked, id=6032, stack(0x0000000024930000,0x0000000024a30000)]
  0x000000001c434000 JavaThread "jar transforms Thread 74" [_thread_blocked, id=1164, stack(0x00000000244e0000,0x00000000245e0000)]
  0x000000001c433800 JavaThread "jar transforms Thread 73" [_thread_blocked, id=5500, stack(0x0000000024700000,0x0000000024800000)]
  0x000000001c432800 JavaThread "jar transforms Thread 72" [_thread_blocked, id=5496, stack(0x0000000024800000,0x0000000024900000)]
  0x000000001c432000 JavaThread "jar transforms Thread 71" [_thread_blocked, id=5552, stack(0x0000000024090000,0x0000000024190000)]
  0x000000001c431000 JavaThread "jar transforms Thread 70" [_thread_blocked, id=6048, stack(0x00000000245f0000,0x00000000246f0000)]
  0x000000001c430800 JavaThread "jar transforms Thread 69" [_thread_blocked, id=4596, stack(0x00000000243e0000,0x00000000244e0000)]
  0x000000001c42f800 JavaThread "jar transforms Thread 68" [_thread_blocked, id=1068, stack(0x00000000241d0000,0x00000000242d0000)]
  0x000000001c42f000 JavaThread "jar transforms Thread 67" [_thread_blocked, id=3556, stack(0x0000000023f30000,0x0000000024030000)]
  0x000000001c42e000 JavaThread "jar transforms Thread 66" [_thread_blocked, id=6124, stack(0x0000000023db0000,0x0000000023eb0000)]
  0x000000001bc9d800 JavaThread "jar transforms Thread 65" [_thread_blocked, id=5144, stack(0x0000000023cb0000,0x0000000023db0000)]
  0x000000001bc9c800 JavaThread "jar transforms Thread 64" [_thread_blocked, id=1688, stack(0x00000000239a0000,0x0000000023aa0000)]
  0x000000001bc9c000 JavaThread "jar transforms Thread 63" [_thread_blocked, id=5772, stack(0x0000000023b20000,0x0000000023c20000)]
  0x000000001bc9b000 JavaThread "jar transforms Thread 62" [_thread_blocked, id=1924, stack(0x0000000022f90000,0x0000000023090000)]
  0x000000001bc9a800 JavaThread "jar transforms Thread 61" [_thread_blocked, id=3992, stack(0x0000000020140000,0x0000000020240000)]
  0x000000001bc99800 JavaThread "jar transforms Thread 60" [_thread_blocked, id=4976, stack(0x00000000238a0000,0x00000000239a0000)]
  0x000000001bc99000 JavaThread "jar transforms Thread 59" [_thread_blocked, id=2792, stack(0x00000000236f0000,0x00000000237f0000)]
  0x000000001bc98000 JavaThread "jar transforms Thread 58" [_thread_blocked, id=5936, stack(0x00000000235d0000,0x00000000236d0000)]
  0x000000001bc97800 JavaThread "jar transforms Thread 57" [_thread_blocked, id=5524, stack(0x00000000233e0000,0x00000000234e0000)]
  0x000000001bc96800 JavaThread "jar transforms Thread 56" [_thread_blocked, id=5948, stack(0x00000000232c0000,0x00000000233c0000)]
  0x000000001b440000 JavaThread "jar transforms Thread 55" [_thread_blocked, id=4624, stack(0x0000000023100000,0x0000000023200000)]
  0x000000001b43f800 JavaThread "jar transforms Thread 54" [_thread_blocked, id=5124, stack(0x0000000022e40000,0x0000000022f40000)]
  0x000000001b43e800 JavaThread "jar transforms Thread 53" [_thread_blocked, id=328, stack(0x0000000022c70000,0x0000000022d70000)]
  0x000000001b43e000 JavaThread "jar transforms Thread 52" [_thread_blocked, id=336, stack(0x0000000022060000,0x0000000022160000)]
  0x000000001b43d000 JavaThread "jar transforms Thread 51" [_thread_blocked, id=1108, stack(0x0000000022b20000,0x0000000022c20000)]
  0x000000001b43c800 JavaThread "jar transforms Thread 50" [_thread_blocked, id=5536, stack(0x0000000022880000,0x0000000022980000)]
  0x000000001b43b800 JavaThread "jar transforms Thread 49" [_thread_blocked, id=5388, stack(0x00000000211d0000,0x00000000212d0000)]
  0x000000001b43b000 JavaThread "jar transforms Thread 48" [_thread_blocked, id=2136, stack(0x0000000021590000,0x0000000021690000)]
  0x000000001b43a000 JavaThread "jar transforms Thread 47" [_thread_blocked, id=6028, stack(0x0000000022990000,0x0000000022a90000)]
  0x000000001b439800 JavaThread "jar transforms Thread 46" [_thread_blocked, id=5592, stack(0x0000000022740000,0x0000000022840000)]
  0x000000001bb2a000 JavaThread "jar transforms Thread 45" [_thread_blocked, id=5240, stack(0x00000000225a0000,0x00000000226a0000)]
  0x000000001bb29000 JavaThread "jar transforms Thread 44" [_thread_blocked, id=5944, stack(0x0000000022470000,0x0000000022570000)]
  0x000000001bb28800 JavaThread "jar transforms Thread 43" [_thread_blocked, id=5304, stack(0x00000000222b0000,0x00000000223b0000)]
  0x000000001bb27800 JavaThread "jar transforms Thread 42" [_thread_blocked, id=2808, stack(0x0000000022180000,0x0000000022280000)]
  0x000000001bb27000 JavaThread "jar transforms Thread 41" [_thread_blocked, id=5620, stack(0x0000000021f60000,0x0000000022060000)]
  0x000000001bb26000 JavaThread "jar transforms Thread 40" [_thread_blocked, id=5356, stack(0x0000000021e50000,0x0000000021f50000)]
  0x000000001bb25800 JavaThread "jar transforms Thread 39" [_thread_blocked, id=5424, stack(0x0000000021bc0000,0x0000000021cc0000)]
  0x000000001bb24800 JavaThread "jar transforms Thread 38" [_thread_blocked, id=1564, stack(0x0000000021cd0000,0x0000000021dd0000)]
  0x000000001bb24000 JavaThread "jar transforms Thread 37" [_thread_blocked, id=2476, stack(0x0000000021aa0000,0x0000000021ba0000)]
  0x000000001bb23000 JavaThread "jar transforms Thread 36" [_thread_blocked, id=4308, stack(0x00000000217a0000,0x00000000218a0000)]
  0x000000001732f000 JavaThread "jar transforms Thread 35" [_thread_blocked, id=5980, stack(0x00000000218e0000,0x00000000219e0000)]
  0x000000001732e800 JavaThread "jar transforms Thread 34" [_thread_blocked, id=1820, stack(0x0000000021690000,0x0000000021790000)]
  0x000000001732d800 JavaThread "jar transforms Thread 33" [_thread_blocked, id=5232, stack(0x0000000021490000,0x0000000021590000)]
  0x000000001732d000 JavaThread "jar transforms Thread 32" [_thread_blocked, id=5196, stack(0x0000000020490000,0x0000000020590000)]
  0x000000001732c000 JavaThread "jar transforms Thread 31" [_thread_blocked, id=4500, stack(0x00000000212f0000,0x00000000213f0000)]
  0x000000001732b800 JavaThread "jar transforms Thread 30" [_thread_blocked, id=5912, stack(0x00000000209e0000,0x0000000020ae0000)]
  0x000000001732a800 JavaThread "jar transforms Thread 29" [_thread_blocked, id=5376, stack(0x000000001f570000,0x000000001f670000)]
  0x000000001732a000 JavaThread "jar transforms Thread 28" [_thread_blocked, id=5672, stack(0x00000000210d0000,0x00000000211d0000)]
  0x0000000017329000 JavaThread "jar transforms Thread 27" [_thread_blocked, id=5264, stack(0x0000000020f60000,0x0000000021060000)]
  0x0000000017328800 JavaThread "jar transforms Thread 26" [_thread_blocked, id=4824, stack(0x0000000020df0000,0x0000000020ef0000)]
  0x000000001b2d6000 JavaThread "jar transforms Thread 25" [_thread_blocked, id=4612, stack(0x0000000020ce0000,0x0000000020de0000)]
  0x000000001b2d5000 JavaThread "jar transforms Thread 24" [_thread_blocked, id=1412, stack(0x0000000020b30000,0x0000000020c30000)]
  0x000000001b2d4800 JavaThread "jar transforms Thread 23" [_thread_blocked, id=972, stack(0x00000000208b0000,0x00000000209b0000)]
  0x000000001b2d3800 JavaThread "jar transforms Thread 22" [_thread_blocked, id=5428, stack(0x00000000206b0000,0x00000000207b0000)]
  0x000000001b2d3000 JavaThread "jar transforms Thread 21" [_thread_blocked, id=4148, stack(0x00000000207b0000,0x00000000208b0000)]
  0x000000001b2d2000 JavaThread "jar transforms Thread 20" [_thread_blocked, id=2152, stack(0x0000000020590000,0x0000000020690000)]
  0x000000001b2d1800 JavaThread "jar transforms Thread 19" [_thread_blocked, id=2020, stack(0x0000000020360000,0x0000000020460000)]
  0x000000001b2d0800 JavaThread "jar transforms Thread 18" [_thread_blocked, id=5252, stack(0x000000001f930000,0x000000001fa30000)]
  0x000000001b2d0000 JavaThread "jar transforms Thread 17" [_thread_blocked, id=5012, stack(0x0000000020240000,0x0000000020340000)]
  0x000000001b2cf000 JavaThread "jar transforms Thread 16" [_thread_blocked, id=4544, stack(0x0000000020040000,0x0000000020140000)]
  0x000000001bb36000 JavaThread "jar transforms Thread 15" [_thread_blocked, id=5880, stack(0x000000001a690000,0x000000001a790000)]
  0x000000001bb35000 JavaThread "jar transforms Thread 14" [_thread_blocked, id=2268, stack(0x000000001fef0000,0x000000001fff0000)]
  0x000000001bb34800 JavaThread "jar transforms Thread 13" [_thread_blocked, id=3736, stack(0x000000001fd40000,0x000000001fe40000)]
  0x000000001bb33800 JavaThread "jar transforms Thread 12" [_thread_blocked, id=6064, stack(0x000000001d9e0000,0x000000001dae0000)]
  0x000000001bb33000 JavaThread "jar transforms Thread 11" [_thread_blocked, id=5864, stack(0x000000001fc00000,0x000000001fd00000)]
  0x000000001bb32000 JavaThread "jar transforms Thread 10" [_thread_blocked, id=5696, stack(0x000000001fa30000,0x000000001fb30000)]
  0x000000001bb31800 JavaThread "jar transforms Thread 9" [_thread_blocked, id=4116, stack(0x000000001f810000,0x000000001f910000)]
  0x000000001bb30800 JavaThread "jar transforms Thread 8" [_thread_blocked, id=2652, stack(0x000000001ef40000,0x000000001f040000)]
  0x000000001bb30000 JavaThread "jar transforms Thread 7" [_thread_blocked, id=5716, stack(0x000000001f680000,0x000000001f780000)]
  0x000000001bb2f000 JavaThread "jar transforms Thread 6" [_thread_blocked, id=1064, stack(0x000000001f470000,0x000000001f570000)]
  0x0000000017f0e000 JavaThread "jar transforms Thread 5" [_thread_blocked, id=5288, stack(0x000000001f360000,0x000000001f460000)]
  0x0000000017f0d800 JavaThread "jar transforms Thread 4" [_thread_blocked, id=3936, stack(0x000000001f1b0000,0x000000001f2b0000)]
  0x0000000017f0c800 JavaThread "jar transforms Thread 3" [_thread_blocked, id=3820, stack(0x000000001f050000,0x000000001f150000)]
  0x0000000017f0c000 JavaThread "jar transforms Thread 2" [_thread_blocked, id=2124, stack(0x000000001ee30000,0x000000001ef30000)]
  0x0000000017f0b000 JavaThread "Build operations Thread 2" [_thread_blocked, id=208, stack(0x000000001ecf0000,0x000000001edf0000)]
  0x0000000017f0a800 JavaThread "Build operations" [_thread_blocked, id=3988, stack(0x000000001eb80000,0x000000001ec80000)]
  0x0000000017326800 JavaThread "Cache worker for file content cache (C:\Users\Woozibibi\.gradle\caches\6.5\fileContent)" [_thread_blocked, id=2112, stack(0x000000001e3a0000,0x000000001e4a0000)]
  0x0000000017325000 JavaThread "jar transforms" [_thread_blocked, id=5924, stack(0x000000001e2a0000,0x000000001e3a0000)]
  0x0000000017324000 JavaThread "Cache worker for execution history cache (C:\Users\Woozibibi\.gradle\caches\6.5\executionHistory)" [_thread_blocked, id=2860, stack(0x000000001db00000,0x000000001dc00000)]
  0x0000000017323800 JavaThread "Cache worker for cache directory md-rule (C:\Users\Woozibibi\.gradle\caches\6.5\md-rule)" [_thread_blocked, id=5320, stack(0x000000001d8b0000,0x000000001d9b0000)]
  0x0000000017322800 JavaThread "Cache worker for cache directory md-supplier (C:\Users\Woozibibi\.gradle\caches\6.5\md-supplier)" [_thread_blocked, id=1316, stack(0x000000001d740000,0x000000001d840000)]
  0x0000000017322000 JavaThread "Cache worker for checksums cache (C:\Users\Woozibibi\AndroidStudioProjects\NewCycle\.gradle\checksums)" [_thread_blocked, id=4712, stack(0x000000001d240000,0x000000001d340000)]
  0x0000000017321000 JavaThread "Cache worker for file hash cache (C:\Users\Woozibibi\AndroidStudioProjects\NewCycle\.gradle\6.5\fileHashes)" [_thread_blocked, id=5384, stack(0x000000001d3f0000,0x000000001d4f0000)]
  0x0000000017320800 JavaThread "Cache worker for file hash cache (C:\Users\Woozibibi\.gradle\caches\6.5\fileHashes)" [_thread_blocked, id=5036, stack(0x000000001aae0000,0x000000001abe0000)]
  0x000000001731f800 JavaThread "File lock request listener" [_thread_in_native, id=5700, stack(0x000000001ad70000,0x000000001ae70000)]
  0x000000001840e800 JavaThread "Cache worker for journal cache (C:\Users\Woozibibi\.gradle\caches\journal-1)" [_thread_blocked, id=4016, stack(0x000000001ac30000,0x000000001ad30000)]
  0x00000000192e1800 JavaThread "Thread-9" [_thread_blocked, id=4144, stack(0x000000001a790000,0x000000001a890000)]
  0x00000000192b2800 JavaThread "Stdin handler" [_thread_blocked, id=1940, stack(0x000000001a590000,0x000000001a690000)]
  0x00000000192b2000 JavaThread "Asynchronous log dispatcher for DefaultDaemonConnection: socket connection from /127.0.0.1:2661 to /127.0.0.1:2662" [_thread_blocked, id=2568, stack(0x000000001a3f0000,0x000000001a4f0000)]
  0x00000000192c2000 JavaThread "Daemon worker" [_thread_blocked, id=5004, stack(0x000000001a290000,0x000000001a390000)]
  0x0000000018a37000 JavaThread "Cancel handler" [_thread_blocked, id=5652, stack(0x0000000019ed0000,0x0000000019fd0000)]
  0x0000000018a23000 JavaThread "Handler for socket connection from /127.0.0.1:2661 to /127.0.0.1:2662" [_thread_in_native, id=1668, stack(0x000000001a180000,0x000000001a280000)]
  0x0000000018a1c000 JavaThread "Daemon" [_thread_blocked, id=4340, stack(0x0000000019fd0000,0x000000001a0d0000)]
  0x00000000173b7800 JavaThread "Daemon periodic checks" [_thread_blocked, id=4832, stack(0x00000000181b0000,0x00000000182b0000)]
  0x0000000017408800 JavaThread "Incoming local TCP Connector on port 2661" [_thread_in_native, id=2824, stack(0x0000000019b50000,0x0000000019c50000)]
  0x00000000191f3000 JavaThread "Daemon health stats" [_thread_blocked, id=5760, stack(0x00000000175d0000,0x00000000176d0000)]
  0x0000000017178800 JavaThread "Service Thread" daemon [_thread_blocked, id=5832, stack(0x0000000017720000,0x0000000017820000)]
  0x0000000015d17000 JavaThread "C1 CompilerThread1" daemon [_thread_blocked, id=2520, stack(0x0000000017060000,0x0000000017160000)]
=>0x0000000015d12800 JavaThread "C2 CompilerThread0" daemon [_thread_in_native, id=4580, stack(0x0000000016f40000,0x0000000017040000)]
  0x0000000015d0d800 JavaThread "Attach Listener" daemon [_thread_blocked, id=5916, stack(0x0000000016d30000,0x0000000016e30000)]
  0x0000000015d0b800 JavaThread "Signal Dispatcher" daemon [_thread_blocked, id=5600, stack(0x0000000016bb0000,0x0000000016cb0000)]
  0x0000000015cef800 JavaThread "Finalizer" daemon [_thread_blocked, id=4120, stack(0x0000000016ab0000,0x0000000016bb0000)]
  0x0000000015ce6000 JavaThread "Reference Handler" daemon [_thread_blocked, id=5292, stack(0x00000000168b0000,0x00000000169b0000)]
  0x0000000001f8e800 JavaThread "main" [_thread_blocked, id=2108, stack(0x0000000002130000,0x0000000002230000)]

Other Threads:
  0x0000000015c9c800 VMThread [stack: 0x0000000016740000,0x0000000016840000] [id=5280]
  0x0000000015d6a800 WatcherThread [stack: 0x0000000017880000,0x0000000017980000] [id=3548]

VM state:at safepoint (normal execution)

VM Mutex/Monitor currently owned by a thread:  ([mutex/lock_event])
[0x0000000001f8c9d0] Threads_lock - owner thread: 0x0000000015c9c800
[0x0000000001f8ced0] Heap_lock - owner thread: 0x00000000192c2000

heap address: 0x00000000a0000000, size: 1536 MB, Compressed Oops mode: 32-bit
Narrow klass base: 0x0000000000000000, Narrow klass shift: 3
Compressed class space size: 1073741824 Address: 0x000000013f790000

Heap:
 PSYoungGen      total 183296K, used 26328K [0x00000000e0000000, 0x00000000ed300000, 0x0000000100000000)
  eden space 168960K, 7% used [0x00000000e0000000,0x00000000e0bb6d48,0x00000000ea500000)
  from space 14336K, 99% used [0x00000000eb880000,0x00000000ec67f350,0x00000000ec680000)
  to   space 19968K, 3% used [0x00000000ea500000,0x00000000ea5a8000,0x00000000eb880000)
 ParOldGen       total 49152K, used 39107K [0x00000000a0000000, 0x00000000a3000000, 0x00000000e0000000)
  object space 49152K, 79% used [0x00000000a0000000,0x00000000a2630d58,0x00000000a3000000)
 Metaspace       used 55379K, capacity 57568K, committed 57728K, reserved 1099776K
  class space    used 7531K, capacity 8061K, committed 8064K, reserved 1048576K

Card table byte_map: [0x00000000118c0000,0x0000000011bd0000] byte_map_base: 0x00000000113c0000

Marking Bits: (ParMarkBitMap*) 0x000000006861f030
 Begin Bits: [0x0000000012070000, 0x0000000013870000)
 End Bits:   [0x0000000013870000, 0x0000000015070000)

Polling page: 0x0000000000320000

CodeCache: size=245760Kb used=15458Kb max_used=15716Kb free=230301Kb
 bounds [0x0000000002500000, 0x0000000003470000, 0x0000000011500000]
 total_blobs=5315 nmethods=4548 adapters=679
 compilation: enabled

Compilation events (10 events):
Event: 41.903 Thread 0x0000000015d17000 5018       3       java.io.ObjectOutputStream$HandleTable::insert (39 bytes)
Event: 41.904 Thread 0x0000000015d17000 nmethod 5018 0x0000000002c5c550 code [0x0000000002c5c6e0, 0x0000000002c5caa8]
Event: 41.904 Thread 0x0000000015d17000 5019       3       java.io.ObjectOutputStream$BlockDataOutputStream::drain (45 bytes)
Event: 41.905 Thread 0x0000000015d17000 nmethod 5019 0x0000000002a113d0 code [0x0000000002a11540, 0x0000000002a11838]
Event: 41.905 Thread 0x0000000015d17000 5020       3       org.gradle.internal.serialize.AbstractEncoder$EncoderStream::write (11 bytes)
Event: 41.906 Thread 0x0000000015d17000 nmethod 5020 0x0000000002c0ced0 code [0x0000000002c0d040, 0x0000000002c0d268]
Event: 41.921 Thread 0x0000000015d17000 5021       3       com.google.common.collect.CompactHashMap::resizeMeMaybe (39 bytes)
Event: 41.922 Thread 0x0000000015d17000 nmethod 5021 0x00000000034566d0 code [0x0000000003456840, 0x0000000003456bc8]
Event: 41.922 Thread 0x0000000015d17000 5022       1       java.util.concurrent.atomic.AtomicInteger::incrementAndGet (14 bytes)
Event: 41.922 Thread 0x0000000015d17000 nmethod 5022 0x0000000002accc50 code [0x0000000002accda0, 0x0000000002acceb0]

GC Heap History (10 events):
Event: 16.596 GC heap after
Heap after GC invocations=10 (full 1):
 PSYoungGen      total 111104K, used 9194K [0x00000000e0000000, 0x00000000e9e80000, 0x0000000100000000)
  eden space 101888K, 0% used [0x00000000e0000000,0x00000000e0000000,0x00000000e6380000)
  from space 9216K, 99% used [0x00000000e6380000,0x00000000e6c7ab68,0x00000000e6c80000)
  to   space 11776K, 0% used [0x00000000e9300000,0x00000000e9300000,0x00000000e9e80000)
 ParOldGen       total 32256K, used 12011K [0x00000000a0000000, 0x00000000a1f80000, 0x00000000e0000000)
  object space 32256K, 37% used [0x00000000a0000000,0x00000000a0bbaeb0,0x00000000a1f80000)
 Metaspace       used 31467K, capacity 32346K, committed 32512K, reserved 1077248K
  class space    used 4271K, capacity 4500K, committed 4608K, reserved 1048576K
}
Event: 21.019 GC heap before
{Heap before GC invocations=11 (full 1):
 PSYoungGen      total 111104K, used 68301K [0x00000000e0000000, 0x00000000e9e80000, 0x0000000100000000)
  eden space 101888K, 58% used [0x00000000e0000000,0x00000000e39b89d8,0x00000000e6380000)
  from space 9216K, 99% used [0x00000000e6380000,0x00000000e6c7ab68,0x00000000e6c80000)
  to   space 11776K, 0% used [0x00000000e9300000,0x00000000e9300000,0x00000000e9e80000)
 ParOldGen       total 32256K, used 12011K [0x00000000a0000000, 0x00000000a1f80000, 0x00000000e0000000)
  object space 32256K, 37% used [0x00000000a0000000,0x00000000a0bbaeb0,0x00000000a1f80000)
 Metaspace       used 34112K, capacity 35284K, committed 35416K, reserved 1079296K
  class space    used 4683K, capacity 5001K, committed 5120K, reserved 1048576K
Event: 21.159 GC heap after
Heap after GC invocations=11 (full 1):
 PSYoungGen      total 150016K, used 9282K [0x00000000e0000000, 0x00000000ea100000, 0x0000000100000000)
  eden space 138240K, 0% used [0x00000000e0000000,0x00000000e0000000,0x00000000e8700000)
  from space 11776K, 78% used [0x00000000e9300000,0x00000000e9c10830,0x00000000e9e80000)
  to   space 12288K, 0% used [0x00000000e8700000,0x00000000e8700000,0x00000000e9300000)
 ParOldGen       total 32256K, used 12019K [0x00000000a0000000, 0x00000000a1f80000, 0x00000000e0000000)
  object space 32256K, 37% used [0x00000000a0000000,0x00000000a0bbceb0,0x00000000a1f80000)
 Metaspace       used 34112K, capacity 35284K, committed 35416K, reserved 1079296K
  class space    used 4683K, capacity 5001K, committed 5120K, reserved 1048576K
}
Event: 21.159 GC heap before
{Heap before GC invocations=12 (full 2):
 PSYoungGen      total 150016K, used 9282K [0x00000000e0000000, 0x00000000ea100000, 0x0000000100000000)
  eden space 138240K, 0% used [0x00000000e0000000,0x00000000e0000000,0x00000000e8700000)
  from space 11776K, 78% used [0x00000000e9300000,0x00000000e9c10830,0x00000000e9e80000)
  to   space 12288K, 0% used [0x00000000e8700000,0x00000000e8700000,0x00000000e9300000)
 ParOldGen       total 32256K, used 12019K [0x00000000a0000000, 0x00000000a1f80000, 0x00000000e0000000)
  object space 32256K, 37% used [0x00000000a0000000,0x00000000a0bbceb0,0x00000000a1f80000)
 Metaspace       used 34112K, capacity 35284K, committed 35416K, reserved 1079296K
  class space    used 4683K, capacity 5001K, committed 5120K, reserved 1048576K
Event: 21.532 GC heap after
Heap after GC invocations=12 (full 2):
 PSYoungGen      total 150016K, used 0K [0x00000000e0000000, 0x00000000ea100000, 0x0000000100000000)
  eden space 138240K, 0% used [0x00000000e0000000,0x00000000e0000000,0x00000000e8700000)
  from space 11776K, 0% used [0x00000000e9300000,0x00000000e9300000,0x00000000e9e80000)
  to   space 12288K, 0% used [0x00000000e8700000,0x00000000e8700000,0x00000000e9300000)
 ParOldGen       total 49152K, used 15892K [0x00000000a0000000, 0x00000000a3000000, 0x00000000e0000000)
  object space 49152K, 32% used [0x00000000a0000000,0x00000000a0f851e0,0x00000000a3000000)
 Metaspace       used 34112K, capacity 35284K, committed 35416K, reserved 1079296K
  class space    used 4683K, capacity 5001K, committed 5120K, reserved 1048576K
}
Event: 32.274 GC heap before
{Heap before GC invocations=13 (full 2):
 PSYoungGen      total 150016K, used 138240K [0x00000000e0000000, 0x00000000ea100000, 0x0000000100000000)
  eden space 138240K, 100% used [0x00000000e0000000,0x00000000e8700000,0x00000000e8700000)
  from space 11776K, 0% used [0x00000000e9300000,0x00000000e9300000,0x00000000e9e80000)
  to   space 12288K, 0% used [0x00000000e8700000,0x00000000e8700000,0x00000000e9300000)
 ParOldGen       total 49152K, used 15892K [0x00000000a0000000, 0x00000000a3000000, 0x00000000e0000000)
  object space 49152K, 32% used [0x00000000a0000000,0x00000000a0f851e0,0x00000000a3000000)
 Metaspace       used 42267K, capacity 44028K, committed 44416K, reserved 1087488K
  class space    used 5774K, capacity 6187K, committed 6272K, reserved 1048576K
Event: 32.342 GC heap after
Heap after GC invocations=13 (full 2):
 PSYoungGen      total 150528K, used 11814K [0x00000000e0000000, 0x00000000ec680000, 0x0000000100000000)
  eden space 138240K, 0% used [0x00000000e0000000,0x00000000e0000000,0x00000000e8700000)
  from space 12288K, 96% used [0x00000000e8700000,0x00000000e9289808,0x00000000e9300000)
  to   space 14336K, 0% used [0x00000000eb880000,0x00000000eb880000,0x00000000ec680000)
 ParOldGen       total 49152K, used 15900K [0x00000000a0000000, 0x00000000a3000000, 0x00000000e0000000)
  object space 49152K, 32% used [0x00000000a0000000,0x00000000a0f871e0,0x00000000a3000000)
 Metaspace       used 42267K, capacity 44028K, committed 44416K, reserved 1087488K
  class space    used 5774K, capacity 6187K, committed 6272K, reserved 1048576K
}
Event: 41.132 GC heap before
{Heap before GC invocations=14 (full 2):
 PSYoungGen      total 150528K, used 150054K [0x00000000e0000000, 0x00000000ec680000, 0x0000000100000000)
  eden space 138240K, 100% used [0x00000000e0000000,0x00000000e8700000,0x00000000e8700000)
  from space 12288K, 96% used [0x00000000e8700000,0x00000000e9289808,0x00000000e9300000)
  to   space 14336K, 0% used [0x00000000eb880000,0x00000000eb880000,0x00000000ec680000)
 ParOldGen       total 49152K, used 15900K [0x00000000a0000000, 0x00000000a3000000, 0x00000000e0000000)
  object space 49152K, 32% used [0x00000000a0000000,0x00000000a0f871e0,0x00000000a3000000)
 Metaspace       used 54561K, capacity 56730K, committed 56960K, reserved 1097728K
  class space    used 7421K, capacity 7946K, committed 8064K, reserved 1048576K
Event: 41.372 GC heap after
Heap after GC invocations=14 (full 2):
 PSYoungGen      total 183296K, used 14332K [0x00000000e0000000, 0x00000000ed300000, 0x0000000100000000)
  eden space 168960K, 0% used [0x00000000e0000000,0x00000000e0000000,0x00000000ea500000)
  from space 14336K, 99% used [0x00000000eb880000,0x00000000ec67f350,0x00000000ec680000)
  to   space 19968K, 0% used [0x00000000ea500000,0x00000000ea500000,0x00000000eb880000)
 ParOldGen       total 49152K, used 24912K [0x00000000a0000000, 0x00000000a3000000, 0x00000000e0000000)
  object space 49152K, 50% used [0x00000000a0000000,0x00000000a18542f8,0x00000000a3000000)
 Metaspace       used 54561K, capacity 56730K, committed 56960K, reserved 1097728K
  class space    used 7421K, capacity 7946K, committed 8064K, reserved 1048576K
}
Event: 41.947 GC heap before
{Heap before GC invocations=15 (full 2):
 PSYoungGen      total 183296K, used 26328K [0x00000000e0000000, 0x00000000ed300000, 0x0000000100000000)
  eden space 168960K, 7% used [0x00000000e0000000,0x00000000e0bb6d48,0x00000000ea500000)
  from space 14336K, 99% used [0x00000000eb880000,0x00000000ec67f350,0x00000000ec680000)
  to   space 19968K, 0% used [0x00000000ea500000,0x00000000ea500000,0x00000000eb880000)
 ParOldGen       total 49152K, used 24912K [0x00000000a0000000, 0x00000000a3000000, 0x00000000e0000000)
  object space 49152K, 50% used [0x00000000a0000000,0x00000000a18542f8,0x00000000a3000000)
 Metaspace       used 55379K, capacity 57568K, committed 57728K, reserved 1099776K
  class space    used 7531K, capacity 8061K, committed 8064K, reserved 1048576K

Deoptimization events (10 events):
Event: 33.831 Thread 0x00000000192c2000 Uncommon trap: reason=unstable_if action=reinterpret pc=0x0000000002ee4eac method=java.security.CodeSource.matchCerts(Ljava/security/CodeSource;Z)Z @ 11
Event: 33.883 Thread 0x00000000192c2000 Uncommon trap: reason=unstable_if action=reinterpret pc=0x0000000002eddaf4 method=java.util.LinkedHashMap.get(Ljava/lang/Object;)Ljava/lang/Object; @ 20
Event: 33.983 Thread 0x00000000192c2000 Uncommon trap: reason=unstable_if action=reinterpret pc=0x0000000002fa0b9c method=java.util.jar.JarFile.maybeInstantiateVerifier()V @ 4
Event: 34.961 Thread 0x00000000192c2000 Uncommon trap: reason=unstable_if action=reinterpret pc=0x00000000027222a4 method=org.gradle.internal.reflect.PropertyAccessorType.of(Ljava/lang/reflect/Method;)Lorg/gradle/internal/reflect/PropertyAccessorType; @ 56
Event: 36.460 Thread 0x00000000192c2000 Uncommon trap: reason=unstable_if action=reinterpret pc=0x00000000032dc2b4 method=com.sun.org.apache.xerces.internal.impl.XMLEntityScanner.checkBeforeLoad(Lcom/sun/xml/internal/stream/Entity$ScannedEntity;II)I @ 18
Event: 36.495 Thread 0x00000000192c2000 Uncommon trap: reason=unstable_if action=reinterpret pc=0x00000000032f15d0 method=com.sun.org.apache.xerces.internal.util.SymbolTable.addSymbol([CII)Ljava/lang/String; @ 38
Event: 36.949 Thread 0x00000000192c2000 Uncommon trap: reason=unstable_if action=reinterpret pc=0x000000000297b9ec method=org.gradle.internal.instantiation.generator.AbstractClassGenerator$InjectionAnnotationValidator.validateMethod(Ljava/lang/reflect/Method;Lorg/gradle/internal/reflect/Propert
Event: 36.950 Thread 0x00000000192c2000 Uncommon trap: reason=unstable_if action=reinterpret pc=0x0000000002bf449c method=org.gradle.internal.instantiation.generator.AbstractClassGenerator$InjectionAnnotationValidator.validateMethod(Ljava/lang/reflect/Method;Lorg/gradle/internal/reflect/Propert
Event: 37.480 Thread 0x00000000192c2000 Uncommon trap: reason=null_check action=make_not_entrant pc=0x00000000026126d0 method=java.lang.Class.searchMethods([Ljava/lang/reflect/Method;Ljava/lang/String;[Ljava/lang/Class;)Ljava/lang/reflect/Method; @ 59
Event: 40.715 Thread 0x00000000192c2000 Uncommon trap: reason=unstable_if action=reinterpret pc=0x00000000028058b0 method=sun.misc.MetaIndex.mayContain(Ljava/lang/String;)Z @ 38

Classes redefined (0 events):
No events

Internal exceptions (10 events):
Event: 38.305 Thread 0x00000000192c2000 Exception <a 'java/lang/ClassNotFoundException': org/gradle/api/internal/file/AbstractFileCollectionCustomizer> (0x00000000e6608fd8) thrown at [C:\src\AOSP-openjdk-git\hotspot\src\share\vm\classfile\systemDictionary.cpp, line 210]
Event: 38.309 Thread 0x00000000192c2000 Exception <a 'java/lang/ClassNotFoundException': org/gradle/api/internal/file/CompositeFileCollectionCustomizer> (0x00000000e6658bb8) thrown at [C:\src\AOSP-openjdk-git\hotspot\src\share\vm\classfile\systemDictionary.cpp, line 210]
Event: 38.311 Thread 0x00000000192c2000 Exception <a 'java/lang/ClassNotFoundException': org/gradle/api/internal/file/CompositeFileTreeCustomizer> (0x00000000e669fc00) thrown at [C:\src\AOSP-openjdk-git\hotspot\src\share\vm\classfile\systemDictionary.cpp, line 210]
Event: 38.314 Thread 0x00000000192c2000 Exception <a 'java/lang/ClassNotFoundException': org/gradle/api/internal/file/collections/DefaultConfigurableFileTreeCustomizer> (0x00000000e66f58f0) thrown at [C:\src\AOSP-openjdk-git\hotspot\src\share\vm\classfile\systemDictionary.cpp, line 210]
Event: 41.760 Thread 0x00000000192c2000 Exception <a 'java/lang/ClassNotFoundException': com/android/build/gradle/internal/api/ApkVariantOutputImpl_DecoratedBeanInfo> (0x00000000e0756e28) thrown at [C:\src\AOSP-openjdk-git\hotspot\src\share\vm\classfile\systemDictionary.cpp, line 210]
Event: 41.761 Thread 0x00000000192c2000 Exception <a 'java/lang/ClassNotFoundException': com/android/build/gradle/internal/api/ApkVariantOutputImplBeanInfo> (0x00000000e0774058) thrown at [C:\src\AOSP-openjdk-git\hotspot\src\share\vm\classfile\systemDictionary.cpp, line 210]
Event: 41.763 Thread 0x00000000192c2000 Exception <a 'java/lang/ClassNotFoundException': com/android/build/gradle/internal/api/BaseVariantOutputImplBeanInfo> (0x00000000e0792490) thrown at [C:\src\AOSP-openjdk-git\hotspot\src\share\vm\classfile\systemDictionary.cpp, line 210]
Event: 41.765 Thread 0x00000000192c2000 Exception <a 'java/lang/ClassNotFoundException': com/android/build/gradle/internal/api/BaseVariantOutputImplCustomizer> (0x00000000e07b0e28) thrown at [C:\src\AOSP-openjdk-git\hotspot\src\share\vm\classfile\systemDictionary.cpp, line 210]
Event: 41.768 Thread 0x00000000192c2000 Exception <a 'java/lang/ClassNotFoundException': com/android/build/gradle/internal/api/ApkVariantOutputImplCustomizer> (0x00000000e07e95f0) thrown at [C:\src\AOSP-openjdk-git\hotspot\src\share\vm\classfile\systemDictionary.cpp, line 210]
Event: 41.770 Thread 0x00000000192c2000 Exception <a 'java/lang/ClassNotFoundException': com/android/build/gradle/internal/api/ApkVariantOutputImpl_DecoratedCustomizer> (0x00000000e081d390) thrown at [C:\src\AOSP-openjdk-git\hotspot\src\share\vm\classfile\systemDictionary.cpp, line 210]

Events (10 events):
Event: 41.936 loading class org/gradle/internal/taskgraph/CalculateTaskGraphBuildOperationType$Details done
Event: 41.937 loading class org/gradle/execution/DefaultBuildConfigurationActionExecuter$1
Event: 41.937 loading class org/gradle/execution/DefaultBuildConfigurationActionExecuter$1 done
Event: 41.938 loading class org/gradle/execution/DefaultBuildConfigurationActionExecuter$2
Event: 41.938 loading class org/gradle/execution/DefaultBuildConfigurationActionExecuter$2 done
Event: 41.942 loading class org/gradle/util/NameMatcher
Event: 41.942 loading class org/gradle/util/NameMatcher done
Event: 41.945 loading class org/gradle/execution/taskpath/ResolvedTaskPath
Event: 41.945 loading class org/gradle/execution/taskpath/ResolvedTaskPath done
Event: 41.946 Executing VM operation: CollectForMetadataAllocation


Dynamic libraries:
0x000000013f750000 - 0x000000013f781000 	C:\Program Files\Android\Android Studio1\jre\bin\java.exe
0x0000000077b60000 - 0x0000000077d09000 	C:\Windows\SYSTEM32\ntdll.dll
0x000007fef9970000 - 0x000007fef9982000 	C:\Program Files\AVAST Software\Avast\aswhook.dll
0x0000000077a40000 - 0x0000000077b5f000 	C:\Windows\system32\kernel32.dll
0x000007fefddd0000 - 0x000007fefde3b000 	C:\Windows\system32\KERNELBASE.dll
0x000007feff6a0000 - 0x000007feff77b000 	C:\Windows\system32\ADVAPI32.dll
0x000007feff8a0000 - 0x000007feff93f000 	C:\Windows\system32\msvcrt.dll
0x000007feffcd0000 - 0x000007feffcef000 	C:\Windows\SYSTEM32\sechost.dll
0x000007feff3c0000 - 0x000007feff4ed000 	C:\Windows\system32\RPCRT4.dll
0x0000000077940000 - 0x0000000077a3a000 	C:\Windows\system32\USER32.dll
0x000007feff550000 - 0x000007feff5b7000 	C:\Windows\system32\GDI32.dll
0x000007fefde80000 - 0x000007fefde8e000 	C:\Windows\system32\LPK.dll
0x000007feff5c0000 - 0x000007feff689000 	C:\Windows\system32\USP10.dll
0x000007fefc720000 - 0x000007fefc914000 	C:\Windows\WinSxS\amd64_microsoft.windows.common-controls_6595b64144ccf1df_6.0.7601.17514_none_fa396087175ac9ac\COMCTL32.dll
0x000007feff780000 - 0x000007feff7f1000 	C:\Windows\system32\SHLWAPI.dll
0x000007fefde90000 - 0x000007fefdebe000 	C:\Windows\system32\IMM32.DLL
0x000007feffcf0000 - 0x000007feffdf9000 	C:\Windows\system32\MSCTF.dll
0x0000000074f40000 - 0x0000000075012000 	C:\Program Files\Android\Android Studio1\jre\jre\bin\msvcr100.dll
0x0000000067e50000 - 0x000000006869b000 	C:\Program Files\Android\Android Studio1\jre\jre\bin\server\jvm.dll
0x000007fefad40000 - 0x000007fefad49000 	C:\Windows\system32\WSOCK32.dll
0x000007feffe00000 - 0x000007feffe4d000 	C:\Windows\system32\WS2_32.dll
0x000007feff690000 - 0x000007feff698000 	C:\Windows\system32\NSI.dll
0x000007fef44b0000 - 0x000007fef44eb000 	C:\Windows\system32\WINMM.dll
0x000007fefcc10000 - 0x000007fefcc1c000 	C:\Windows\system32\VERSION.dll
0x0000000077d20000 - 0x0000000077d27000 	C:\Windows\system32\PSAPI.DLL
0x000007fef9d40000 - 0x000007fef9d4f000 	C:\Program Files\Android\Android Studio1\jre\jre\bin\verify.dll
0x000007fef9be0000 - 0x000007fef9c09000 	C:\Program Files\Android\Android Studio1\jre\jre\bin\java.dll
0x000007fef9bc0000 - 0x000007fef9bd6000 	C:\Program Files\Android\Android Studio1\jre\jre\bin\zip.dll
0x000007fefdec0000 - 0x000007fefec48000 	C:\Windows\system32\SHELL32.dll
0x000007feffac0000 - 0x000007feffcc3000 	C:\Windows\system32\ole32.dll
0x000007fefdab0000 - 0x000007fefdabf000 	C:\Windows\system32\profapi.dll
0x000007fef9ba0000 - 0x000007fef9bba000 	C:\Program Files\Android\Android Studio1\jre\jre\bin\net.dll
0x000007fefd2e0000 - 0x000007fefd335000 	C:\Windows\system32\mswsock.dll
0x000007fefd2d0000 - 0x000007fefd2d7000 	C:\Windows\System32\wship6.dll
0x000007fef9b80000 - 0x000007fef9b93000 	C:\Program Files\Android\Android Studio1\jre\jre\bin\nio.dll
0x000007fef39d0000 - 0x000007fef39f7000 	C:\Users\Woozibibi\.gradle\native\f6784746aeab05261644944871eae4fe03e0ef1612fff0a4a95f87b438bc6780\windows-amd64\native-platform.dll
0x000007fef9d20000 - 0x000007fef9d2d000 	C:\Program Files\Android\Android Studio1\jre\jre\bin\management.dll
0x000007fefd340000 - 0x000007fefd357000 	C:\Windows\system32\CRYPTSP.dll
0x000007fefd040000 - 0x000007fefd087000 	C:\Windows\system32\rsaenh.dll
0x000007fefce00000 - 0x000007fefce1e000 	C:\Windows\system32\USERENV.dll
0x000007fefd9e0000 - 0x000007fefd9ef000 	C:\Windows\system32\CRYPTBASE.dll
0x000007fefb4b0000 - 0x000007fefb4d7000 	C:\Windows\system32\IPHLPAPI.DLL
0x000007fefb4a0000 - 0x000007fefb4ab000 	C:\Windows\system32\WINNSI.DLL
0x000007fefb390000 - 0x000007fefb3a1000 	C:\Windows\system32\dhcpcsvc6.DLL
0x000007fefb340000 - 0x000007fefb358000 	C:\Windows\system32\dhcpcsvc.DLL

VM Arguments:
jvm_args: -Xmx1536m -Dfile.encoding=windows-1252 -Duser.country=US -Duser.language=en -Duser.variant 
java_command: org.gradle.launcher.daemon.bootstrap.GradleDaemon 6.5
java_class_path (initial): C:\Users\Woozibibi\.gradle\wrapper\dists\gradle-6.5-all\2oz4ud9k3tuxjg84bbf55q0tn\gradle-6.5\lib\gradle-launcher-6.5.jar
Launcher Type: SUN_STANDARD

Environment Variables:
PATH=C:\Program Files (x86)\Common Files\Oracle\Java\javapath;C:\Users\Woozibibi\AppData\Local\Android\Sdk\tools;C:\Users\Woozibibi\AppData\Local\Android\Sdk\platform-tools;C:\Users\Woozibibi\AppData\Local\Android\Sdk\ndk\20.0.5594570;C:\Windows\System32
USERNAME=Woozibibi
OS=Windows_NT
PROCESSOR_IDENTIFIER=Intel64 Family 6 Model 15 Stepping 2, GenuineIntel



---------------  S Y S T E M  ---------------

OS: Windows 7 , 64 bit Build 7601 (6.1.7601.17514)

CPU:total 2 (initial active 2) (2 cores per cpu, 1 threads per core) family 6 model 15 stepping 2, cmov, cx8, fxsr, mmx, sse, sse2, sse3, ssse3, tsc

Memory: 4k page, physical 3397756k(173844k free), swap 4318548k(4996k free)

vm_info: OpenJDK 64-Bit Server VM (25.242-b01) for windows-amd64 JRE (1.8.0_242-release-1644-b01), built by "builder" with MS VC++ 10.0 (VS2010)

time: Mon Oct 26 01:39:55 2020
timezone: China Standard Time
elapsed time: 42 seconds (0d 0h 0m 42s)

